2024-05-18 11:50:04,221 [INFO] Activator:176 - 


2024-05-18 11:50:04,227 [INFO] Activator:177 - !SESSION log4j initialized
2024-05-18 11:50:11,761 [INFO] LogOutputStream:77 - [STDOUT_REDIRECT] 
2024-05-18 11:50:13,638 [INFO] ApplicationProperties:184 - Using Application install path: C:\ST\STM32CubeIDE_1.15.1\STM32CubeIDE\plugins\com.st.stm32cube.common.mx_6.11.1.202404110753
2024-05-18 11:50:13,663 [INFO] DbMcusXml:78 - Set database path to: C:\ST\STM32CubeIDE_1.15.1\STM32CubeIDE\plugins\com.st.stm32cube.common.mx_6.11.1.202404110753\\db\/mcu/
2024-05-18 11:50:13,663 [INFO] ApiDb:274 - Set plugin database path to: C:\ST\STM32CubeIDE_1.15.1\STM32CubeIDE\plugins\com.st.stm32cube.common.mx_6.11.1.202404110753\\db\/plugins/boardmanager/
2024-05-18 11:50:13,680 [WARN] ApiDb:259 - Overriding images path with different value:  => C:\ST\STM32CubeIDE_1.15.1\STM32CubeIDE\plugins\com.st.stm32cube.common.mx_6.11.1.202404110753\\db\/plugins/mcufinder/images/
2024-05-18 11:50:13,702 [INFO] ApiDb:250 - Set database path to: C:\Users\Momen El Sayed\.stmcufinder\plugins\mcufinder//mcu/
2024-05-18 11:50:13,703 [INFO] DbMcusAds:125 - Set database path to: C:\Users\Momen El Sayed\.stmcufinder\plugins\mcufinder//mcu/
2024-05-18 11:50:13,706 [INFO] CrossReferenceDbSqlite:203 - Set database path to: C:\Users\Momen El Sayed\.stmcufinder\plugins\mcufinder//mcu/cs/
2024-05-18 11:50:13,862 [INFO] RulesReader:64 - Compatibility file has been processed (297 Rules)
2024-05-18 11:50:13,997 [INFO] DbMcusXml:78 - Set database path to: C:\ST\STM32CubeIDE_1.15.1\STM32CubeIDE\plugins\com.st.stm32cube.common.mx_6.11.1.202404110753\\db\/mcu/
2024-05-18 11:50:13,998 [INFO] ApiDb:274 - Set plugin database path to: C:\ST\STM32CubeIDE_1.15.1\STM32CubeIDE\plugins\com.st.stm32cube.common.mx_6.11.1.202404110753\\db\/plugins/boardmanager/
2024-05-18 11:50:13,998 [INFO] ApiDb:261 - Set plugin images path to: C:\ST\STM32CubeIDE_1.15.1\STM32CubeIDE\plugins\com.st.stm32cube.common.mx_6.11.1.202404110753\\db\/plugins/mcufinder/images/
2024-05-18 11:50:13,999 [WARN] DbFile:41 - Overriding database path with different value: C:\Users\Momen El Sayed\.stmcufinder\plugins\mcufinder/ => C:\Users\Momen El Sayed\.stmcufinder\plugins\mcufinder
2024-05-18 11:50:13,999 [INFO] ApiDb:250 - Set database path to: C:\Users\Momen El Sayed\.stmcufinder\plugins\mcufinder//mcu/
2024-05-18 11:50:13,999 [WARN] DbFile:41 - Overriding database path with different value: C:\Users\Momen El Sayed\.stmcufinder\plugins\mcufinder/ => C:\Users\Momen El Sayed\.stmcufinder\plugins\mcufinder
2024-05-18 11:50:13,999 [INFO] DbMcusAds:125 - Set database path to: C:\Users\Momen El Sayed\.stmcufinder\plugins\mcufinder//mcu/
2024-05-18 11:50:13,999 [WARN] DbFile:41 - Overriding database path with different value: C:\Users\Momen El Sayed\.stmcufinder\plugins\mcufinder/ => C:\Users\Momen El Sayed\.stmcufinder\plugins\mcufinder
2024-05-18 11:50:13,999 [WARN] DbFile:41 - Overriding database path with different value: C:\Users\Momen El Sayed\.stmcufinder\plugins\mcufinder/ => C:\Users\Momen El Sayed\.stmcufinder\plugins\mcufinder
2024-05-18 11:50:14,000 [INFO] CrossReferenceDbSqlite:203 - Set database path to: C:\Users\Momen El Sayed\.stmcufinder\plugins\mcufinder//mcu/cs/
2024-05-18 11:50:14,090 [INFO] MainPanel:264 - HeapMemory: 268435456
2024-05-18 11:50:14,196 [INFO] DbMcusXml:78 - Set database path to: C:\ST\STM32CubeIDE_1.15.1\STM32CubeIDE\plugins\com.st.stm32cube.common.mx_6.11.1.202404110753\\db\/mcu/
2024-05-18 11:50:14,196 [INFO] ApiDb:274 - Set plugin database path to: C:\ST\STM32CubeIDE_1.15.1\STM32CubeIDE\plugins\com.st.stm32cube.common.mx_6.11.1.202404110753\\db\/plugins/boardmanager/
2024-05-18 11:50:14,197 [INFO] ApiDb:261 - Set plugin images path to: C:\ST\STM32CubeIDE_1.15.1\STM32CubeIDE\plugins\com.st.stm32cube.common.mx_6.11.1.202404110753\\db\/plugins/mcufinder/images/
2024-05-18 11:50:14,197 [WARN] DbFile:41 - Overriding database path with different value: C:\Users\Momen El Sayed\.stmcufinder\plugins\mcufinder/ => C:\Users\Momen El Sayed\.stmcufinder\plugins\mcufinder
2024-05-18 11:50:14,197 [INFO] ApiDb:250 - Set database path to: C:\Users\Momen El Sayed\.stmcufinder\plugins\mcufinder//mcu/
2024-05-18 11:50:14,197 [WARN] DbFile:41 - Overriding database path with different value: C:\Users\Momen El Sayed\.stmcufinder\plugins\mcufinder/ => C:\Users\Momen El Sayed\.stmcufinder\plugins\mcufinder
2024-05-18 11:50:14,197 [INFO] DbMcusAds:125 - Set database path to: C:\Users\Momen El Sayed\.stmcufinder\plugins\mcufinder//mcu/
2024-05-18 11:50:14,197 [WARN] DbFile:41 - Overriding database path with different value: C:\Users\Momen El Sayed\.stmcufinder\plugins\mcufinder/ => C:\Users\Momen El Sayed\.stmcufinder\plugins\mcufinder
2024-05-18 11:50:14,197 [WARN] DbFile:41 - Overriding database path with different value: C:\Users\Momen El Sayed\.stmcufinder\plugins\mcufinder/ => C:\Users\Momen El Sayed\.stmcufinder\plugins\mcufinder
2024-05-18 11:50:14,197 [INFO] CrossReferenceDbSqlite:203 - Set database path to: C:\Users\Momen El Sayed\.stmcufinder\plugins\mcufinder//mcu/cs/
2024-05-18 11:50:14,216 [INFO] ApplicationProperties:184 - Using Application install path: C:\ST\STM32CubeIDE_1.15.1\STM32CubeIDE\plugins\com.st.stm32cube.common.mx_6.11.1.202404110753
2024-05-18 11:50:14,218 [INFO] PluginManage:196 - Search for loadable plugins [exclusion list=, ]
2024-05-18 11:50:14,220 [INFO] PluginManage:310 - Check plugin analytics
2024-05-18 11:50:14,454 [INFO] AnalyticsPlugin:253 - Accepted Software Licenses: 
2024-05-18 11:50:14,454 [INFO] AnalyticsPlugin:255 - Accepted CMSIS Pack Licenses: 
2024-05-18 11:50:14,454 [INFO] AnalyticsPlugin:257 - Accepted Firmware Licenses: FW.F4.1.28.0
2024-05-18 11:50:14,459 [INFO] PluginManage:359 - Loaded plugin analytics (category:tool,tabindex:-1)
2024-05-18 11:50:14,460 [INFO] PluginManage:310 - Check plugin cadmodel
2024-05-18 11:50:14,479 [INFO] CADModel:105 - Init CAD model plugin
2024-05-18 11:50:14,479 [INFO] PluginManage:359 - Loaded plugin cadmodel (category:power,tabindex:5)
2024-05-18 11:50:14,480 [INFO] PluginManage:310 - Check plugin clock
2024-05-18 11:50:14,506 [INFO] PluginManage:359 - Loaded plugin clock (category:base,tabindex:2)
2024-05-18 11:50:14,506 [INFO] PluginManage:310 - Check plugin ddr
2024-05-18 11:50:14,511 [INFO] PluginManage:359 - Loaded plugin ddr (category:tool,tabindex:6)
2024-05-18 11:50:14,511 [INFO] PluginManage:310 - Check plugin filemanager
2024-05-18 11:50:14,658 [INFO] PluginManage:359 - Loaded plugin filemanager (category:base,tabindex:10)
2024-05-18 11:50:14,658 [INFO] PluginManage:310 - Check plugin ipmanager
2024-05-18 11:50:14,665 [INFO] PluginManage:359 - Loaded plugin ipmanager (category:base,tabindex:5)
2024-05-18 11:50:14,665 [INFO] PluginManage:310 - Check plugin lpbam
2024-05-18 11:50:14,681 [INFO] PluginManage:359 - Loaded plugin lpbam (category:base,tabindex:0)
2024-05-18 11:50:14,682 [INFO] PluginManage:310 - Check plugin memorymap
2024-05-18 11:50:14,705 [INFO] PluginManage:359 - Loaded plugin memorymap (category:base,tabindex:4)
2024-05-18 11:50:14,705 [INFO] PluginManage:310 - Check plugin pinoutandconfiguration
2024-05-18 11:50:14,721 [INFO] PluginManage:359 - Loaded plugin pinoutandconfiguration (category:base,tabindex:1)
2024-05-18 11:50:14,721 [INFO] PluginManage:310 - Check plugin pinoutconfig
2024-05-18 11:50:14,838 [WARN] SupportedApi:132 - Cannot load RTOS API schema: s4s-elt-must-match.1: The content of 'definitions' must match (annotation?, (simpleType | complexType)?, (unique | key | keyref)*)). A problem was found starting at: attribute.
2024-05-18 11:50:14,989 [INFO] PluginManage:359 - Loaded plugin pinoutconfig (category:base,tabindex:0)
2024-05-18 11:50:14,989 [INFO] PluginManage:310 - Check plugin power
2024-05-18 11:50:15,010 [INFO] PluginManage:359 - Loaded plugin power (category:power,tabindex:4)
2024-05-18 11:50:15,010 [INFO] PluginManage:310 - Check plugin projectmanager
2024-05-18 11:50:15,032 [INFO] PluginManage:359 - Loaded plugin projectmanager (category:projectmanager,tabindex:3)
2024-05-18 11:50:15,032 [INFO] PluginManage:310 - Check plugin thirdparty
2024-05-18 11:50:15,326 [INFO] PluginManage:359 - Loaded plugin thirdparty (category:base,tabindex:-1)
2024-05-18 11:50:15,326 [WARN] IntegrityCheckThread:84 - waiting for thirdparty lock release [integrity check]
2024-05-18 11:50:15,326 [INFO] PluginManage:310 - Check plugin tools
2024-05-18 11:50:15,326 [INFO] IntegrityCheckThread:86 - entering critical section [integrity check]
2024-05-18 11:50:15,327 [INFO] ThirdPartyUpdaterWithRetryManager:70 - Updater plugin not ready yet. [1/15]
2024-05-18 11:50:15,359 [INFO] PluginManage:359 - Loaded plugin tools (category:base,tabindex:7)
2024-05-18 11:50:15,359 [INFO] PluginManage:310 - Check plugin tutovideos
2024-05-18 11:50:15,569 [INFO] PluginManage:359 - Loaded plugin tutovideos (category:base,tabindex:-1)
2024-05-18 11:50:15,569 [INFO] PluginManage:310 - Check plugin updater
2024-05-18 11:50:15,583 [INFO] PluginManage:359 - Loaded plugin updater (category:base,tabindex:12)
2024-05-18 11:50:15,584 [INFO] PluginManage:310 - Check plugin userauth
2024-05-18 11:50:15,590 [INFO] UserAuth:114 - Init User Auth plugin
2024-05-18 11:50:15,590 [INFO] PluginManage:359 - Loaded plugin userauth (category:base,tabindex:14)
2024-05-18 11:50:15,590 [INFO] PluginManage:283 - PluginManage : Loaded plugins [17]
2024-05-18 11:50:15,848 [INFO] PinOutPanel:1561 - setPackage(No Configuration,No Configuration)
2024-05-18 11:50:15,923 [INFO] CADModel:165 - CPN selected for project level
2024-05-18 11:50:15,923 [INFO] CADModel:114 - Register for checkConnection events
2024-05-18 11:50:15,948 [INFO] IPUIPlugin:80 - create IPUIPlugin
2024-05-18 11:50:15,949 [INFO] PluginManager:220 - loadIPPluginJar : add adc
2024-05-18 11:50:15,983 [INFO] IPUIPlugin:80 - create IPUIPlugin
2024-05-18 11:50:15,983 [INFO] PluginManager:220 - loadIPPluginJar : add aes
2024-05-18 11:50:16,023 [INFO] IPUIPlugin:80 - create IPUIPlugin
2024-05-18 11:50:16,023 [INFO] PluginManager:220 - loadIPPluginJar : add can
2024-05-18 11:50:16,046 [INFO] IPUIPlugin:80 - create IPUIPlugin
2024-05-18 11:50:16,047 [INFO] PluginManager:220 - loadIPPluginJar : add comp
2024-05-18 11:50:16,080 [INFO] IPUIPlugin:80 - create IPUIPlugin
2024-05-18 11:50:16,080 [INFO] PluginManager:220 - loadIPPluginJar : add cryp
2024-05-18 11:50:16,109 [INFO] IPUIPlugin:80 - create IPUIPlugin
2024-05-18 11:50:16,109 [INFO] PluginManager:220 - loadIPPluginJar : add dfsdm
2024-05-18 11:50:16,123 [INFO] IPUIPlugin:80 - create IPUIPlugin
2024-05-18 11:50:16,124 [INFO] PluginManager:220 - loadIPPluginJar : add dma
2024-05-18 11:50:16,168 [INFO] IPUIPlugin:80 - create IPUIPlugin
2024-05-18 11:50:16,169 [INFO] PluginManager:220 - loadIPPluginJar : add dma3
2024-05-18 11:50:16,217 [INFO] IPUIPlugin:80 - create IPUIPlugin
2024-05-18 11:50:16,217 [INFO] PluginManager:220 - loadIPPluginJar : add extmemmanager
2024-05-18 11:50:16,237 [INFO] IPUIPlugin:80 - create IPUIPlugin
2024-05-18 11:50:16,237 [INFO] PluginManager:220 - loadIPPluginJar : add fatfs
2024-05-18 11:50:16,286 [INFO] IPUIPlugin:80 - create IPUIPlugin
2024-05-18 11:50:16,286 [INFO] PluginManager:220 - loadIPPluginJar : add fmc
2024-05-18 11:50:16,303 [INFO] IPUIPlugin:80 - create IPUIPlugin
2024-05-18 11:50:16,304 [INFO] PluginManager:220 - loadIPPluginJar : add freertos
2024-05-18 11:50:16,326 [INFO] IPUIPlugin:80 - create IPUIPlugin
2024-05-18 11:50:16,326 [INFO] PluginManager:220 - loadIPPluginJar : add genericplugin
2024-05-18 11:50:16,422 [INFO] IPUIPlugin:80 - create IPUIPlugin
2024-05-18 11:50:16,422 [INFO] PluginManager:220 - loadIPPluginJar : add gfxmmu
2024-05-18 11:50:16,581 [INFO] IPUIPlugin:80 - create IPUIPlugin
2024-05-18 11:50:16,581 [INFO] PluginManager:220 - loadIPPluginJar : add gic
2024-05-18 11:50:16,594 [INFO] IPUIPlugin:80 - create IPUIPlugin
2024-05-18 11:50:16,594 [INFO] PluginManager:220 - loadIPPluginJar : add gpio
2024-05-18 11:50:16,687 [INFO] IPUIPlugin:80 - create IPUIPlugin
2024-05-18 11:50:16,687 [INFO] PluginManager:220 - loadIPPluginJar : add gtzc
2024-05-18 11:50:16,721 [INFO] IPUIPlugin:80 - create IPUIPlugin
2024-05-18 11:50:16,721 [INFO] PluginManager:220 - loadIPPluginJar : add hash
2024-05-18 11:50:16,776 [INFO] IPUIPlugin:80 - create IPUIPlugin
2024-05-18 11:50:16,776 [INFO] PluginManager:220 - loadIPPluginJar : add i2c
2024-05-18 11:50:16,815 [INFO] IPUIPlugin:80 - create IPUIPlugin
2024-05-18 11:50:16,815 [INFO] PluginManager:220 - loadIPPluginJar : add i2s
2024-05-18 11:50:16,860 [INFO] IPUIPlugin:80 - create IPUIPlugin
2024-05-18 11:50:16,860 [INFO] PluginManager:220 - loadIPPluginJar : add i3c
2024-05-18 11:50:16,972 [INFO] IPUIPlugin:80 - create IPUIPlugin
2024-05-18 11:50:16,972 [INFO] PluginManager:220 - loadIPPluginJar : add ipddr
2024-05-18 11:50:17,077 [INFO] IPUIPlugin:80 - create IPUIPlugin
2024-05-18 11:50:17,077 [INFO] PluginManager:220 - loadIPPluginJar : add linkedlist
2024-05-18 11:50:17,119 [INFO] IPUIPlugin:80 - create IPUIPlugin
2024-05-18 11:50:17,119 [INFO] PluginManager:220 - loadIPPluginJar : add lorawan
2024-05-18 11:50:17,156 [INFO] IPUIPlugin:80 - create IPUIPlugin
2024-05-18 11:50:17,157 [INFO] PluginManager:220 - loadIPPluginJar : add ltdc
2024-05-18 11:50:17,169 [INFO] IPUIPlugin:80 - create IPUIPlugin
2024-05-18 11:50:17,169 [INFO] PluginManager:220 - loadIPPluginJar : add mdma
2024-05-18 11:50:17,181 [INFO] IPUIPlugin:80 - create IPUIPlugin
2024-05-18 11:50:17,181 [INFO] PluginManager:220 - loadIPPluginJar : add nvic
2024-05-18 11:50:17,217 [INFO] IPUIPlugin:80 - create IPUIPlugin
2024-05-18 11:50:17,217 [INFO] PluginManager:220 - loadIPPluginJar : add opamp
2024-05-18 11:50:17,280 [INFO] IPUIPlugin:80 - create IPUIPlugin
2024-05-18 11:50:17,280 [INFO] PluginManager:220 - loadIPPluginJar : add openamp
2024-05-18 11:50:17,327 [INFO] IPUIPlugin:80 - create IPUIPlugin
2024-05-18 11:50:17,327 [INFO] PluginManager:220 - loadIPPluginJar : add pdm2pcm
2024-05-18 11:50:17,343 [INFO] IPUIPlugin:80 - create IPUIPlugin
2024-05-18 11:50:17,345 [INFO] PluginManager:220 - loadIPPluginJar : add plateformsettings
2024-05-18 11:50:17,369 [INFO] IPUIPlugin:80 - create IPUIPlugin
2024-05-18 11:50:17,369 [INFO] PluginManager:220 - loadIPPluginJar : add quadspi
2024-05-18 11:50:17,381 [INFO] IPUIPlugin:80 - create IPUIPlugin
2024-05-18 11:50:17,381 [INFO] PluginManager:220 - loadIPPluginJar : add resmgrutility
2024-05-18 11:50:17,436 [INFO] IPUIPlugin:80 - create IPUIPlugin
2024-05-18 11:50:17,436 [INFO] PluginManager:220 - loadIPPluginJar : add sai
2024-05-18 11:50:17,479 [INFO] IPUIPlugin:80 - create IPUIPlugin
2024-05-18 11:50:17,479 [INFO] PluginManager:220 - loadIPPluginJar : add spi
2024-05-18 11:50:17,558 [INFO] IPUIPlugin:80 - create IPUIPlugin
2024-05-18 11:50:17,558 [INFO] PluginManager:220 - loadIPPluginJar : add stm32_wpan
2024-05-18 11:50:17,584 [INFO] IPUIPlugin:80 - create IPUIPlugin
2024-05-18 11:50:17,584 [INFO] PluginManager:220 - loadIPPluginJar : add tim
2024-05-18 11:50:17,654 [INFO] IPUIPlugin:80 - create IPUIPlugin
2024-05-18 11:50:17,655 [INFO] PluginManager:220 - loadIPPluginJar : add touchsensing
2024-05-18 11:50:17,680 [INFO] IPUIPlugin:80 - create IPUIPlugin
2024-05-18 11:50:17,680 [INFO] PluginManager:220 - loadIPPluginJar : add tracer_emb
2024-05-18 11:50:17,705 [INFO] IPUIPlugin:80 - create IPUIPlugin
2024-05-18 11:50:17,705 [INFO] PluginManager:220 - loadIPPluginJar : add ts
2024-05-18 11:50:17,734 [INFO] IPUIPlugin:80 - create IPUIPlugin
2024-05-18 11:50:17,734 [INFO] PluginManager:220 - loadIPPluginJar : add tsc
2024-05-18 11:50:17,757 [INFO] IPUIPlugin:80 - create IPUIPlugin
2024-05-18 11:50:17,759 [INFO] PluginManager:220 - loadIPPluginJar : add ucpd
2024-05-18 11:50:17,810 [INFO] IPUIPlugin:80 - create IPUIPlugin
2024-05-18 11:50:17,811 [INFO] PluginManager:220 - loadIPPluginJar : add usart
2024-05-18 11:50:17,868 [INFO] IPUIPlugin:80 - create IPUIPlugin
2024-05-18 11:50:17,868 [INFO] PluginManager:220 - loadIPPluginJar : add usbx
2024-05-18 11:50:18,011 [INFO] CADModel:165 - CPN selected for project level
2024-05-18 11:50:18,011 [INFO] CADModel:114 - Register for checkConnection events
2024-05-18 11:50:18,011 [FATAL] Updater:308 - Updater called before beeing initialized
2024-05-18 11:50:18,012 [ERROR] CADModel:125 - Updater not yet initialized, retry later 
2024-05-18 11:50:18,145 [INFO] CADModel:165 - CPN selected for project level
2024-05-18 11:50:18,145 [INFO] CADModel:114 - Register for checkConnection events
2024-05-18 11:50:18,145 [FATAL] Updater:308 - Updater called before beeing initialized
2024-05-18 11:50:18,145 [ERROR] CADModel:125 - Updater not yet initialized, retry later 
2024-05-18 11:50:18,149 [FATAL] Updater:308 - Updater called before beeing initialized
2024-05-18 11:50:18,283 [FATAL] Updater:308 - Updater called before beeing initialized
2024-05-18 11:50:18,296 [INFO] DbMcusAds:53 - JSON generation date=Thu May 02 11:37:29 EEST 2024 (1714639049318)
2024-05-18 11:50:18,296 [FATAL] Updater:308 - Updater called before beeing initialized
2024-05-18 11:50:18,337 [INFO] ThirdPartyUpdaterWithRetryManager:70 - Updater plugin not ready yet. [2/15]
2024-05-18 11:50:18,414 [WARN] DetailPanel:346 - Failed to get advertising image, set to default
2024-05-18 11:50:18,568 [FATAL] Updater:308 - Updater called before beeing initialized
2024-05-18 11:50:18,570 [FATAL] Updater:308 - Updater called before beeing initialized
2024-05-18 11:50:18,570 [FATAL] Updater:308 - Updater called before beeing initialized
2024-05-18 11:50:18,571 [WARN] DetailPanel:346 - Failed to get advertising image, set to default
2024-05-18 11:50:18,571 [FATAL] Updater:308 - Updater called before beeing initialized
2024-05-18 11:50:18,678 [ERROR] Updater:1120 - MainUpdater not yet initialized. External WinMGr cannot be set.
2024-05-18 11:50:18,693 [INFO] Updater:1056 - Updater Version found : 6.11.1
2024-05-18 11:50:18,719 [INFO] ApplicationProperties:184 - Using Application install path: C:\ST\STM32CubeIDE_1.15.1\STM32CubeIDE\plugins\com.st.stm32cube.common.mx_6.11.1.202404110753
2024-05-18 11:50:20,346 [ERROR] LogOutputStream:75 - [STDERR_REDIRECT] May 18, 2024 11:50:20 AM java.util.prefs.WindowsPreferences <init>
2024-05-18 11:50:20,349 [ERROR] LogOutputStream:75 - [STDERR_REDIRECT] WARNING: Could not open/create prefs root node Software\JavaSoft\Prefs at root 0xffffffff80000002. Windows RegCreateKeyEx(...) returned error code 5.
2024-05-18 11:50:20,349 [ERROR] LogOutputStream:75 - [STDERR_REDIRECT] 
2024-05-18 11:50:20,828 [INFO] MainUpdater:2873 - connection check result : 10
2024-05-18 11:50:20,828 [INFO] MainUpdater:290 - Updater Check For Update Now.
2024-05-18 11:50:20,829 [INFO] MicroXplorer:498 - Change Database Version : DB.6.0.111
2024-05-18 11:50:20,849 [INFO] McuFinderGlobals:63 - Set McuFinder mode to 2 (CubeIDE integrated)
2024-05-18 11:50:20,850 [INFO] UserAuth:179 - activating auth plugin
2024-05-18 11:50:20,853 [INFO] UserAuth:415 - Internet connection configuration mode: 1
2024-05-18 11:50:20,896 [INFO] JxBrowserEngine:152 - Initiate JxBrowser Engine with user profile folder
2024-05-18 11:50:21,041 [INFO] CheckServerUpdateThread:120 - End of CheckServer Thread
2024-05-18 11:50:21,549 [WARN] PackLoader:240 - Cannot read IP mode file for STMicroelectronics.FP-SNS-MOTENVWB1.1.4.0
2024-05-18 11:50:21,569 [WARN] PackLoader:240 - Cannot read IP mode file for STMicroelectronics.X-CUBE-SMBUS.2.1.0
2024-05-18 11:50:21,587 [WARN] PackLoader:240 - Cannot read IP mode file for STMicroelectronics.X-CUBE-TOUCHGFX.4.23.2
2024-05-18 11:50:21,642 [WARN] PackLoader:240 - Cannot read IP mode file for STMicroelectronics.X-CUBE-AZRTOS-F7.1.1.0
2024-05-18 11:50:21,663 [WARN] PackLoader:240 - Cannot read IP mode file for STMicroelectronics.FP-SNS-FLIGHT1.5.0.2
2024-05-18 11:50:21,688 [WARN] PackLoader:240 - Cannot read IP mode file for STMicroelectronics.X-CUBE-DISPLAY.3.0.0
2024-05-18 11:50:21,711 [WARN] PackLoader:240 - Cannot read IP mode file for STMicroelectronics.X-CUBE-BLE1.7.0.0
2024-05-18 11:50:21,728 [WARN] PackLoader:240 - Cannot read IP mode file for emotas.I-CUBE-CANOPEN.1.3.0
2024-05-18 11:50:21,748 [WARN] PackLoader:240 - Cannot read IP mode file for STMicroelectronics.X-CUBE-BLEMGR.3.1.0
2024-05-18 11:50:21,766 [WARN] PackLoader:240 - Cannot read IP mode file for STMicroelectronics.FP-SNS-SMARTAG2.1.2.0
2024-05-18 11:50:21,788 [INFO] LogOutputStream:77 - [STDOUT_REDIRECT] 1 : Invalid condition id : UX_CORESTACK_Condition cause : null
2024-05-18 11:50:21,789 [INFO] LogOutputStream:77 - [STDOUT_REDIRECT] 1 : Invalid condition id : UX_CORESTACK_Condition cause : null
2024-05-18 11:50:21,790 [INFO] LogOutputStream:77 - [STDOUT_REDIRECT] 1 : Invalid condition id : UX_CORESTACK_Condition cause : null
2024-05-18 11:50:21,792 [INFO] LogOutputStream:77 - [STDOUT_REDIRECT] 1 : Invalid condition id : UX_CORESTACK_Condition cause : null
2024-05-18 11:50:21,793 [INFO] LogOutputStream:77 - [STDOUT_REDIRECT] 1 : Invalid condition id : UX_CORESTACK_Condition cause : null
2024-05-18 11:50:21,796 [WARN] PackLoader:240 - Cannot read IP mode file for STMicroelectronics.X-CUBE-AZRTOS-WL.2.0.0
2024-05-18 11:50:21,813 [WARN] PackLoader:240 - Cannot read IP mode file for STMicroelectronics.FP-SNS-MOTENV1.5.0.0
2024-05-18 11:50:21,833 [WARN] PackLoader:240 - Cannot read IP mode file for WES.I-CUBE-Cesium.1.3.0
2024-05-18 11:50:21,848 [WARN] PackLoader:240 - Cannot read IP mode file for STMicroelectronics.X-CUBE-BLE2.3.3.0
2024-05-18 11:50:21,862 [WARN] PackLoader:240 - Cannot read IP mode file for STMicroelectronics.X-CUBE-TCPP.4.1.0
2024-05-18 11:50:21,893 [WARN] PackLoader:240 - Cannot read IP mode file for STMicroelectronics.X-CUBE-AZRTOS-G0.1.1.0
2024-05-18 11:50:21,909 [WARN] PackLoader:240 - Cannot read IP mode file for STMicroelectronics.X-CUBE-SAFEA1.1.2.2
2024-05-18 11:50:21,924 [WARN] PackLoader:240 - Cannot read IP mode file for STMicroelectronics.X-CUBE-NFC4.3.0.0
2024-05-18 11:50:21,936 [WARN] PackLoader:240 - Cannot read IP mode file for wolfSSL.I-CUBE-wolfSSL.5.7.0
2024-05-18 11:50:21,948 [WARN] PackLoader:240 - Cannot read IP mode file for STMicroelectronics.FP-ATR-SIGFOX1.3.2.0
2024-05-18 11:50:21,961 [WARN] PackLoader:240 - Cannot read IP mode file for STMicroelectronics.X-CUBE-EEPRMA1.5.1.0
2024-05-18 11:50:21,978 [WARN] PackLoader:240 - Cannot read IP mode file for ITTIA_DB.I-CUBE-ITTIADB.8.9.0
2024-05-18 11:50:22,031 [WARN] PackLoader:240 - Cannot read IP mode file for SEGGER.I-CUBE-embOS.1.3.1
2024-05-18 11:50:22,090 [WARN] PackLoader:240 - Cannot read IP mode file for STMicroelectronics.X-CUBE-ALGOBUILD.1.4.0
2024-05-18 11:50:22,112 [WARN] PackLoader:240 - Cannot read IP mode file for STMicroelectronics.X-CUBE-GNSS1.6.0.0
2024-05-18 11:50:22,151 [WARN] PackLoader:240 - Cannot read IP mode file for STMicroelectronics.X-CUBE-AZRTOS-F4.1.1.0
2024-05-18 11:50:22,174 [WARN] PackLoader:240 - Cannot read IP mode file for STMicroelectronics.X-CUBE-FREERTOS.1.2.0
2024-05-18 11:50:22,208 [WARN] PackLoader:240 - Cannot read IP mode file for STMicroelectronics.X-CUBE-AZRTOS-L5.2.0.0
2024-05-18 11:50:22,231 [WARN] PackLoader:240 - Cannot read IP mode file for STMicroelectronics.X-CUBE-NFC6.3.1.0
2024-05-18 11:50:22,248 [WARN] PackLoader:240 - Cannot read IP mode file for STMicroelectronics.X-CUBE-AI.9.0.0
2024-05-18 11:50:22,278 [WARN] PackLoader:240 - Cannot read IP mode file for STMicroelectronics.X-CUBE-NFC7.1.0.1
2024-05-18 11:50:22,316 [WARN] ConditionMgr:438 - getConditionDescription Invalid condition id : LAN8742 Phy interface Condition cause : null
2024-05-18 11:50:22,317 [WARN] PackLoader:240 - Cannot read IP mode file for STMicroelectronics.X-CUBE-AZRTOS-L4.2.0.0
2024-05-18 11:50:22,318 [WARN] ConditionMgr:1039 - genDependencies : Invalid condition id : LAN8742 Phy interface Condition cause : null
2024-05-18 11:50:22,318 [WARN] ConditionMgr:1039 - genDependencies : Invalid condition id : LAN8742 Phy interface Condition cause : null
2024-05-18 11:50:22,319 [WARN] ConditionMgr:1039 - genDependencies : Invalid condition id : LAN8742 Phy interface Condition cause : null
2024-05-18 11:50:22,336 [WARN] PackLoader:240 - Cannot read IP mode file for STMicroelectronics.X-CUBE-SFXS2LP1.4.0.0
2024-05-18 11:50:22,361 [WARN] ConditionMgr:438 - getConditionDescription Invalid condition id : UX DEVICE CLASS RTOS Condition cause : null
2024-05-18 11:50:22,362 [WARN] ConditionMgr:438 - getConditionDescription Invalid condition id : UX DEVICE CLASS RTOS Condition cause : null
2024-05-18 11:50:22,364 [WARN] PackLoader:240 - Cannot read IP mode file for STMicroelectronics.X-CUBE-AZRTOS-WB.2.0.0
2024-05-18 11:50:22,364 [WARN] ConditionMgr:1039 - genDependencies : Invalid condition id : UX DEVICE CLASS RTOS Condition cause : null
2024-05-18 11:50:22,364 [WARN] ConditionMgr:1039 - genDependencies : Invalid condition id : UX DEVICE CLASS RTOS Condition cause : null
2024-05-18 11:50:22,365 [WARN] ConditionMgr:1039 - genDependencies : Invalid condition id : UX DEVICE CLASS RTOS Condition cause : null
2024-05-18 11:50:22,365 [WARN] ConditionMgr:1039 - genDependencies : Invalid condition id : UX DEVICE CLASS RTOS Condition cause : null
2024-05-18 11:50:22,365 [WARN] ConditionMgr:1039 - genDependencies : Invalid condition id : UX DEVICE CLASS RTOS Condition cause : null
2024-05-18 11:50:22,384 [WARN] PackLoader:240 - Cannot read IP mode file for STMicroelectronics.X-CUBE-SUBG2.5.0.0
2024-05-18 11:50:22,399 [WARN] PackLoader:240 - Cannot read IP mode file for Cesanta.I-CUBE-Mongoose.7.13.0
2024-05-18 11:50:22,423 [WARN] PackLoader:240 - Cannot read IP mode file for STMicroelectronics.X-CUBE-AZRTOS-G4.2.0.0
2024-05-18 11:50:22,437 [WARN] PackLoader:240 - Cannot read IP mode file for STMicroelectronics.X-CUBE-ISPU.2.0.0
2024-05-18 11:50:22,486 [WARN] PackLoader:240 - Cannot read IP mode file for STMicroelectronics.X-CUBE-MEMS1.10.0.0
2024-05-18 11:50:22,576 [WARN] PackLoader:240 - Cannot read IP mode file for portGmbH.I-Cube-SoM-uGOAL.1.1.0
2024-05-18 11:50:22,591 [WARN] PackLoader:240 - Cannot read IP mode file for STMicroelectronics.X-CUBE-ALS.1.0.1
2024-05-18 11:50:22,625 [WARN] PackLoader:240 - Cannot read IP mode file for STMicroelectronics.X-CUBE-AZRTOS-H7RS.1.0.0
2024-05-18 11:50:22,642 [WARN] PackLoader:240 - Cannot read IP mode file for STMicroelectronics.FP-ATR-ASTRA1.2.0.0
2024-05-18 11:50:22,687 [WARN] PackLoader:240 - Cannot read IP mode file for STMicroelectronics.X-CUBE-TOF1.3.4.1
2024-05-18 11:50:22,732 [WARN] PackLoader:240 - Cannot read IP mode file for STMicroelectronics.X-CUBE-AZRTOS-H7.3.2.0
2024-05-18 11:50:22,760 [WARN] PackLoader:240 - Cannot read IP mode file for Infineon.AIROC-Wi-Fi-Bluetooth-STM32.1.6.0
2024-05-18 11:50:22,764 [INFO] ThirdParty:978 - Integrity check success = true
2024-05-18 11:50:22,765 [INFO] IntegrityCheckThread:100 - exiting critical section [integrity check]
2024-05-18 11:50:22,765 [INFO] IntegrityCheckThread:103 - End integrity checks thread
2024-05-18 11:50:27,739 [INFO] WebApp:161 - Instantiating new browser for Auth
2024-05-18 11:50:28,560 [INFO] WebApp:779 - Register for checkConnection events
2024-05-18 11:50:28,560 [INFO] WebApp:414 - Apply proxy settings
2024-05-18 11:50:28,560 [INFO] WebApp:499 - Chromium requires no authentication
2024-05-18 11:50:28,568 [INFO] WebApp:442 - Direct internet connection detected
2024-05-18 11:50:28,755 [INFO] WebApp:192 - Starting web application
2024-05-18 11:50:28,755 [INFO] WebApp:544 - Web application path used C:\ST\STM32CubeIDE_1.15.1\STM32CubeIDE\plugins\com.st.stm32cube.common.mx_6.11.1.202404110753\db\plugins\mcufinder\reactClient1\index.html
2024-05-18 12:04:44,452 [INFO] McuFinderGlobals:63 - Set McuFinder mode to 2 (CubeIDE integrated)
2024-05-18 12:04:44,480 [INFO] MainUpdater:2873 - connection check result : 10
2024-05-18 12:04:44,486 [INFO] MainUpdater:2873 - connection check result : 10
2024-05-18 12:04:44,784 [INFO] MicroXplorer:468 - Change Database Path : 
2024-05-18 12:04:44,784 [INFO] MicroXplorer:498 - Change Database Version : DB.6.0.111
2024-05-18 12:04:44,789 [WARN] ThirdParty:871 - waiting for thirdparty lock release [close project]
2024-05-18 12:04:44,789 [INFO] ThirdParty:873 - entering critical section [close project]
2024-05-18 12:04:44,792 [INFO] ThirdParty:883 - exiting critical section [close project]
2024-05-18 12:04:44,795 [INFO] PinOutPanel:1561 - setPackage(No Configuration,No Configuration)
2024-05-18 12:04:44,799 [INFO] UtilMem:75 - Begin LoadConfig() Used Memory: 700242184 Bytes (886046720)
2024-05-18 12:04:44,801 [INFO] MicroXplorer:468 - Change Database Path : 
2024-05-18 12:04:44,802 [INFO] MicroXplorer:498 - Change Database Version : DB.6.0.111
2024-05-18 12:04:44,802 [INFO] OpenFileManager:312 - Change cursor
2024-05-18 12:04:44,857 [INFO] Mcu:2021 - Initializing MCU STM32F401R(B-C)Tx STM32F401RCTx STM32F401RCT6
2024-05-18 12:04:46,551 [INFO] Context:663 - Trying to add GPIOservice into a context  which must be forbidden
2024-05-18 12:04:46,951 [INFO] RtosManager:555 - Registered RTOS mode: class=CMSIS, group=RTOS, mode=CMSIS_V1, owner=FREERTOS
2024-05-18 12:04:46,951 [INFO] RtosManager:555 - Registered RTOS mode: class=CMSIS, group=RTOS2, mode=CMSIS_V2, owner=FREERTOS
2024-05-18 12:04:46,951 [INFO] RtosManager:555 - Registered RTOS mode: class=RTOS, group=Core, mode=CMSIS_V1, owner=FREERTOS
2024-05-18 12:04:46,951 [INFO] RtosManager:555 - Registered RTOS mode: class=RTOS, group=Core, mode=CMSIS_V2, owner=FREERTOS
2024-05-18 12:04:46,952 [WARN] ModelIntegratedComponent:184 - Missing modes for component STMicroelectronics:FreeRTOS:0.0.1:STMicroelectronics:RTOS:FreeRTOS:Core:::10.2.0:
2024-05-18 12:04:46,958 [WARN] ModelIntegratedComponent:182 - Modes not found for component STMicroelectronics:USB_HOST:1.0.0:STMicroelectronics:USB::USB Host:Audio HS::1.0:USB_HOST_1_0_RESTRICTED_HS
2024-05-18 12:04:46,958 [WARN] ModelIntegratedComponent:188 - Modes not found for component STMicroelectronics:USB_HOST:1.0.0:STMicroelectronics:USB::USB Host:Audio HS::1.0:USB_HOST_1_0_RESTRICTED_HS
2024-05-18 12:04:46,958 [WARN] ModelIntegratedComponent:182 - Modes not found for component STMicroelectronics:USB_HOST:1.0.0:STMicroelectronics:USB::USB Host:CDC HS::1.0:USB_HOST_1_0_RESTRICTED_HS
2024-05-18 12:04:46,958 [WARN] ModelIntegratedComponent:188 - Modes not found for component STMicroelectronics:USB_HOST:1.0.0:STMicroelectronics:USB::USB Host:CDC HS::1.0:USB_HOST_1_0_RESTRICTED_HS
2024-05-18 12:04:46,958 [WARN] ModelIntegratedComponent:182 - Modes not found for component STMicroelectronics:USB_HOST:1.0.0:STMicroelectronics:USB::USB Host:MSC HS::1.0:USB_HOST_1_0_RESTRICTED_HS
2024-05-18 12:04:46,958 [WARN] ModelIntegratedComponent:188 - Modes not found for component STMicroelectronics:USB_HOST:1.0.0:STMicroelectronics:USB::USB Host:MSC HS::1.0:USB_HOST_1_0_RESTRICTED_HS
2024-05-18 12:04:46,958 [WARN] ModelIntegratedComponent:182 - Modes not found for component STMicroelectronics:USB_HOST:1.0.0:STMicroelectronics:USB::USB Host:HID HS::1.0:USB_HOST_1_0_RESTRICTED_HS
2024-05-18 12:04:46,958 [WARN] ModelIntegratedComponent:188 - Modes not found for component STMicroelectronics:USB_HOST:1.0.0:STMicroelectronics:USB::USB Host:HID HS::1.0:USB_HOST_1_0_RESTRICTED_HS
2024-05-18 12:04:46,958 [WARN] ModelIntegratedComponent:182 - Modes not found for component STMicroelectronics:USB_HOST:1.0.0:STMicroelectronics:USB::USB Host:MTP HS::1.0:USB_HOST_1_0_RESTRICTED_HS
2024-05-18 12:04:46,958 [WARN] ModelIntegratedComponent:188 - Modes not found for component STMicroelectronics:USB_HOST:1.0.0:STMicroelectronics:USB::USB Host:MTP HS::1.0:USB_HOST_1_0_RESTRICTED_HS
2024-05-18 12:04:46,964 [WARN] ModelIntegratedComponent:63 - No mode defined for component null
2024-05-18 12:04:46,964 [WARN] ModelIntegratedComponent:63 - No mode defined for component null
2024-05-18 12:04:46,964 [WARN] ModelIntegratedComponent:63 - No mode defined for component null
2024-05-18 12:04:46,964 [WARN] ModelIntegratedComponent:63 - No mode defined for component null
2024-05-18 12:04:46,964 [WARN] ModelIntegratedComponent:63 - No mode defined for component null
2024-05-18 12:04:46,964 [WARN] ModelIntegratedComponent:63 - No mode defined for component null
2024-05-18 12:04:46,964 [WARN] ModelIntegratedComponent:63 - No mode defined for component null
2024-05-18 12:04:46,964 [WARN] ModelIntegratedComponent:63 - No mode defined for component null
2024-05-18 12:04:46,964 [WARN] ModelIntegratedComponent:63 - No mode defined for component null
2024-05-18 12:04:46,964 [WARN] ModelIntegratedComponent:63 - No mode defined for component null
2024-05-18 12:04:46,964 [WARN] ModelIntegratedComponent:63 - No mode defined for component null
2024-05-18 12:04:46,965 [WARN] ModelIntegratedComponent:63 - No mode defined for component null
2024-05-18 12:04:46,965 [WARN] ModelIntegratedComponent:63 - No mode defined for component null
2024-05-18 12:04:46,965 [WARN] ModelIntegratedComponent:63 - No mode defined for component null
2024-05-18 12:04:46,965 [WARN] ModelIntegratedComponent:63 - No mode defined for component null
2024-05-18 12:04:46,965 [WARN] ModelIntegratedComponent:63 - No mode defined for component null
2024-05-18 12:04:46,965 [WARN] ModelIntegratedComponent:63 - No mode defined for component null
2024-05-18 12:04:46,965 [WARN] ModelIntegratedComponent:63 - No mode defined for component null
2024-05-18 12:04:46,965 [WARN] ModelIntegratedComponent:63 - No mode defined for component null
2024-05-18 12:04:46,965 [WARN] ModelIntegratedComponent:63 - No mode defined for component null
2024-05-18 12:04:46,965 [WARN] ModelIntegratedComponent:63 - No mode defined for component null
2024-05-18 12:04:46,965 [WARN] ModelIntegratedComponent:63 - No mode defined for component null
2024-05-18 12:04:46,965 [WARN] ModelIntegratedComponent:63 - No mode defined for component null
2024-05-18 12:04:46,965 [WARN] ModelIntegratedComponent:63 - No mode defined for component null
2024-05-18 12:04:46,965 [WARN] ModelIntegratedComponent:63 - No mode defined for component null
2024-05-18 12:04:46,965 [WARN] ModelIntegratedComponent:63 - No mode defined for component null
2024-05-18 12:04:46,965 [WARN] ModelIntegratedComponent:63 - No mode defined for component null
2024-05-18 12:04:46,965 [WARN] ModelIntegratedComponent:63 - No mode defined for component null
2024-05-18 12:04:46,965 [WARN] ModelIntegratedComponent:63 - No mode defined for component null
2024-05-18 12:04:46,966 [WARN] ModelIntegratedComponent:63 - No mode defined for component null
2024-05-18 12:04:46,966 [WARN] ModelIntegratedComponent:63 - No mode defined for component null
2024-05-18 12:04:46,966 [WARN] ModelIntegratedComponent:63 - No mode defined for component null
2024-05-18 12:04:46,966 [WARN] ModelIntegratedComponent:63 - No mode defined for component null
2024-05-18 12:04:46,966 [WARN] ModelIntegratedComponent:63 - No mode defined for component null
2024-05-18 12:04:47,037 [WARN] ModelIntegratedComponent:182 - Modes not found for component STMicroelectronics:USB_DEVICE:1.0.0:STMicroelectronics:USB::USB Device:Audio HS::1.0:USB_DEVICE_1_0_RESTRICTED_HS
2024-05-18 12:04:47,037 [WARN] ModelIntegratedComponent:188 - Modes not found for component STMicroelectronics:USB_DEVICE:1.0.0:STMicroelectronics:USB::USB Device:Audio HS::1.0:USB_DEVICE_1_0_RESTRICTED_HS
2024-05-18 12:04:47,037 [WARN] ModelIntegratedComponent:182 - Modes not found for component STMicroelectronics:USB_DEVICE:1.0.0:STMicroelectronics:USB::USB Device:CDC HS::1.0:USB_DEVICE_1_0_RESTRICTED_HS
2024-05-18 12:04:47,037 [WARN] ModelIntegratedComponent:188 - Modes not found for component STMicroelectronics:USB_DEVICE:1.0.0:STMicroelectronics:USB::USB Device:CDC HS::1.0:USB_DEVICE_1_0_RESTRICTED_HS
2024-05-18 12:04:47,037 [WARN] ModelIntegratedComponent:182 - Modes not found for component STMicroelectronics:USB_DEVICE:1.0.0:STMicroelectronics:USB::USB Device:DFU HS::1.0:USB_DEVICE_1_0_RESTRICTED_HS
2024-05-18 12:04:47,037 [WARN] ModelIntegratedComponent:188 - Modes not found for component STMicroelectronics:USB_DEVICE:1.0.0:STMicroelectronics:USB::USB Device:DFU HS::1.0:USB_DEVICE_1_0_RESTRICTED_HS
2024-05-18 12:04:47,037 [WARN] ModelIntegratedComponent:182 - Modes not found for component STMicroelectronics:USB_DEVICE:1.0.0:STMicroelectronics:USB::USB Device:HID HS::1.0:USB_DEVICE_1_0_RESTRICTED_HS
2024-05-18 12:04:47,037 [WARN] ModelIntegratedComponent:188 - Modes not found for component STMicroelectronics:USB_DEVICE:1.0.0:STMicroelectronics:USB::USB Device:HID HS::1.0:USB_DEVICE_1_0_RESTRICTED_HS
2024-05-18 12:04:47,037 [WARN] ModelIntegratedComponent:182 - Modes not found for component STMicroelectronics:USB_DEVICE:1.0.0:STMicroelectronics:USB::USB Device:Custom HID HS::1.0:USB_DEVICE_1_0_RESTRICTED_HS
2024-05-18 12:04:47,037 [WARN] ModelIntegratedComponent:188 - Modes not found for component STMicroelectronics:USB_DEVICE:1.0.0:STMicroelectronics:USB::USB Device:Custom HID HS::1.0:USB_DEVICE_1_0_RESTRICTED_HS
2024-05-18 12:04:47,038 [WARN] ModelIntegratedComponent:182 - Modes not found for component STMicroelectronics:USB_DEVICE:1.0.0:STMicroelectronics:USB::USB Device:MSC HS::1.0:USB_DEVICE_1_0_RESTRICTED_HS
2024-05-18 12:04:47,038 [WARN] ModelIntegratedComponent:188 - Modes not found for component STMicroelectronics:USB_DEVICE:1.0.0:STMicroelectronics:USB::USB Device:MSC HS::1.0:USB_DEVICE_1_0_RESTRICTED_HS
2024-05-18 12:04:47,054 [INFO] ThirdPartyModel:298 - Start build external matchings
2024-05-18 12:04:47,296 [INFO] ThirdPartyModel:316 - End build external matchings
2024-05-18 12:04:47,306 [INFO] RtosManager:919 - Current active RTOS is FREERTOS [Cortex-M4NS]
2024-05-18 12:04:47,652 [INFO] ApiDb:581 - Connected to CubeFinder SQLite database (C:\Users\Momen El Sayed\.stmcufinder\plugins\mcufinder\mcu\cube-finder-db.db)
2024-05-18 12:04:47,736 [INFO] ApiDb:668 - CubeFinder database Data Model version=2.1
2024-05-18 12:04:47,737 [INFO] ApiDb:669 - CubeFinder database Configuration version=3.0.39
2024-05-18 12:04:47,737 [INFO] ApiDb:670 - CubeFinder database generation date=2024-04-15 (1713193726)
2024-05-18 12:04:47,737 [INFO] ApiDb:671 - CubeFinder database FW Pack versions=[FP-ATR-ASTRA1_V2.0.0, FP-SNS-FLIGHT1_V5.0.1, FP-SNS-FLIGHT1_V5.0.2, FP-SNS-MOTENV1_V4.3.1, FP-SNS-MOTENV1_V4.3.2, FP-SNS-MOTENVWB1_V1.3.1, FP-SNS-SMARTAG2_V1.2.0, STM32Cube_FW_C0_V1.1.0, STM32Cube_FW_F4_V1.28.0, STM32Cube_FW_F7_V1.17.0, STM32Cube_FW_G0_V1.6.2, STM32Cube_FW_G4_V1.5.2, STM32Cube_FW_H5_V0.5.1, STM32Cube_FW_H5_V1.1.1, STM32Cube_FW_H5_V1.2.0, STM32Cube_FW_H5_V1.2.0RC4, STM32Cube_FW_H7RS_V1.0.0, STM32Cube_FW_H7RS_V1.0.0RC4, STM32Cube_FW_H7_V1.11.0, STM32Cube_FW_L0_V1.12.2, STM32Cube_FW_L5_V1.5.1, STM32Cube_FW_U0_V1.0.0, STM32Cube_FW_U0_V1.0.0RC1, STM32Cube_FW_U5_V1.3.0RC4, STM32Cube_FW_U5_V1.5.0, STM32Cube_FW_U5_V1.5.0RC1, STM32Cube_FW_WBA_V1.0.0RC1, STM32Cube_FW_WBA_V1.2.0, STM32Cube_FW_WBA_V1.2.0RC2, STM32Cube_FW_WBA_V1.3.0, STM32Cube_FW_WBA_V1.3.0RC1, STM32Cube_FW_WB_V1.15.0RC1, STM32Cube_FW_WB_V1.16.0, STM32Cube_FW_WB_V1.16.0RC2, STM32Cube_FW_WB_V1.18.0, STM32Cube_FW_WB_V1.19.0, STM32Cube_FW_WL_V1.3.0, X-CUBE-ALGOBUILD_V1.3.0, X-CUBE-ALS_V1.0.1, X-CUBE-AZRTOS-F4_V1.1.0, X-CUBE-AZRTOS-F7_V1.1.0, X-CUBE-AZRTOS-G0_V1.1.0, X-CUBE-AZRTOS-G4_V2.0.0, X-CUBE-AZRTOS-H7_V3.2.0, X-CUBE-AZRTOS-L4_V1.0.0, X-CUBE-AZRTOS-L4_V2.0.0, X-CUBE-AZRTOS-L5_V1.1.0, X-CUBE-AZRTOS-WB_V2.0.0, X-CUBE-AZRTOS-WL_V2.0.0, X-CUBE-BLE1_V7.0.0, X-CUBE-BLE2_V3.3.0, X-CUBE-BLEMGR_V3.1.0, X-CUBE-EEPRMA1_V4.1.0, X-CUBE-EEPRMA1_V5.1.0, X-CUBE-FREERTOS_V1.1.0, X-CUBE-GNSS1_V6.0.0, X-CUBE-MEMS1_V10.0.0, X-CUBE-MEMS1_V9.1.0, X-CUBE-MEMS1_V9.4.0, X-CUBE-MEMS1_V9.6.0, X-CUBE-NFC4_V3.0.0, X-CUBE-NFC7_V1.0.1, X-CUBE-SFXS2LP1_V4.0.0, X-CUBE-SUBG2_V5.0.0, X-CUBE-TOF1_V3.4.0]
2024-05-18 12:04:47,861 [INFO] DbBoardsSqlite:226 - include board P-NUCLEO-WB55-NUCLEO as a kit item of type 'Nucleo-64'
2024-05-18 12:04:47,862 [INFO] DbBoardsSqlite:226 - include board P-NUCLEO-WB55-USBDONGLE as a kit item of type 'Nucleo USB Dongle'
2024-05-18 12:04:47,863 [INFO] DbBoardsSqlite:226 - include board STEVAL-IDP005V1 as a kit item of type 'Evaluation Board'
2024-05-18 12:04:47,863 [INFO] DbBoardsSqlite:226 - include board STEVAL-IDP005V2 as a kit item of type 'Evaluation Board'
2024-05-18 12:04:48,462 [INFO] ApiDb:240 - Found 483 in-development CPN: [B-G473E-ZEST1S, B-WB1M-WPAN1, B-WL5M-SUBG1, NUCLEO-C031C6, NUCLEO-H503RB, NUCLEO-H533RE, NUCLEO-H563ZI, NUCLEO-H7S3L8, NUCLEO-U031R8, NUCLEO-U083RC, NUCLEO-U545RE-Q, NUCLEO-U5A5ZJ-Q, NUCLEO-WBA52CG, NUCLEO-WBA55CG, STEVAL-PROTEUS1, STEVAL-SMARTAG2, STEVAL-STWINBX1, STM320518-EVAL, STM32C0116-DK, STM32C011D6Y3TR, STM32C011D6Y6TR, STM32C011F4P3, STM32C011F4P6, STM32C011F4U3, STM32C011F4U6TR, STM32C011F6P3, STM32C011F6P6, STM32C011F6U3, STM32C011F6U6TR, STM32C011J4M3, STM32C011J4M6, STM32C011J6M3, STM32C011J6M6, STM32C0316-DK, STM32C031C4T3, STM32C031C4T6, STM32C031C4U3, STM32C031C4U6, STM32C031C6T3, STM32C031C6T6, STM32C031C6U3, STM32C031C6U6, STM32C031F4P3, STM32C031F4P6, STM32C031F6P3, STM32C031F6P6, STM32C031G4U3, STM32C031G4U6, STM32C031G6U3, STM32C031G6U6, STM32C031K4T3, STM32C031K4T6, STM32C031K4U3, STM32C031K4U6, STM32C031K6T3, STM32C031K6T6, STM32C031K6U3, STM32C031K6U6, STM32G071K8TXN, STM32G071K8UXN, STM32G081GBU6N, STM32G081KBT6N, STM32G081KBUXN, STM32G0B1CCT6N, STM32G0B1KCT6, STM32G0B1NEY6TR, STM32G0B1RCT6N, STM32G0C1CCT6, STM32G0C1CCT6N, STM32G0C1CCU6N, STM32G0C1CET6N, STM32G0C1CEU6N, STM32G0C1KCT6, STM32G0C1NEY6TR, STM32G0C1RCI6N, STM32G0C1RCT6N, STM32G0C1REI6N, STM32G0C1RET6N, STM32G0C1VCI6, STM32G0C1VEI6, STM32G471CCT6, STM32G471CCU6, STM32G471CET3, STM32G471CET6, STM32G471CEU3, STM32G471CEU6, STM32G471MCT6, STM32G471MET3, STM32G471MET6, STM32G471MEY6TR, STM32G471QCT6, STM32G471QET3, STM32G471RCT6, STM32G471RET3, STM32G471RET6, STM32G471VCH6, STM32G471VCI6, STM32G471VCT6, STM32G471VEH3, STM32G471VEH6, STM32G471VEI3, STM32G471VEI6, STM32G471VET3, STM32G471VET6, STM32G474CCT6, STM32H503CBT6, STM32H503CBU6, STM32H503EBY6TR, STM32H503KBU6, STM32H503RBT6, STM32H523CCT6, STM32H523CCU6, STM32H523CET6, STM32H523CEU6, STM32H523HEY6TR, STM32H523RCT6, STM32H523RET6, STM32H523VCI6, STM32H523VCT6, STM32H523VEI6, STM32H523VET6, STM32H523ZCJ6, STM32H523ZCT6, STM32H523ZEJ6, STM32H523ZET6, STM32H533CET6, STM32H533CEU6, STM32H533HEY6TR, STM32H533RET6, STM32H533VEI6, STM32H533VET6, STM32H533ZEJ6, STM32H533ZET6, STM32H562AGI6, STM32H562AII6, STM32H562IGK6, STM32H562IGT6, STM32H562IIK6, STM32H562IIT6, STM32H562RGT6, STM32H562RGV6, STM32H562RIT6, STM32H562RIV6, STM32H562VGT6, STM32H562VIT6, STM32H562ZGT6, STM32H562ZIT6, STM32H563AGI6, STM32H563AII3Q, STM32H563AII6, STM32H563IGK6, STM32H563IGT6, STM32H563IIK3Q, STM32H563IIK6, STM32H563IIT3Q, STM32H563IIT6, STM32H563MIY3QTR, STM32H563RGT6, STM32H563RGV6, STM32H563RIT6, STM32H563RIV6, STM32H563VGT6, STM32H563VIT3Q, STM32H563VIT6, STM32H563ZGT6, STM32H563ZIT3Q, STM32H563ZIT6, STM32H573AII3Q, STM32H573AII6, STM32H573I-DK, STM32H573IIK3Q, STM32H573IIK6, STM32H573IIT3Q, STM32H573IIT6, STM32H573MIY3QTR, STM32H573RIT6, STM32H573RIV6, STM32H573VIT3Q, STM32H573VIT6, STM32H573ZIT3Q, STM32H573ZIT6, STM32H7R3A8I6, STM32H7R3I8K6, STM32H7R3I8T6, STM32H7R3L8H6, STM32H7R3L8H6H, STM32H7R3R8V6, STM32H7R3V8H6, STM32H7R3V8T6, STM32H7R3V8Y6, STM32H7R3Z8J6, STM32H7R3Z8T6, STM32H7R7A8I6, STM32H7R7I8K6, STM32H7R7I8T6, STM32H7R7L8H6, STM32H7R7L8H6H, STM32H7R7Z8J6, STM32H7S3A8I6, STM32H7S3I8K6, STM32H7S3I8T6, STM32H7S3L8H6, STM32H7S3L8H6H, STM32H7S3R8V6, STM32H7S3V8H6, STM32H7S3V8T6, STM32H7S3V8Y6, STM32H7S3Z8J6, STM32H7S3Z8T6, STM32H7S78-DK, STM32H7S7A8I6, STM32H7S7I8K6, STM32H7S7I8T6, STM32H7S7L8H6, STM32H7S7L8H6H, STM32H7S7Z8J6, STM32L4R5QGI6STR, STM32MP131AAE3, STM32MP131AAF3, STM32MP131AAG3, STM32MP131CAE3, STM32MP131CAF3, STM32MP131CAG3, STM32MP131DAE7, STM32MP131DAF7, STM32MP131DAG7, STM32MP131FAE7, STM32MP131FAF7, STM32MP131FAG7, STM32MP133AAE3, STM32MP133AAF3, STM32MP133AAG3, STM32MP133CAE3, STM32MP133CAF3, STM32MP133CAG3, STM32MP133DAE7, STM32MP133DAF7, STM32MP133DAG7, STM32MP133FAE7, STM32MP133FAF7, STM32MP133FAG7, STM32MP135AAE3, STM32MP135AAF3, STM32MP135AAG3, STM32MP135CAE3, STM32MP135CAF3, STM32MP135CAG3, STM32MP135DAE7, STM32MP135DAF7, STM32MP135DAG7, STM32MP135F-DK, STM32MP135FAE7, STM32MP135FAF7, STM32MP135FAF7T, STM32MP135FAF7U, STM32MP135FAG7, STM32U031C6T6, STM32U031C6U6, STM32U031C8T6, STM32U031C8U6, STM32U031F4P6, STM32U031F6P6, STM32U031F8P6, STM32U031G6Y6TR, STM32U031G8Y6TR, STM32U031K4U6, STM32U031K6U6, STM32U031K8U6, STM32U031R6I6, STM32U031R6T6, STM32U031R8I6, STM32U031R8T6, STM32U073C8T6, STM32U073C8U6, STM32U073CBT6, STM32U073CBU6, STM32U073CCT6, STM32U073CCU6, STM32U073H8Y6TR, STM32U073HBY6TR, STM32U073HCY6TR, STM32U073K8U6, STM32U073KBU6, STM32U073KCU6, STM32U073M8I6, STM32U073M8T6, STM32U073MBI6, STM32U073MBT6, STM32U073MCI6, STM32U073MCT6, STM32U073R8I6, STM32U073R8T6, STM32U073RBI6, STM32U073RBT6, STM32U073RCI6, STM32U073RCT6, STM32U083C-DK, STM32U083CCT6, STM32U083CCU6, STM32U083HCY6TR, STM32U083KCU6, STM32U083MCI6, STM32U083MCT6, STM32U083RCI6, STM32U083RCT6, STM32U535CBT6, STM32U535CBT6Q, STM32U535CBU6, STM32U535CBU6Q, STM32U535CCT6, STM32U535CCT6Q, STM32U535CCU6, STM32U535CCU6Q, STM32U535CET6, STM32U535CET6Q, STM32U535CEU6, STM32U535CEU6Q, STM32U535JEY6QTR, STM32U535NCY6QTR, STM32U535NEY6QTR, STM32U535RBI6, STM32U535RBI6Q, STM32U535RBT6, STM32U535RBT6Q, STM32U535RCI6, STM32U535RCI6Q, STM32U535RCT6, STM32U535RCT6Q, STM32U535REI6, STM32U535REI6Q, STM32U535RET6, STM32U535RET6Q, STM32U535VCI6, STM32U535VCI6Q, STM32U535VCT6, STM32U535VCT6Q, STM32U535VEI6, STM32U535VEI6Q, STM32U535VET6, STM32U535VET6Q, STM32U545CET6, STM32U545CET6Q, STM32U545CEU6, STM32U545CEU6Q, STM32U545JEY6QTR, STM32U545NEY6QTR, STM32U545REI6, STM32U545REI6Q, STM32U545RET6, STM32U545RET6Q, STM32U545VEI6, STM32U545VEI6Q, STM32U545VET6, STM32U545VET6Q, STM32U595AIH6, STM32U595AIH6Q, STM32U595AJH6, STM32U595AJH6Q, STM32U595QII6, STM32U595QII6Q, STM32U595QJI6, STM32U595QJI6Q, STM32U595RIT6, STM32U595RIT6Q, STM32U595RJT6, STM32U595RJT6Q, STM32U595VIT6, STM32U595VIT6Q, STM32U595VJT6, STM32U595VJT6Q, STM32U595ZIT6, STM32U595ZIT6Q, STM32U595ZIY6QTR, STM32U595ZJT6, STM32U595ZJT6Q, STM32U595ZJY6QTR, STM32U599BJY6QTR, STM32U599NIH6Q, STM32U599NJH6Q, STM32U599VIT6Q, STM32U599VJT6, STM32U599VJT6Q, STM32U599ZIT6Q, STM32U599ZIY6QTR, STM32U599ZJT6Q, STM32U599ZJY6QTR, STM32U5A5AJH6, STM32U5A5AJH6Q, STM32U5A5QII3Q , STM32U5A5QJI6, STM32U5A5QJI6Q, STM32U5A5RJT6, STM32U5A5RJT6Q, STM32U5A5VJT6, STM32U5A5VJT6Q, STM32U5A5ZJT6, STM32U5A5ZJT6Q, STM32U5A5ZJY6QTR, STM32U5A9BJY6QTR, STM32U5A9J-DK, STM32U5A9NJH6Q, STM32U5A9VJT6Q, STM32U5A9ZJT6Q, STM32U5A9ZJY6QTR, STM32U5F7VIT6, STM32U5F7VIT6Q, STM32U5F7VJT6, STM32U5F7VJT6Q, STM32U5F9BJY6QTR, STM32U5F9NJH6Q, STM32U5F9VIT6Q, STM32U5F9VJT6Q, STM32U5F9ZIJ6QTR, STM32U5F9ZIT6Q, STM32U5F9ZJJ6QTR, STM32U5F9ZJT6Q, STM32U5G7VJT6, STM32U5G7VJT6Q, STM32U5G9BJY6QTR, STM32U5G9J-DK1, STM32U5G9J-DK2, STM32U5G9NJH6Q, STM32U5G9VJT6Q, STM32U5G9ZJJ6QTR, STM32U5G9ZJT6Q, STM32WB1MMCH6, STM32WBA50KEU6, STM32WBA50KEU6TR, STM32WBA50KGU6, STM32WBA50KGU6TR, STM32WBA52CEU6, STM32WBA52CEU6TR, STM32WBA52CEU7, STM32WBA52CEU7TR, STM32WBA52CGU6, STM32WBA52CGU6TR, STM32WBA52CGU6U, STM32WBA52CGU7, STM32WBA52CGU7TR, STM32WBA52KEU6, STM32WBA52KEU6TR, STM32WBA52KGU6, STM32WBA52KGU6TR, STM32WBA54CEU6, STM32WBA54CEU6TR, STM32WBA54CEU7, STM32WBA54CEU7TR, STM32WBA54CGU6, STM32WBA54CGU6TR, STM32WBA54CGU7, STM32WBA54CGU7TR, STM32WBA54KEU6, STM32WBA54KEU6TR, STM32WBA54KEU7, STM32WBA54KEU7TR, STM32WBA54KGU6, STM32WBA54KGU6TR, STM32WBA54KGU7, STM32WBA54KGU7TR, STM32WBA55CEU6, STM32WBA55CEU6TR, STM32WBA55CEU7, STM32WBA55CEU7TR, STM32WBA55CGU6, STM32WBA55CGU6TR, STM32WBA55CGU6U, STM32WBA55CGU7, STM32WBA55CGU7TR, STM32WBA55G-DK1, STM32WBA55HEF6, STM32WBA55HEF7, STM32WBA55HGF6, STM32WBA55HGF7, STM32WBA55UEI6, STM32WBA55UEI6TR, STM32WBA55UEI7, STM32WBA55UEI7TR, STM32WBA55UGI6, STM32WBA55UGI6TR, STM32WBA55UGI7, STM32WBA55UGI7TR, STM32WL5MOCH6, STM32WL5MOCH6TR]
2024-05-18 12:04:48,595 [INFO] BoardInfo:889 - No configuration file found for board P-NUCLEO-WB55
2024-05-18 12:04:48,596 [INFO] DbBoards:161 - Kit is not supported: P-NUCLEO-WB55
2024-05-18 12:04:48,600 [INFO] BoardInfo:889 - No configuration file found for board STEVAL-BFA001V1B
2024-05-18 12:04:48,600 [INFO] DbBoards:161 - Kit is not supported: STEVAL-BFA001V1B
2024-05-18 12:04:48,601 [INFO] BoardInfo:889 - No configuration file found for board STEVAL-BFA001V2B
2024-05-18 12:04:48,602 [INFO] DbBoards:161 - Kit is not supported: STEVAL-BFA001V2B
2024-05-18 12:04:48,737 [INFO] DbBoards:168 - Found 199 boards, 196 are supported
2024-05-18 12:04:48,737 [INFO] DbBoards:169 - Found 199 boards, 8 of them is supported for  Bsp
2024-05-18 12:04:48,740 [INFO] ApiDb:668 - CubeFinder database Data Model version=2.1
2024-05-18 12:04:48,741 [INFO] ApiDb:669 - CubeFinder database Configuration version=3.0.39
2024-05-18 12:04:48,741 [INFO] ApiDb:670 - CubeFinder database generation date=2024-04-15 (1713193726)
2024-05-18 12:04:48,741 [INFO] ApiDb:671 - CubeFinder database FW Pack versions=[FP-ATR-ASTRA1_V2.0.0, FP-SNS-FLIGHT1_V5.0.1, FP-SNS-FLIGHT1_V5.0.2, FP-SNS-MOTENV1_V4.3.1, FP-SNS-MOTENV1_V4.3.2, FP-SNS-MOTENVWB1_V1.3.1, FP-SNS-SMARTAG2_V1.2.0, STM32Cube_FW_C0_V1.1.0, STM32Cube_FW_F4_V1.28.0, STM32Cube_FW_F7_V1.17.0, STM32Cube_FW_G0_V1.6.2, STM32Cube_FW_G4_V1.5.2, STM32Cube_FW_H5_V0.5.1, STM32Cube_FW_H5_V1.1.1, STM32Cube_FW_H5_V1.2.0, STM32Cube_FW_H5_V1.2.0RC4, STM32Cube_FW_H7RS_V1.0.0, STM32Cube_FW_H7RS_V1.0.0RC4, STM32Cube_FW_H7_V1.11.0, STM32Cube_FW_L0_V1.12.2, STM32Cube_FW_L5_V1.5.1, STM32Cube_FW_U0_V1.0.0, STM32Cube_FW_U0_V1.0.0RC1, STM32Cube_FW_U5_V1.3.0RC4, STM32Cube_FW_U5_V1.5.0, STM32Cube_FW_U5_V1.5.0RC1, STM32Cube_FW_WBA_V1.0.0RC1, STM32Cube_FW_WBA_V1.2.0, STM32Cube_FW_WBA_V1.2.0RC2, STM32Cube_FW_WBA_V1.3.0, STM32Cube_FW_WBA_V1.3.0RC1, STM32Cube_FW_WB_V1.15.0RC1, STM32Cube_FW_WB_V1.16.0, STM32Cube_FW_WB_V1.16.0RC2, STM32Cube_FW_WB_V1.18.0, STM32Cube_FW_WB_V1.19.0, STM32Cube_FW_WL_V1.3.0, X-CUBE-ALGOBUILD_V1.3.0, X-CUBE-ALS_V1.0.1, X-CUBE-AZRTOS-F4_V1.1.0, X-CUBE-AZRTOS-F7_V1.1.0, X-CUBE-AZRTOS-G0_V1.1.0, X-CUBE-AZRTOS-G4_V2.0.0, X-CUBE-AZRTOS-H7_V3.2.0, X-CUBE-AZRTOS-L4_V1.0.0, X-CUBE-AZRTOS-L4_V2.0.0, X-CUBE-AZRTOS-L5_V1.1.0, X-CUBE-AZRTOS-WB_V2.0.0, X-CUBE-AZRTOS-WL_V2.0.0, X-CUBE-BLE1_V7.0.0, X-CUBE-BLE2_V3.3.0, X-CUBE-BLEMGR_V3.1.0, X-CUBE-EEPRMA1_V4.1.0, X-CUBE-EEPRMA1_V5.1.0, X-CUBE-FREERTOS_V1.1.0, X-CUBE-GNSS1_V6.0.0, X-CUBE-MEMS1_V10.0.0, X-CUBE-MEMS1_V9.1.0, X-CUBE-MEMS1_V9.4.0, X-CUBE-MEMS1_V9.6.0, X-CUBE-NFC4_V3.0.0, X-CUBE-NFC7_V1.0.1, X-CUBE-SFXS2LP1_V4.0.0, X-CUBE-SUBG2_V5.0.0, X-CUBE-TOF1_V3.4.0]
2024-05-18 12:04:50,467 [INFO] ApiDb:240 - Found 483 in-development CPN: [B-G473E-ZEST1S, B-WB1M-WPAN1, B-WL5M-SUBG1, NUCLEO-C031C6, NUCLEO-H503RB, NUCLEO-H533RE, NUCLEO-H563ZI, NUCLEO-H7S3L8, NUCLEO-U031R8, NUCLEO-U083RC, NUCLEO-U545RE-Q, NUCLEO-U5A5ZJ-Q, NUCLEO-WBA52CG, NUCLEO-WBA55CG, STEVAL-PROTEUS1, STEVAL-SMARTAG2, STEVAL-STWINBX1, STM320518-EVAL, STM32C0116-DK, STM32C011D6Y3TR, STM32C011D6Y6TR, STM32C011F4P3, STM32C011F4P6, STM32C011F4U3, STM32C011F4U6TR, STM32C011F6P3, STM32C011F6P6, STM32C011F6U3, STM32C011F6U6TR, STM32C011J4M3, STM32C011J4M6, STM32C011J6M3, STM32C011J6M6, STM32C0316-DK, STM32C031C4T3, STM32C031C4T6, STM32C031C4U3, STM32C031C4U6, STM32C031C6T3, STM32C031C6T6, STM32C031C6U3, STM32C031C6U6, STM32C031F4P3, STM32C031F4P6, STM32C031F6P3, STM32C031F6P6, STM32C031G4U3, STM32C031G4U6, STM32C031G6U3, STM32C031G6U6, STM32C031K4T3, STM32C031K4T6, STM32C031K4U3, STM32C031K4U6, STM32C031K6T3, STM32C031K6T6, STM32C031K6U3, STM32C031K6U6, STM32G071K8TXN, STM32G071K8UXN, STM32G081GBU6N, STM32G081KBT6N, STM32G081KBUXN, STM32G0B1CCT6N, STM32G0B1KCT6, STM32G0B1NEY6TR, STM32G0B1RCT6N, STM32G0C1CCT6, STM32G0C1CCT6N, STM32G0C1CCU6N, STM32G0C1CET6N, STM32G0C1CEU6N, STM32G0C1KCT6, STM32G0C1NEY6TR, STM32G0C1RCI6N, STM32G0C1RCT6N, STM32G0C1REI6N, STM32G0C1RET6N, STM32G0C1VCI6, STM32G0C1VEI6, STM32G471CCT6, STM32G471CCU6, STM32G471CET3, STM32G471CET6, STM32G471CEU3, STM32G471CEU6, STM32G471MCT6, STM32G471MET3, STM32G471MET6, STM32G471MEY6TR, STM32G471QCT6, STM32G471QET3, STM32G471RCT6, STM32G471RET3, STM32G471RET6, STM32G471VCH6, STM32G471VCI6, STM32G471VCT6, STM32G471VEH3, STM32G471VEH6, STM32G471VEI3, STM32G471VEI6, STM32G471VET3, STM32G471VET6, STM32G474CCT6, STM32H503CBT6, STM32H503CBU6, STM32H503EBY6TR, STM32H503KBU6, STM32H503RBT6, STM32H523CCT6, STM32H523CCU6, STM32H523CET6, STM32H523CEU6, STM32H523HEY6TR, STM32H523RCT6, STM32H523RET6, STM32H523VCI6, STM32H523VCT6, STM32H523VEI6, STM32H523VET6, STM32H523ZCJ6, STM32H523ZCT6, STM32H523ZEJ6, STM32H523ZET6, STM32H533CET6, STM32H533CEU6, STM32H533HEY6TR, STM32H533RET6, STM32H533VEI6, STM32H533VET6, STM32H533ZEJ6, STM32H533ZET6, STM32H562AGI6, STM32H562AII6, STM32H562IGK6, STM32H562IGT6, STM32H562IIK6, STM32H562IIT6, STM32H562RGT6, STM32H562RGV6, STM32H562RIT6, STM32H562RIV6, STM32H562VGT6, STM32H562VIT6, STM32H562ZGT6, STM32H562ZIT6, STM32H563AGI6, STM32H563AII3Q, STM32H563AII6, STM32H563IGK6, STM32H563IGT6, STM32H563IIK3Q, STM32H563IIK6, STM32H563IIT3Q, STM32H563IIT6, STM32H563MIY3QTR, STM32H563RGT6, STM32H563RGV6, STM32H563RIT6, STM32H563RIV6, STM32H563VGT6, STM32H563VIT3Q, STM32H563VIT6, STM32H563ZGT6, STM32H563ZIT3Q, STM32H563ZIT6, STM32H573AII3Q, STM32H573AII6, STM32H573I-DK, STM32H573IIK3Q, STM32H573IIK6, STM32H573IIT3Q, STM32H573IIT6, STM32H573MIY3QTR, STM32H573RIT6, STM32H573RIV6, STM32H573VIT3Q, STM32H573VIT6, STM32H573ZIT3Q, STM32H573ZIT6, STM32H7R3A8I6, STM32H7R3I8K6, STM32H7R3I8T6, STM32H7R3L8H6, STM32H7R3L8H6H, STM32H7R3R8V6, STM32H7R3V8H6, STM32H7R3V8T6, STM32H7R3V8Y6, STM32H7R3Z8J6, STM32H7R3Z8T6, STM32H7R7A8I6, STM32H7R7I8K6, STM32H7R7I8T6, STM32H7R7L8H6, STM32H7R7L8H6H, STM32H7R7Z8J6, STM32H7S3A8I6, STM32H7S3I8K6, STM32H7S3I8T6, STM32H7S3L8H6, STM32H7S3L8H6H, STM32H7S3R8V6, STM32H7S3V8H6, STM32H7S3V8T6, STM32H7S3V8Y6, STM32H7S3Z8J6, STM32H7S3Z8T6, STM32H7S78-DK, STM32H7S7A8I6, STM32H7S7I8K6, STM32H7S7I8T6, STM32H7S7L8H6, STM32H7S7L8H6H, STM32H7S7Z8J6, STM32L4R5QGI6STR, STM32MP131AAE3, STM32MP131AAF3, STM32MP131AAG3, STM32MP131CAE3, STM32MP131CAF3, STM32MP131CAG3, STM32MP131DAE7, STM32MP131DAF7, STM32MP131DAG7, STM32MP131FAE7, STM32MP131FAF7, STM32MP131FAG7, STM32MP133AAE3, STM32MP133AAF3, STM32MP133AAG3, STM32MP133CAE3, STM32MP133CAF3, STM32MP133CAG3, STM32MP133DAE7, STM32MP133DAF7, STM32MP133DAG7, STM32MP133FAE7, STM32MP133FAF7, STM32MP133FAG7, STM32MP135AAE3, STM32MP135AAF3, STM32MP135AAG3, STM32MP135CAE3, STM32MP135CAF3, STM32MP135CAG3, STM32MP135DAE7, STM32MP135DAF7, STM32MP135DAG7, STM32MP135F-DK, STM32MP135FAE7, STM32MP135FAF7, STM32MP135FAF7T, STM32MP135FAF7U, STM32MP135FAG7, STM32U031C6T6, STM32U031C6U6, STM32U031C8T6, STM32U031C8U6, STM32U031F4P6, STM32U031F6P6, STM32U031F8P6, STM32U031G6Y6TR, STM32U031G8Y6TR, STM32U031K4U6, STM32U031K6U6, STM32U031K8U6, STM32U031R6I6, STM32U031R6T6, STM32U031R8I6, STM32U031R8T6, STM32U073C8T6, STM32U073C8U6, STM32U073CBT6, STM32U073CBU6, STM32U073CCT6, STM32U073CCU6, STM32U073H8Y6TR, STM32U073HBY6TR, STM32U073HCY6TR, STM32U073K8U6, STM32U073KBU6, STM32U073KCU6, STM32U073M8I6, STM32U073M8T6, STM32U073MBI6, STM32U073MBT6, STM32U073MCI6, STM32U073MCT6, STM32U073R8I6, STM32U073R8T6, STM32U073RBI6, STM32U073RBT6, STM32U073RCI6, STM32U073RCT6, STM32U083C-DK, STM32U083CCT6, STM32U083CCU6, STM32U083HCY6TR, STM32U083KCU6, STM32U083MCI6, STM32U083MCT6, STM32U083RCI6, STM32U083RCT6, STM32U535CBT6, STM32U535CBT6Q, STM32U535CBU6, STM32U535CBU6Q, STM32U535CCT6, STM32U535CCT6Q, STM32U535CCU6, STM32U535CCU6Q, STM32U535CET6, STM32U535CET6Q, STM32U535CEU6, STM32U535CEU6Q, STM32U535JEY6QTR, STM32U535NCY6QTR, STM32U535NEY6QTR, STM32U535RBI6, STM32U535RBI6Q, STM32U535RBT6, STM32U535RBT6Q, STM32U535RCI6, STM32U535RCI6Q, STM32U535RCT6, STM32U535RCT6Q, STM32U535REI6, STM32U535REI6Q, STM32U535RET6, STM32U535RET6Q, STM32U535VCI6, STM32U535VCI6Q, STM32U535VCT6, STM32U535VCT6Q, STM32U535VEI6, STM32U535VEI6Q, STM32U535VET6, STM32U535VET6Q, STM32U545CET6, STM32U545CET6Q, STM32U545CEU6, STM32U545CEU6Q, STM32U545JEY6QTR, STM32U545NEY6QTR, STM32U545REI6, STM32U545REI6Q, STM32U545RET6, STM32U545RET6Q, STM32U545VEI6, STM32U545VEI6Q, STM32U545VET6, STM32U545VET6Q, STM32U595AIH6, STM32U595AIH6Q, STM32U595AJH6, STM32U595AJH6Q, STM32U595QII6, STM32U595QII6Q, STM32U595QJI6, STM32U595QJI6Q, STM32U595RIT6, STM32U595RIT6Q, STM32U595RJT6, STM32U595RJT6Q, STM32U595VIT6, STM32U595VIT6Q, STM32U595VJT6, STM32U595VJT6Q, STM32U595ZIT6, STM32U595ZIT6Q, STM32U595ZIY6QTR, STM32U595ZJT6, STM32U595ZJT6Q, STM32U595ZJY6QTR, STM32U599BJY6QTR, STM32U599NIH6Q, STM32U599NJH6Q, STM32U599VIT6Q, STM32U599VJT6, STM32U599VJT6Q, STM32U599ZIT6Q, STM32U599ZIY6QTR, STM32U599ZJT6Q, STM32U599ZJY6QTR, STM32U5A5AJH6, STM32U5A5AJH6Q, STM32U5A5QII3Q , STM32U5A5QJI6, STM32U5A5QJI6Q, STM32U5A5RJT6, STM32U5A5RJT6Q, STM32U5A5VJT6, STM32U5A5VJT6Q, STM32U5A5ZJT6, STM32U5A5ZJT6Q, STM32U5A5ZJY6QTR, STM32U5A9BJY6QTR, STM32U5A9J-DK, STM32U5A9NJH6Q, STM32U5A9VJT6Q, STM32U5A9ZJT6Q, STM32U5A9ZJY6QTR, STM32U5F7VIT6, STM32U5F7VIT6Q, STM32U5F7VJT6, STM32U5F7VJT6Q, STM32U5F9BJY6QTR, STM32U5F9NJH6Q, STM32U5F9VIT6Q, STM32U5F9VJT6Q, STM32U5F9ZIJ6QTR, STM32U5F9ZIT6Q, STM32U5F9ZJJ6QTR, STM32U5F9ZJT6Q, STM32U5G7VJT6, STM32U5G7VJT6Q, STM32U5G9BJY6QTR, STM32U5G9J-DK1, STM32U5G9J-DK2, STM32U5G9NJH6Q, STM32U5G9VJT6Q, STM32U5G9ZJJ6QTR, STM32U5G9ZJT6Q, STM32WB1MMCH6, STM32WBA50KEU6, STM32WBA50KEU6TR, STM32WBA50KGU6, STM32WBA50KGU6TR, STM32WBA52CEU6, STM32WBA52CEU6TR, STM32WBA52CEU7, STM32WBA52CEU7TR, STM32WBA52CGU6, STM32WBA52CGU6TR, STM32WBA52CGU6U, STM32WBA52CGU7, STM32WBA52CGU7TR, STM32WBA52KEU6, STM32WBA52KEU6TR, STM32WBA52KGU6, STM32WBA52KGU6TR, STM32WBA54CEU6, STM32WBA54CEU6TR, STM32WBA54CEU7, STM32WBA54CEU7TR, STM32WBA54CGU6, STM32WBA54CGU6TR, STM32WBA54CGU7, STM32WBA54CGU7TR, STM32WBA54KEU6, STM32WBA54KEU6TR, STM32WBA54KEU7, STM32WBA54KEU7TR, STM32WBA54KGU6, STM32WBA54KGU6TR, STM32WBA54KGU7, STM32WBA54KGU7TR, STM32WBA55CEU6, STM32WBA55CEU6TR, STM32WBA55CEU7, STM32WBA55CEU7TR, STM32WBA55CGU6, STM32WBA55CGU6TR, STM32WBA55CGU6U, STM32WBA55CGU7, STM32WBA55CGU7TR, STM32WBA55G-DK1, STM32WBA55HEF6, STM32WBA55HEF7, STM32WBA55HGF6, STM32WBA55HGF7, STM32WBA55UEI6, STM32WBA55UEI6TR, STM32WBA55UEI7, STM32WBA55UEI7TR, STM32WBA55UGI6, STM32WBA55UGI6TR, STM32WBA55UGI7, STM32WBA55UGI7TR, STM32WL5MOCH6, STM32WL5MOCH6TR]
2024-05-18 12:04:50,471 [INFO] DbMcus:218 - Found 4096 MCUs, 4096 are supported
2024-05-18 12:04:50,472 [INFO] ApiDb:423 - Load user favorites file C:\Users\Momen El Sayed/.stm32cubeide/favorites.mcus.txt: 0 item(s)
2024-05-18 12:04:50,472 [INFO] ApiDb:427 - User favorites MCUs=[]
2024-05-18 12:04:50,472 [INFO] DbMcus:224 - Set 0 / 0 favorites MCUs
2024-05-18 12:04:50,726 [INFO] ApiDb:414 - User favorites file not found: C:\Users\Momen El Sayed/.stm32cubeide/favorites.boards.txt
2024-05-18 12:04:50,726 [INFO] DbBoards:198 - Set 0 / 0 favorites Boards
2024-05-18 12:04:50,793 [INFO] UtilMem:75 - End LoadConfig() Used Memory: 339738272 Bytes (796917760)
2024-05-18 12:04:50,947 [WARN] ThirdParty:833 - waiting for thirdparty lock release [change project]
2024-05-18 12:04:50,948 [INFO] ThirdParty:835 - entering critical section [change project]
2024-05-18 12:04:50,948 [INFO] ThirdParty:1030 - CMSIS Pack Vendor :STMicroelectronics USBPD 4.1
2024-05-18 12:04:50,948 [INFO] ThirdParty:1030 - CMSIS Pack Vendor :STMicroelectronics X-CUBE-GNSS1 6.0.0
2024-05-18 12:04:50,948 [INFO] ThirdParty:1030 - CMSIS Pack Vendor :STMicroelectronics USB_HOST 2.0.0
2024-05-18 12:04:50,948 [INFO] ThirdParty:1030 - CMSIS Pack Vendor :STMicroelectronics FP-SNS-MOTENVWB1 1.4.0
2024-05-18 12:04:50,948 [INFO] ThirdParty:1030 - CMSIS Pack Vendor :STMicroelectronics X-CUBE-AZRTOS-F4 1.1.0
2024-05-18 12:04:50,948 [INFO] ThirdParty:1030 - CMSIS Pack Vendor :STMicroelectronics LIBJPEG 8.0.0
2024-05-18 12:04:50,948 [INFO] ThirdParty:1030 - CMSIS Pack Vendor :STMicroelectronics X-CUBE-SMBUS 2.1.0
2024-05-18 12:04:50,948 [INFO] ThirdParty:1030 - CMSIS Pack Vendor :STMicroelectronics USB_DEVICE 3.0.0
2024-05-18 12:04:50,948 [INFO] ThirdParty:1030 - CMSIS Pack Vendor :STMicroelectronics X-CUBE-TCPP 4.1.0
2024-05-18 12:04:50,949 [INFO] ThirdParty:1030 - CMSIS Pack Vendor :STMicroelectronics X-CUBE-FREERTOS 1.2.0
2024-05-18 12:04:50,949 [INFO] ThirdParty:1030 - CMSIS Pack Vendor :STMicroelectronics X-CUBE-AZRTOS-WB 2.0.0
2024-05-18 12:04:50,949 [INFO] ThirdParty:1030 - CMSIS Pack Vendor :STMicroelectronics X-CUBE-TOUCHGFX 4.23.2
2024-05-18 12:04:50,949 [INFO] ThirdParty:1030 - CMSIS Pack Vendor :STMicroelectronics X-CUBE-AZRTOS-F7 1.1.0
2024-05-18 12:04:50,949 [INFO] ThirdParty:1030 - CMSIS Pack Vendor :STMicroelectronics X-CUBE-AZRTOS-L5 2.0.0
2024-05-18 12:04:50,949 [INFO] ThirdParty:1030 - CMSIS Pack Vendor :STMicroelectronics USB_DEVICE 2.0.0
2024-05-18 12:04:50,949 [INFO] ThirdParty:1030 - CMSIS Pack Vendor :STMicroelectronics X-CUBE-NFC6 3.1.0
2024-05-18 12:04:50,949 [INFO] ThirdParty:1030 - CMSIS Pack Vendor :STMicroelectronics FreeRTOS 0.0.1
2024-05-18 12:04:50,949 [INFO] ThirdParty:1030 - CMSIS Pack Vendor :STMicroelectronics X-CUBE-AZRTOS-G0 1.1.0
2024-05-18 12:04:50,949 [INFO] ThirdParty:1030 - CMSIS Pack Vendor :STMicroelectronics X-CUBE-SAFEA1 1.2.2
2024-05-18 12:04:50,949 [INFO] ThirdParty:1030 - CMSIS Pack Vendor :STMicroelectronics X-CUBE-NFC4 3.0.0
2024-05-18 12:04:50,949 [INFO] ThirdParty:1030 - CMSIS Pack Vendor :STMicroelectronics X-CUBE-SUBG2 5.0.0
2024-05-18 12:04:50,949 [INFO] ThirdParty:1030 - CMSIS Pack Vendor :STMicroelectronics STM32_WPAN 1.0.0
2024-05-18 12:04:50,949 [INFO] ThirdParty:1030 - CMSIS Pack Vendor :STMicroelectronics lwIP 2.0.3
2024-05-18 12:04:50,949 [INFO] ThirdParty:1030 - CMSIS Pack Vendor :STMicroelectronics FP-SNS-FLIGHT1 5.0.2
2024-05-18 12:04:50,949 [INFO] ThirdParty:1030 - CMSIS Pack Vendor :Cesanta I-CUBE-Mongoose 7.13.0
2024-05-18 12:04:50,950 [INFO] ThirdParty:1030 - CMSIS Pack Vendor :STMicroelectronics USB_HOST 1.0.0
2024-05-18 12:04:50,950 [INFO] ThirdParty:1030 - CMSIS Pack Vendor :STMicroelectronics X-CUBE-AI 9.0.0
2024-05-18 12:04:50,950 [INFO] ThirdParty:1030 - CMSIS Pack Vendor :STMicroelectronics X-CUBE-AZRTOS-G4 2.0.0
2024-05-18 12:04:50,950 [INFO] ThirdParty:1030 - CMSIS Pack Vendor :STMicroelectronics PDM2PCM 3.1.0
2024-05-18 12:04:50,950 [INFO] ThirdParty:1030 - CMSIS Pack Vendor :STMicroelectronics PDM2PCM 3.3.0
2024-05-18 12:04:50,950 [INFO] ThirdParty:1030 - CMSIS Pack Vendor :STMicroelectronics X-CUBE-DISPLAY 3.0.0
2024-05-18 12:04:50,950 [INFO] ThirdParty:1030 - CMSIS Pack Vendor :wolfSSL I-CUBE-wolfSSL 5.7.0
2024-05-18 12:04:50,950 [INFO] ThirdParty:1030 - CMSIS Pack Vendor :STMicroelectronics X-CUBE-BLE1 7.0.0
2024-05-18 12:04:50,950 [INFO] ThirdParty:1030 - CMSIS Pack Vendor :STMicroelectronics FP-ATR-SIGFOX1 3.2.0
2024-05-18 12:04:50,950 [INFO] ThirdParty:1030 - CMSIS Pack Vendor :STMicroelectronics X-CUBE-ISPU 2.0.0
2024-05-18 12:04:50,950 [INFO] ThirdParty:1030 - CMSIS Pack Vendor :STMicroelectronics X-CUBE-EEPRMA1 5.1.0
2024-05-18 12:04:50,950 [INFO] ThirdParty:1030 - CMSIS Pack Vendor :STMicroelectronics HAL Drivers 0.0.0
2024-05-18 12:04:50,950 [INFO] ThirdParty:1030 - CMSIS Pack Vendor :STMicroelectronics MBEDTLS 2.16.2
2024-05-18 12:04:50,950 [INFO] ThirdParty:1030 - CMSIS Pack Vendor :emotas I-CUBE-CANOPEN 1.3.0
2024-05-18 12:04:50,950 [INFO] ThirdParty:1030 - CMSIS Pack Vendor :STMicroelectronics X-CUBE-MEMS1 10.0.0
2024-05-18 12:04:50,950 [INFO] ThirdParty:1030 - CMSIS Pack Vendor :STMicroelectronics X-CUBE-NFC7 1.0.1
2024-05-18 12:04:50,950 [INFO] ThirdParty:1030 - CMSIS Pack Vendor :STMicroelectronics MBEDTLS 2.14.1
2024-05-18 12:04:50,950 [INFO] ThirdParty:1030 - CMSIS Pack Vendor :ITTIA_DB I-CUBE-ITTIADB 8.9.0
2024-05-18 12:04:50,950 [INFO] ThirdParty:1030 - CMSIS Pack Vendor :portGmbH I-Cube-SoM-uGOAL 1.1.0
2024-05-18 12:04:50,950 [INFO] ThirdParty:1030 - CMSIS Pack Vendor :STMicroelectronics X-CUBE-ALS 1.0.1
2024-05-18 12:04:50,950 [INFO] ThirdParty:1030 - CMSIS Pack Vendor :STMicroelectronics X-CUBE-BLEMGR 3.1.0
2024-05-18 12:04:50,950 [INFO] ThirdParty:1030 - CMSIS Pack Vendor :STMicroelectronics ThreadX 1.0.0
2024-05-18 12:04:50,950 [INFO] ThirdParty:1030 - CMSIS Pack Vendor :STMicroelectronics FP-SNS-SMARTAG2 1.2.0
2024-05-18 12:04:50,951 [INFO] ThirdParty:1030 - CMSIS Pack Vendor :STMicroelectronics X-CUBE-AZRTOS-WL 2.0.0
2024-05-18 12:04:50,951 [INFO] ThirdParty:1030 - CMSIS Pack Vendor :SEGGER I-CUBE-embOS 1.3.1
2024-05-18 12:04:50,951 [INFO] ThirdParty:1030 - CMSIS Pack Vendor :STMicroelectronics X-CUBE-ALGOBUILD 1.4.0
2024-05-18 12:04:50,951 [INFO] ThirdParty:1030 - CMSIS Pack Vendor :STMicroelectronics FP-SNS-MOTENV1 5.0.0
2024-05-18 12:04:50,951 [INFO] ThirdParty:1030 - CMSIS Pack Vendor :STMicroelectronics USB_DEVICE 1.0.0
2024-05-18 12:04:50,951 [INFO] ThirdParty:1030 - CMSIS Pack Vendor :STMicroelectronics X-CUBE-AZRTOS-H7RS 1.0.0
2024-05-18 12:04:50,951 [INFO] ThirdParty:1030 - CMSIS Pack Vendor :STMicroelectronics X-CUBE-AZRTOS-L4 2.0.0
2024-05-18 12:04:50,951 [INFO] ThirdParty:1030 - CMSIS Pack Vendor :STMicroelectronics ThreadX 0.0.2
2024-05-18 12:04:50,951 [INFO] ThirdParty:1030 - CMSIS Pack Vendor :WES I-CUBE-Cesium 1.3.0
2024-05-18 12:04:50,951 [INFO] ThirdParty:1030 - CMSIS Pack Vendor :STMicroelectronics FP-ATR-ASTRA1 2.0.0
2024-05-18 12:04:50,951 [INFO] ThirdParty:1030 - CMSIS Pack Vendor :STMicroelectronics lwIP 2.1.2
2024-05-18 12:04:50,951 [INFO] ThirdParty:1030 - CMSIS Pack Vendor :STMicroelectronics X-CUBE-SFXS2LP1 4.0.0
2024-05-18 12:04:50,951 [INFO] ThirdParty:1030 - CMSIS Pack Vendor :STMicroelectronics X-CUBE-BLE2 3.3.0
2024-05-18 12:04:50,951 [INFO] ThirdParty:1030 - CMSIS Pack Vendor :STMicroelectronics X-CUBE-TOF1 3.4.1
2024-05-18 12:04:50,951 [INFO] ThirdParty:1030 - CMSIS Pack Vendor :STMicroelectronics X-CUBE-AZRTOS-H7 3.2.0
2024-05-18 12:04:50,951 [INFO] ThirdParty:1030 - CMSIS Pack Vendor :Infineon AIROC-Wi-Fi-Bluetooth-STM32 1.6.0
2024-05-18 12:04:50,951 [INFO] ThirdParty:1030 - CMSIS Pack Vendor :STMicroelectronics PDM2PCM 3.2.0
2024-05-18 12:04:50,951 [INFO] ThirdParty:841 - exiting critical section [change project]
2024-05-18 12:04:51,293 [INFO] PinOutPanel:1561 - setPackage(No Configuration,No Configuration)
2024-05-18 12:04:51,294 [INFO] PinOutPanel:1561 - setPackage(STM32F401RCTx,LQFP64)
2024-05-18 12:04:51,860 [INFO] UtilMem:75 - Before build in PCC Used Memory: 457938984 Bytes (796917760)
2024-05-18 12:04:52,843 [INFO] UtilMem:75 - After build in PCC Used Memory: 523999272 Bytes (796917760)
2024-05-18 12:04:53,039 [INFO] ApiDbMcu:508 - Load IP Config File for FREERTOS
2024-05-18 12:04:53,068 [INFO] IPUIPlugin:80 - create IPUIPlugin
2024-05-18 12:04:53,069 [INFO] IPUIPlugin:80 - create IPUIPlugin
2024-05-18 12:04:53,069 [INFO] IPUIPlugin:80 - create IPUIPlugin
2024-05-18 12:04:53,069 [INFO] IPUIPlugin:80 - create IPUIPlugin
2024-05-18 12:04:53,069 [INFO] IPUIPlugin:80 - create IPUIPlugin
2024-05-18 12:04:53,070 [INFO] IPUIPlugin:80 - create IPUIPlugin
2024-05-18 12:04:53,070 [INFO] IPUIPlugin:80 - create IPUIPlugin
2024-05-18 12:04:53,070 [INFO] IPUIPlugin:80 - create IPUIPlugin
2024-05-18 12:04:53,070 [INFO] IPUIPlugin:80 - create IPUIPlugin
2024-05-18 12:04:53,070 [INFO] IPUIPlugin:80 - create IPUIPlugin
2024-05-18 12:04:53,070 [INFO] IPUIPlugin:80 - create IPUIPlugin
2024-05-18 12:04:53,070 [INFO] IPUIPlugin:80 - create IPUIPlugin
2024-05-18 12:04:53,070 [INFO] IPUIPlugin:80 - create IPUIPlugin
2024-05-18 12:04:53,070 [INFO] IPUIPlugin:80 - create IPUIPlugin
2024-05-18 12:04:53,071 [INFO] IPUIPlugin:80 - create IPUIPlugin
2024-05-18 12:04:53,071 [INFO] IPUIPlugin:80 - create IPUIPlugin
2024-05-18 12:04:53,071 [INFO] IPUIPlugin:80 - create IPUIPlugin
2024-05-18 12:04:53,071 [INFO] IPUIPlugin:80 - create IPUIPlugin
2024-05-18 12:04:53,071 [INFO] IPUIPlugin:80 - create IPUIPlugin
2024-05-18 12:04:53,071 [INFO] IPUIPlugin:80 - create IPUIPlugin
2024-05-18 12:04:53,072 [INFO] IPUIPlugin:80 - create IPUIPlugin
2024-05-18 12:04:53,072 [INFO] IPUIPlugin:80 - create IPUIPlugin
2024-05-18 12:04:53,072 [INFO] IPUIPlugin:80 - create IPUIPlugin
2024-05-18 12:04:53,072 [INFO] IPUIPlugin:80 - create IPUIPlugin
2024-05-18 12:04:53,072 [INFO] IPUIPlugin:80 - create IPUIPlugin
2024-05-18 12:04:53,072 [INFO] IPUIPlugin:80 - create IPUIPlugin
2024-05-18 12:04:53,073 [INFO] IPUIPlugin:80 - create IPUIPlugin
2024-05-18 12:04:53,073 [INFO] IPUIPlugin:80 - create IPUIPlugin
2024-05-18 12:04:53,073 [INFO] IPUIPlugin:80 - create IPUIPlugin
2024-05-18 12:04:53,073 [INFO] IPUIPlugin:80 - create IPUIPlugin
2024-05-18 12:04:53,074 [INFO] IPUIPlugin:80 - create IPUIPlugin
2024-05-18 12:04:53,074 [INFO] IPUIPlugin:80 - create IPUIPlugin
2024-05-18 12:04:53,074 [INFO] IPUIPlugin:80 - create IPUIPlugin
2024-05-18 12:04:53,074 [INFO] IPUIPlugin:80 - create IPUIPlugin
2024-05-18 12:04:53,074 [INFO] IPUIPlugin:80 - create IPUIPlugin
2024-05-18 12:04:53,075 [INFO] IPUIPlugin:80 - create IPUIPlugin
2024-05-18 12:04:53,075 [INFO] IPUIPlugin:80 - create IPUIPlugin
2024-05-18 12:04:53,075 [INFO] IPUIPlugin:80 - create IPUIPlugin
2024-05-18 12:04:53,105 [INFO] ApiDbMcu:508 - Load IP Config File for PDM2PCM
2024-05-18 12:04:53,158 [WARN] FreeRTOS:1023 - Null or empty value: should not occur! (nothing added to the table)
2024-05-18 12:04:53,414 [INFO] CADModel:165 - CPN selected for project levelSTM32F401RCT6
2024-05-18 12:04:53,414 [INFO] CADModel:114 - Register for checkConnection events
2024-05-18 12:04:53,416 [INFO] RtosManager:697 - Active RTOS found at IOC load: FREERTOS [Cortex-M4NS]
2024-05-18 12:04:53,477 [INFO] OpenFileManager:343 - Restore cursor
2024-05-18 12:11:02,554 [ERROR] ConfigurationRetriever:142 - IOException on connection: Read timed out
2024-05-18 12:22:34,620 [ERROR] ConfigurationRetriever:142 - IOException on connection: Read timed out
2024-05-18 12:24:01,305 [ERROR] RtosPanel:558 - Can not restore the selected Tab for FREERTOS(A reason can be that the tab is no more available.)
2024-05-18 12:24:04,300 [ERROR] RtosPanel:558 - Can not restore the selected Tab for FREERTOS(A reason can be that the tab is no more available.)
2024-05-18 12:24:04,452 [ERROR] RtosPanel:558 - Can not restore the selected Tab for FREERTOS(A reason can be that the tab is no more available.)
2024-05-18 12:24:07,156 [INFO] UtilMem:75 - End SaveConfig() Used Memory: 216889552 Bytes (702545920)
2024-05-18 12:24:09,138 [INFO] UtilMem:75 - End SaveConfig() Used Memory: 238383312 Bytes (702545920)
2024-05-18 12:24:11,125 [INFO] UtilMem:75 - End SaveConfig() Used Memory: 297103568 Bytes (702545920)
2024-05-18 12:24:11,638 [INFO] BlockDiagram:2759 - set Specific Code input for plugin: NVIC
2024-05-18 12:24:11,638 [INFO] BlockDiagram:2759 - set Specific Code input for plugin: FREERTOS
2024-05-18 12:24:11,638 [INFO] BlockDiagram:2759 - set Specific Code input for plugin: USART
2024-05-18 12:24:11,638 [INFO] BlockDiagram:2759 - set Specific Code input for plugin: TIM1_8
2024-05-18 12:24:11,638 [INFO] BlockDiagram:2759 - set Specific Code input for plugin: SYS
2024-05-18 12:24:11,639 [INFO] BlockDiagram:2759 - set Specific Code input for plugin: GPIO
2024-05-18 12:24:11,639 [INFO] BlockDiagram:2759 - set Specific Code input for plugin: RCC
2024-05-18 12:24:11,641 [INFO] CodeGenerator:807 - code generatio: config db path: C:\ST\STM32CubeIDE_1.15.1\STM32CubeIDE\plugins\com.st.stm32cube.common.mx_6.11.1.202404110753\\db\
2024-05-18 12:24:11,789 [INFO] CodeEngine:255 - oldGeneratedFile, D:\ITI\Graduation_Project\Final_Proj\Final\MXTmpFiles\license.tmp_save
2024-05-18 12:24:12,158 [INFO] CodeEngine:279 - Generated code: D:\ITI\Graduation_Project\Final_Proj\Final\MXTmpFiles\license.tmp
2024-05-18 12:24:12,265 [INFO] CodeEngine:255 - oldGeneratedFile, D:\ITI\Graduation_Project\Final_Proj\Final\MXTmpFiles\gpio.tmp_save
2024-05-18 12:24:12,388 [INFO] CodeEngine:279 - Generated code: D:\ITI\Graduation_Project\Final_Proj\Final\MXTmpFiles\gpio.tmp
2024-05-18 12:24:12,575 [INFO] Middleware:1439 - No code input for Bsp Dependency
2024-05-18 12:24:12,588 [INFO] CodeEngine:255 - oldGeneratedFile, D:\ITI\Graduation_Project\Final_Proj\Final\MXTmpFiles\rtos_inc.tmp_save
2024-05-18 12:24:12,683 [INFO] CodeEngine:279 - Generated code: D:\ITI\Graduation_Project\Final_Proj\Final\MXTmpFiles\rtos_inc.tmp
2024-05-18 12:24:12,692 [INFO] CodeEngine:255 - oldGeneratedFile, D:\ITI\Graduation_Project\Final_Proj\Final\MXTmpFiles\rtos_kernelInit.tmp_save
2024-05-18 12:24:12,775 [INFO] CodeEngine:279 - Generated code: D:\ITI\Graduation_Project\Final_Proj\Final\MXTmpFiles\rtos_kernelInit.tmp
2024-05-18 12:24:12,785 [INFO] CodeEngine:255 - oldGeneratedFile, D:\ITI\Graduation_Project\Final_Proj\Final\MXTmpFiles\rtos_kernelStart.tmp_save
2024-05-18 12:24:12,859 [INFO] CodeEngine:279 - Generated code: D:\ITI\Graduation_Project\Final_Proj\Final\MXTmpFiles\rtos_kernelStart.tmp
2024-05-18 12:24:12,871 [INFO] CodeEngine:255 - oldGeneratedFile, D:\ITI\Graduation_Project\Final_Proj\Final\MXTmpFiles\rtos_typedefs.tmp_save
2024-05-18 12:24:12,939 [INFO] CodeEngine:279 - Generated code: D:\ITI\Graduation_Project\Final_Proj\Final\MXTmpFiles\rtos_typedefs.tmp
2024-05-18 12:24:12,957 [INFO] CodeEngine:255 - oldGeneratedFile, D:\ITI\Graduation_Project\Final_Proj\Final\MXTmpFiles\rtos_vars.tmp_save
2024-05-18 12:24:13,042 [INFO] CodeEngine:279 - Generated code: D:\ITI\Graduation_Project\Final_Proj\Final\MXTmpFiles\rtos_vars.tmp
2024-05-18 12:24:13,054 [INFO] CodeEngine:255 - oldGeneratedFile, D:\ITI\Graduation_Project\Final_Proj\Final\MXTmpFiles\rtos_pfp.tmp_save
2024-05-18 12:24:13,147 [INFO] CodeEngine:279 - Generated code: D:\ITI\Graduation_Project\Final_Proj\Final\MXTmpFiles\rtos_pfp.tmp
2024-05-18 12:24:13,160 [INFO] CodeEngine:255 - oldGeneratedFile, D:\ITI\Graduation_Project\Final_Proj\Final\MXTmpFiles\rtos_obj_creat.tmp_save
2024-05-18 12:24:13,253 [INFO] CodeEngine:279 - Generated code: D:\ITI\Graduation_Project\Final_Proj\Final\MXTmpFiles\rtos_obj_creat.tmp
2024-05-18 12:24:13,265 [INFO] CodeEngine:255 - oldGeneratedFile, D:\ITI\Graduation_Project\Final_Proj\Final\MXTmpFiles\rtos_default_thread.tmp_save
2024-05-18 12:24:13,344 [INFO] CodeEngine:279 - Generated code: D:\ITI\Graduation_Project\Final_Proj\Final\MXTmpFiles\rtos_default_thread.tmp
2024-05-18 12:24:13,354 [INFO] CodeEngine:255 - oldGeneratedFile, D:\ITI\Graduation_Project\Final_Proj\Final\MXTmpFiles\rtos_threads.tmp_save
2024-05-18 12:24:13,412 [INFO] CodeEngine:279 - Generated code: D:\ITI\Graduation_Project\Final_Proj\Final\MXTmpFiles\rtos_threads.tmp
2024-05-18 12:24:13,422 [INFO] Middleware:1439 - No code input for Bsp Dependency
2024-05-18 12:24:13,430 [INFO] CodeEngine:255 - oldGeneratedFile, D:\ITI\Graduation_Project\Final_Proj\Final\MXTmpFiles\rtos_inc.tmp_save
2024-05-18 12:24:13,506 [INFO] CodeEngine:279 - Generated code: D:\ITI\Graduation_Project\Final_Proj\Final\MXTmpFiles\rtos_inc.tmp
2024-05-18 12:24:13,510 [INFO] CodeEngine:255 - oldGeneratedFile, D:\ITI\Graduation_Project\Final_Proj\Final\MXTmpFiles\rtos_kernelInit.tmp_save
2024-05-18 12:24:13,652 [INFO] CodeEngine:279 - Generated code: D:\ITI\Graduation_Project\Final_Proj\Final\MXTmpFiles\rtos_kernelInit.tmp
2024-05-18 12:24:13,660 [INFO] CodeEngine:255 - oldGeneratedFile, D:\ITI\Graduation_Project\Final_Proj\Final\MXTmpFiles\rtos_kernelStart.tmp_save
2024-05-18 12:24:13,726 [INFO] CodeEngine:279 - Generated code: D:\ITI\Graduation_Project\Final_Proj\Final\MXTmpFiles\rtos_kernelStart.tmp
2024-05-18 12:24:13,731 [INFO] CodeEngine:255 - oldGeneratedFile, D:\ITI\Graduation_Project\Final_Proj\Final\MXTmpFiles\rtos_typedefs.tmp_save
2024-05-18 12:24:13,788 [INFO] CodeEngine:279 - Generated code: D:\ITI\Graduation_Project\Final_Proj\Final\MXTmpFiles\rtos_typedefs.tmp
2024-05-18 12:24:13,800 [INFO] CodeEngine:255 - oldGeneratedFile, D:\ITI\Graduation_Project\Final_Proj\Final\MXTmpFiles\rtos_vars.tmp_save
2024-05-18 12:24:13,853 [INFO] CodeEngine:279 - Generated code: D:\ITI\Graduation_Project\Final_Proj\Final\MXTmpFiles\rtos_vars.tmp
2024-05-18 12:24:13,857 [INFO] CodeEngine:255 - oldGeneratedFile, D:\ITI\Graduation_Project\Final_Proj\Final\MXTmpFiles\rtos_pfp.tmp_save
2024-05-18 12:24:13,903 [INFO] CodeEngine:279 - Generated code: D:\ITI\Graduation_Project\Final_Proj\Final\MXTmpFiles\rtos_pfp.tmp
2024-05-18 12:24:13,913 [INFO] CodeEngine:255 - oldGeneratedFile, D:\ITI\Graduation_Project\Final_Proj\Final\MXTmpFiles\rtos_obj_creat.tmp_save
2024-05-18 12:24:13,961 [INFO] CodeEngine:279 - Generated code: D:\ITI\Graduation_Project\Final_Proj\Final\MXTmpFiles\rtos_obj_creat.tmp
2024-05-18 12:24:13,965 [INFO] CodeEngine:255 - oldGeneratedFile, D:\ITI\Graduation_Project\Final_Proj\Final\MXTmpFiles\rtos_default_thread.tmp_save
2024-05-18 12:24:14,010 [INFO] CodeEngine:279 - Generated code: D:\ITI\Graduation_Project\Final_Proj\Final\MXTmpFiles\rtos_default_thread.tmp
2024-05-18 12:24:14,014 [INFO] CodeEngine:255 - oldGeneratedFile, D:\ITI\Graduation_Project\Final_Proj\Final\MXTmpFiles\rtos_threads.tmp_save
2024-05-18 12:24:14,057 [INFO] CodeEngine:279 - Generated code: D:\ITI\Graduation_Project\Final_Proj\Final\MXTmpFiles\rtos_threads.tmp
2024-05-18 12:24:14,076 [INFO] CodeEngine:255 - oldGeneratedFile, D:\ITI\Graduation_Project\Final_Proj\Final\Core\Inc\FreeRTOSConfig.h_save
2024-05-18 12:24:14,170 [INFO] CodeEngine:279 - Generated code: D:\ITI\Graduation_Project\Final_Proj\Final\Core\Inc\FreeRTOSConfig.h
2024-05-18 12:24:14,188 [INFO] CodeEngine:255 - oldGeneratedFile, D:\ITI\Graduation_Project\Final_Proj\Final\Core\Src\freertos.c_save
2024-05-18 12:24:14,276 [INFO] CodeEngine:279 - Generated code: D:\ITI\Graduation_Project\Final_Proj\Final\Core\Src\freertos.c
2024-05-18 12:24:14,334 [INFO] CodeEngine:255 - oldGeneratedFile, D:\ITI\Graduation_Project\Final_Proj\Final\Core\Src\stm32f4xx_it.c_save
2024-05-18 12:24:14,426 [INFO] CodeEngine:279 - Generated code: D:\ITI\Graduation_Project\Final_Proj\Final\Core\Src\stm32f4xx_it.c
2024-05-18 12:24:14,445 [INFO] CodeEngine:255 - oldGeneratedFile, D:\ITI\Graduation_Project\Final_Proj\Final\Core\Inc\stm32f4xx_it.h_save
2024-05-18 12:24:14,518 [INFO] CodeEngine:279 - Generated code: D:\ITI\Graduation_Project\Final_Proj\Final\Core\Inc\stm32f4xx_it.h
2024-05-18 12:24:14,550 [INFO] CodeEngine:255 - oldGeneratedFile, D:\ITI\Graduation_Project\Final_Proj\Final\Core\Src\stm32f4xx_hal_msp.c_save
2024-05-18 12:24:14,680 [INFO] CodeEngine:279 - Generated code: D:\ITI\Graduation_Project\Final_Proj\Final\Core\Src\stm32f4xx_hal_msp.c
2024-05-18 12:24:14,692 [INFO] CodeEngine:255 - oldGeneratedFile, D:\ITI\Graduation_Project\Final_Proj\Final\MXTmpFiles\system.tmp_save
2024-05-18 12:24:14,761 [INFO] CodeEngine:279 - Generated code: D:\ITI\Graduation_Project\Final_Proj\Final\MXTmpFiles\system.tmp
2024-05-18 12:24:14,780 [INFO] CodeEngine:255 - oldGeneratedFile, D:\ITI\Graduation_Project\Final_Proj\Final\Core\Src\stm32f4xx_hal_timebase_tim.c_save
2024-05-18 12:24:14,857 [INFO] CodeEngine:279 - Generated code: D:\ITI\Graduation_Project\Final_Proj\Final\Core\Src\stm32f4xx_hal_timebase_tim.c
2024-05-18 12:24:14,879 [INFO] CodeEngine:311 - oldGeneratedFile, D:\ITI\Graduation_Project\Final_Proj\Final\Core\Inc\stm32f4xx_hal_conf.h_save
2024-05-18 12:24:14,960 [INFO] CodeEngine:335 - Generated code: D:\ITI\Graduation_Project\Final_Proj\Final\Core\Inc\stm32f4xx_hal_conf.h
2024-05-18 12:24:14,989 [WARN] IPConfigManager:3513 - IP not found : TIM
2024-05-18 12:24:14,990 [WARN] CodeGenerator:3951 - IP not found : null
2024-05-18 12:24:15,010 [INFO] CodeEngine:255 - oldGeneratedFile, D:\ITI\Graduation_Project\Final_Proj\Final\Core\Inc\main.h_save
2024-05-18 12:24:15,145 [INFO] CodeEngine:279 - Generated code: D:\ITI\Graduation_Project\Final_Proj\Final\Core\Inc\main.h
2024-05-18 12:24:15,168 [INFO] CodeEngine:255 - oldGeneratedFile, D:\ITI\Graduation_Project\Final_Proj\Final\Core\Src\main.c_save
2024-05-18 12:24:15,327 [INFO] CodeEngine:279 - Generated code: D:\ITI\Graduation_Project\Final_Proj\Final\Core\Src\main.c
2024-05-18 12:24:15,800 [INFO] ProjectBuilder:3163 - Time for Copy HAL[1] : 247mS.
2024-05-18 12:24:15,807 [INFO] ProjectBuilder:4736 - Project Generator version: 4.3.0-B58
2024-05-18 12:24:15,899 [INFO] ConfigFileManager:1503 - The Die is : DIE423
2024-05-18 12:24:15,913 [INFO] ApiDbMcu:508 - Load IP Config File for FATFS
2024-05-18 12:24:15,924 [INFO] ApiDbMcu:508 - Load IP Config File for LIBJPEG
2024-05-18 12:24:15,939 [INFO] ApiDbMcu:508 - Load IP Config File for MBEDTLS
2024-05-18 12:24:15,954 [INFO] ApiDbMcu:508 - Load IP Config File for USB_DEVICE
2024-05-18 12:24:15,966 [INFO] ApiDbMcu:508 - Load IP Config File for USB_HOST
2024-05-18 12:24:16,669 [INFO] LogOutputStream:77 - [STDOUT_REDIRECT] 
2024-05-18 12:24:18,187 [INFO] ProjectBuilder:5002 - Time for Generating toolchain IDE Files: 2380mS.
2024-05-18 12:24:18,188 [INFO] ProjectBuilder:3034 - Time for Copy CMSIS : 0mS.
2024-05-18 12:24:18,191 [INFO] ProjectBuilder:3034 - Time for Copy CMSIS : 0mS.
2024-05-18 12:33:19,576 [INFO] TasksAndQueuesTab:757 - Dynamic
2024-05-18 12:33:19,576 [WARN] TasksAndQueuesTab:763 - 128 128
2024-05-18 12:33:19,577 [WARN] TasksAndQueuesTab:775 - max value is: 3840.0
2024-05-18 12:33:28,144 [INFO] EditThreadDialog:704 - RAM SIZE (in KB): 64
2024-05-18 12:33:28,145 [INFO] EditThreadDialog:706 - RAM SIZE (in words): 16384
2024-05-18 12:37:26,783 [INFO] TasksAndQueuesTab:757 - Dynamic
2024-05-18 12:37:26,783 [WARN] TasksAndQueuesTab:763 - 128 128
2024-05-18 12:37:26,783 [WARN] TasksAndQueuesTab:775 - max value is: 3840.0
2024-05-18 12:37:26,911 [ERROR] RtosPanel:558 - Can not restore the selected Tab for FREERTOS(A reason can be that the tab is no more available.)
2024-05-18 12:37:29,495 [INFO] TasksAndQueuesTab:757 - Dynamic
2024-05-18 12:37:29,495 [WARN] TasksAndQueuesTab:763 - 128 128
2024-05-18 12:37:29,495 [WARN] TasksAndQueuesTab:775 - max value is: 3840.0
2024-05-18 12:39:07,308 [INFO] TasksAndQueuesTab:757 - Dynamic
2024-05-18 12:39:07,308 [WARN] TasksAndQueuesTab:763 - 128 128
2024-05-18 12:39:07,308 [WARN] TasksAndQueuesTab:775 - max value is: 3840.0
2024-05-18 12:39:09,920 [INFO] EditThreadDialog:704 - RAM SIZE (in KB): 64
2024-05-18 12:39:09,920 [INFO] EditThreadDialog:706 - RAM SIZE (in words): 16384
2024-05-18 12:40:04,919 [INFO] TasksAndQueuesTab:757 - Dynamic
2024-05-18 12:40:04,919 [WARN] TasksAndQueuesTab:763 - 128 128
2024-05-18 12:40:04,919 [WARN] TasksAndQueuesTab:775 - max value is: 3840.0
2024-05-18 12:40:04,919 [INFO] TasksAndQueuesTab:757 - Dynamic
2024-05-18 12:40:04,919 [WARN] TasksAndQueuesTab:763 - 128 128
2024-05-18 12:40:04,919 [WARN] TasksAndQueuesTab:775 - max value is: 3840.0
2024-05-18 12:40:22,914 [INFO] UtilMem:75 - End SaveConfig() Used Memory: 369152392 Bytes (851443712)
2024-05-18 12:40:24,906 [INFO] UtilMem:75 - End SaveConfig() Used Memory: 390082504 Bytes (851443712)
2024-05-18 12:40:26,453 [INFO] UtilMem:75 - End SaveConfig() Used Memory: 448276424 Bytes (851443712)
2024-05-18 12:40:26,634 [INFO] BlockDiagram:2759 - set Specific Code input for plugin: NVIC
2024-05-18 12:40:26,636 [INFO] BlockDiagram:2759 - set Specific Code input for plugin: FREERTOS
2024-05-18 12:40:26,636 [INFO] BlockDiagram:2759 - set Specific Code input for plugin: USART
2024-05-18 12:40:26,636 [INFO] BlockDiagram:2759 - set Specific Code input for plugin: TIM1_8
2024-05-18 12:40:26,636 [INFO] BlockDiagram:2759 - set Specific Code input for plugin: SYS
2024-05-18 12:40:26,637 [INFO] BlockDiagram:2759 - set Specific Code input for plugin: GPIO
2024-05-18 12:40:26,637 [INFO] BlockDiagram:2759 - set Specific Code input for plugin: RCC
2024-05-18 12:40:26,637 [INFO] CodeGenerator:807 - code generatio: config db path: C:\ST\STM32CubeIDE_1.15.1\STM32CubeIDE\plugins\com.st.stm32cube.common.mx_6.11.1.202404110753\\db\
2024-05-18 12:40:26,794 [INFO] CodeEngine:255 - oldGeneratedFile, D:\ITI\Graduation_Project\Final_Proj\Final\MXTmpFiles\license.tmp_save
2024-05-18 12:40:26,910 [INFO] CodeEngine:279 - Generated code: D:\ITI\Graduation_Project\Final_Proj\Final\MXTmpFiles\license.tmp
2024-05-18 12:40:26,949 [INFO] CodeEngine:255 - oldGeneratedFile, D:\ITI\Graduation_Project\Final_Proj\Final\MXTmpFiles\gpio.tmp_save
2024-05-18 12:40:27,034 [INFO] CodeEngine:279 - Generated code: D:\ITI\Graduation_Project\Final_Proj\Final\MXTmpFiles\gpio.tmp
2024-05-18 12:40:27,175 [INFO] Middleware:1439 - No code input for Bsp Dependency
2024-05-18 12:40:27,190 [INFO] CodeEngine:255 - oldGeneratedFile, D:\ITI\Graduation_Project\Final_Proj\Final\MXTmpFiles\rtos_inc.tmp_save
2024-05-18 12:40:27,278 [INFO] CodeEngine:279 - Generated code: D:\ITI\Graduation_Project\Final_Proj\Final\MXTmpFiles\rtos_inc.tmp
2024-05-18 12:40:27,285 [INFO] CodeEngine:255 - oldGeneratedFile, D:\ITI\Graduation_Project\Final_Proj\Final\MXTmpFiles\rtos_kernelInit.tmp_save
2024-05-18 12:40:27,377 [INFO] CodeEngine:279 - Generated code: D:\ITI\Graduation_Project\Final_Proj\Final\MXTmpFiles\rtos_kernelInit.tmp
2024-05-18 12:40:27,382 [INFO] CodeEngine:255 - oldGeneratedFile, D:\ITI\Graduation_Project\Final_Proj\Final\MXTmpFiles\rtos_kernelStart.tmp_save
2024-05-18 12:40:27,443 [INFO] CodeEngine:279 - Generated code: D:\ITI\Graduation_Project\Final_Proj\Final\MXTmpFiles\rtos_kernelStart.tmp
2024-05-18 12:40:27,447 [INFO] CodeEngine:255 - oldGeneratedFile, D:\ITI\Graduation_Project\Final_Proj\Final\MXTmpFiles\rtos_typedefs.tmp_save
2024-05-18 12:40:27,511 [INFO] CodeEngine:279 - Generated code: D:\ITI\Graduation_Project\Final_Proj\Final\MXTmpFiles\rtos_typedefs.tmp
2024-05-18 12:40:27,526 [INFO] CodeEngine:255 - oldGeneratedFile, D:\ITI\Graduation_Project\Final_Proj\Final\MXTmpFiles\rtos_vars.tmp_save
2024-05-18 12:40:27,611 [INFO] CodeEngine:279 - Generated code: D:\ITI\Graduation_Project\Final_Proj\Final\MXTmpFiles\rtos_vars.tmp
2024-05-18 12:40:27,621 [INFO] CodeEngine:255 - oldGeneratedFile, D:\ITI\Graduation_Project\Final_Proj\Final\MXTmpFiles\rtos_pfp.tmp_save
2024-05-18 12:40:27,689 [INFO] CodeEngine:279 - Generated code: D:\ITI\Graduation_Project\Final_Proj\Final\MXTmpFiles\rtos_pfp.tmp
2024-05-18 12:40:27,700 [INFO] CodeEngine:255 - oldGeneratedFile, D:\ITI\Graduation_Project\Final_Proj\Final\MXTmpFiles\rtos_obj_creat.tmp_save
2024-05-18 12:40:27,780 [INFO] CodeEngine:279 - Generated code: D:\ITI\Graduation_Project\Final_Proj\Final\MXTmpFiles\rtos_obj_creat.tmp
2024-05-18 12:40:27,785 [INFO] CodeEngine:255 - oldGeneratedFile, D:\ITI\Graduation_Project\Final_Proj\Final\MXTmpFiles\rtos_default_thread.tmp_save
2024-05-18 12:40:27,847 [INFO] CodeEngine:279 - Generated code: D:\ITI\Graduation_Project\Final_Proj\Final\MXTmpFiles\rtos_default_thread.tmp
2024-05-18 12:40:27,859 [INFO] CodeEngine:255 - oldGeneratedFile, D:\ITI\Graduation_Project\Final_Proj\Final\MXTmpFiles\rtos_threads.tmp_save
2024-05-18 12:40:27,918 [INFO] CodeEngine:279 - Generated code: D:\ITI\Graduation_Project\Final_Proj\Final\MXTmpFiles\rtos_threads.tmp
2024-05-18 12:40:27,927 [INFO] Middleware:1439 - No code input for Bsp Dependency
2024-05-18 12:40:27,935 [INFO] CodeEngine:255 - oldGeneratedFile, D:\ITI\Graduation_Project\Final_Proj\Final\MXTmpFiles\rtos_inc.tmp_save
2024-05-18 12:40:28,000 [INFO] CodeEngine:279 - Generated code: D:\ITI\Graduation_Project\Final_Proj\Final\MXTmpFiles\rtos_inc.tmp
2024-05-18 12:40:28,005 [INFO] CodeEngine:255 - oldGeneratedFile, D:\ITI\Graduation_Project\Final_Proj\Final\MXTmpFiles\rtos_kernelInit.tmp_save
2024-05-18 12:40:28,058 [INFO] CodeEngine:279 - Generated code: D:\ITI\Graduation_Project\Final_Proj\Final\MXTmpFiles\rtos_kernelInit.tmp
2024-05-18 12:40:28,062 [INFO] CodeEngine:255 - oldGeneratedFile, D:\ITI\Graduation_Project\Final_Proj\Final\MXTmpFiles\rtos_kernelStart.tmp_save
2024-05-18 12:40:28,112 [INFO] CodeEngine:279 - Generated code: D:\ITI\Graduation_Project\Final_Proj\Final\MXTmpFiles\rtos_kernelStart.tmp
2024-05-18 12:40:28,117 [INFO] CodeEngine:255 - oldGeneratedFile, D:\ITI\Graduation_Project\Final_Proj\Final\MXTmpFiles\rtos_typedefs.tmp_save
2024-05-18 12:40:28,176 [INFO] CodeEngine:279 - Generated code: D:\ITI\Graduation_Project\Final_Proj\Final\MXTmpFiles\rtos_typedefs.tmp
2024-05-18 12:40:28,186 [INFO] CodeEngine:255 - oldGeneratedFile, D:\ITI\Graduation_Project\Final_Proj\Final\MXTmpFiles\rtos_vars.tmp_save
2024-05-18 12:40:28,236 [INFO] CodeEngine:279 - Generated code: D:\ITI\Graduation_Project\Final_Proj\Final\MXTmpFiles\rtos_vars.tmp
2024-05-18 12:40:28,240 [INFO] CodeEngine:255 - oldGeneratedFile, D:\ITI\Graduation_Project\Final_Proj\Final\MXTmpFiles\rtos_pfp.tmp_save
2024-05-18 12:40:28,285 [INFO] CodeEngine:279 - Generated code: D:\ITI\Graduation_Project\Final_Proj\Final\MXTmpFiles\rtos_pfp.tmp
2024-05-18 12:40:28,295 [INFO] CodeEngine:255 - oldGeneratedFile, D:\ITI\Graduation_Project\Final_Proj\Final\MXTmpFiles\rtos_obj_creat.tmp_save
2024-05-18 12:40:28,357 [INFO] CodeEngine:279 - Generated code: D:\ITI\Graduation_Project\Final_Proj\Final\MXTmpFiles\rtos_obj_creat.tmp
2024-05-18 12:40:28,361 [INFO] CodeEngine:255 - oldGeneratedFile, D:\ITI\Graduation_Project\Final_Proj\Final\MXTmpFiles\rtos_default_thread.tmp_save
2024-05-18 12:40:28,408 [INFO] CodeEngine:279 - Generated code: D:\ITI\Graduation_Project\Final_Proj\Final\MXTmpFiles\rtos_default_thread.tmp
2024-05-18 12:40:28,412 [INFO] CodeEngine:255 - oldGeneratedFile, D:\ITI\Graduation_Project\Final_Proj\Final\MXTmpFiles\rtos_threads.tmp_save
2024-05-18 12:40:28,455 [INFO] CodeEngine:279 - Generated code: D:\ITI\Graduation_Project\Final_Proj\Final\MXTmpFiles\rtos_threads.tmp
2024-05-18 12:40:28,475 [INFO] CodeEngine:255 - oldGeneratedFile, D:\ITI\Graduation_Project\Final_Proj\Final\Core\Inc\FreeRTOSConfig.h_save
2024-05-18 12:40:28,562 [INFO] CodeEngine:279 - Generated code: D:\ITI\Graduation_Project\Final_Proj\Final\Core\Inc\FreeRTOSConfig.h
2024-05-18 12:40:28,581 [INFO] CodeEngine:255 - oldGeneratedFile, D:\ITI\Graduation_Project\Final_Proj\Final\Core\Src\freertos.c_save
2024-05-18 12:40:28,646 [INFO] CodeEngine:279 - Generated code: D:\ITI\Graduation_Project\Final_Proj\Final\Core\Src\freertos.c
2024-05-18 12:40:28,671 [INFO] CodeEngine:255 - oldGeneratedFile, D:\ITI\Graduation_Project\Final_Proj\Final\Core\Src\stm32f4xx_it.c_save
2024-05-18 12:40:28,863 [INFO] CodeEngine:279 - Generated code: D:\ITI\Graduation_Project\Final_Proj\Final\Core\Src\stm32f4xx_it.c
2024-05-18 12:40:28,874 [INFO] CodeEngine:255 - oldGeneratedFile, D:\ITI\Graduation_Project\Final_Proj\Final\Core\Inc\stm32f4xx_it.h_save
2024-05-18 12:40:28,949 [INFO] CodeEngine:279 - Generated code: D:\ITI\Graduation_Project\Final_Proj\Final\Core\Inc\stm32f4xx_it.h
2024-05-18 12:40:28,985 [INFO] CodeEngine:255 - oldGeneratedFile, D:\ITI\Graduation_Project\Final_Proj\Final\Core\Src\stm32f4xx_hal_msp.c_save
2024-05-18 12:40:29,126 [INFO] CodeEngine:279 - Generated code: D:\ITI\Graduation_Project\Final_Proj\Final\Core\Src\stm32f4xx_hal_msp.c
2024-05-18 12:40:29,137 [INFO] CodeEngine:255 - oldGeneratedFile, D:\ITI\Graduation_Project\Final_Proj\Final\MXTmpFiles\system.tmp_save
2024-05-18 12:40:29,193 [INFO] CodeEngine:279 - Generated code: D:\ITI\Graduation_Project\Final_Proj\Final\MXTmpFiles\system.tmp
2024-05-18 12:40:29,212 [INFO] CodeEngine:255 - oldGeneratedFile, D:\ITI\Graduation_Project\Final_Proj\Final\Core\Src\stm32f4xx_hal_timebase_tim.c_save
2024-05-18 12:40:29,383 [INFO] CodeEngine:279 - Generated code: D:\ITI\Graduation_Project\Final_Proj\Final\Core\Src\stm32f4xx_hal_timebase_tim.c
2024-05-18 12:40:29,412 [INFO] CodeEngine:311 - oldGeneratedFile, D:\ITI\Graduation_Project\Final_Proj\Final\Core\Inc\stm32f4xx_hal_conf.h_save
2024-05-18 12:40:29,516 [INFO] CodeEngine:335 - Generated code: D:\ITI\Graduation_Project\Final_Proj\Final\Core\Inc\stm32f4xx_hal_conf.h
2024-05-18 12:40:29,537 [WARN] IPConfigManager:3513 - IP not found : TIM
2024-05-18 12:40:29,538 [WARN] CodeGenerator:3951 - IP not found : null
2024-05-18 12:40:29,562 [INFO] CodeEngine:255 - oldGeneratedFile, D:\ITI\Graduation_Project\Final_Proj\Final\Core\Inc\main.h_save
2024-05-18 12:40:29,654 [INFO] CodeEngine:279 - Generated code: D:\ITI\Graduation_Project\Final_Proj\Final\Core\Inc\main.h
2024-05-18 12:40:29,675 [INFO] CodeEngine:255 - oldGeneratedFile, D:\ITI\Graduation_Project\Final_Proj\Final\Core\Src\main.c_save
2024-05-18 12:40:29,823 [INFO] CodeEngine:279 - Generated code: D:\ITI\Graduation_Project\Final_Proj\Final\Core\Src\main.c
2024-05-18 12:40:30,270 [INFO] ProjectBuilder:3163 - Time for Copy HAL[1] : 261mS.
2024-05-18 12:40:30,273 [INFO] ProjectBuilder:4736 - Project Generator version: 4.3.0-B58
2024-05-18 12:40:30,341 [INFO] ConfigFileManager:1503 - The Die is : DIE423
2024-05-18 12:40:33,619 [INFO] ProjectBuilder:5002 - Time for Generating toolchain IDE Files: 3345mS.
2024-05-18 12:40:33,619 [INFO] ProjectBuilder:3034 - Time for Copy CMSIS : 0mS.
2024-05-18 12:40:33,624 [INFO] ProjectBuilder:3034 - Time for Copy CMSIS : 0mS.
2024-05-18 16:13:57,955 [ERROR] LogOutputStream:75 - [STDERR_REDIRECT] 
2024-05-18 16:13:57,957 [ERROR] LogOutputStream:75 - [STDERR_REDIRECT] 
