2024-06-24 16:39:29,655 [INFO] MainUpdater:2873 - connection check result : 10
2024-06-24 16:40:02,513 [INFO] MainUpdater:2873 - connection check result : 10
2024-06-24 16:40:56,766 [INFO] MicroXplorer:468 - Change Database Path : 
2024-06-24 16:40:56,825 [INFO] MicroXplorer:498 - Change Database Version : DB.6.0.111
2024-06-24 16:41:10,021 [ERROR] ProjectManagerView:394 - 
java.lang.NullPointerException: Cannot invoke "javax.swing.JTextField.getText()" because the return value of "java.util.List.get(int)" is null
	at com.st.microxplorer.plugins.projectmanager.gui.ProjectChoiceTab$10.caretUpdate(ProjectChoiceTab.java:2504) ~[filemanager.jar:?]
	at javax.swing.text.JTextComponent.fireCaretUpdate(JTextComponent.java:412) ~[?:?]
	at javax.swing.text.JTextComponent$MutableCaretEvent.fire(JTextComponent.java:4491) ~[?:?]
	at javax.swing.text.JTextComponent$MutableCaretEvent.stateChanged(JTextComponent.java:4513) ~[?:?]
	at javax.swing.text.DefaultCaret.fireStateChanged(DefaultCaret.java:842) ~[?:?]
	at javax.swing.text.DefaultCaret.changeCaretPosition(DefaultCaret.java:1313) ~[?:?]
	at javax.swing.text.DefaultCaret.handleSetDot(DefaultCaret.java:1212) ~[?:?]
	at javax.swing.text.DefaultCaret.setDot(DefaultCaret.java:1193) ~[?:?]
	at javax.swing.text.DefaultCaret$Handler.insertUpdate(DefaultCaret.java:1789) ~[?:?]
	at javax.swing.text.AbstractDocument.fireInsertUpdate(AbstractDocument.java:226) ~[?:?]
	at javax.swing.text.AbstractDocument.handleInsertString(AbstractDocument.java:780) ~[?:?]
	at javax.swing.text.AbstractDocument.insertString(AbstractDocument.java:739) ~[?:?]
	at javax.swing.text.PlainDocument.insertString(PlainDocument.java:131) ~[?:?]
	at javax.swing.text.AbstractDocument.replace(AbstractDocument.java:698) ~[?:?]
	at javax.swing.text.JTextComponent.setText(JTextComponent.java:1729) ~[?:?]
	at com.st.microxplorer.plugins.projectmanager.gui.ProjectChoiceTab.createHeapStackFields(ProjectChoiceTab.java:944) ~[filemanager.jar:?]
	at com.st.microxplorer.plugins.projectmanager.gui.ProjectChoiceTab.buildLinkSettingsPanel(ProjectChoiceTab.java:3475) ~[filemanager.jar:?]
	at com.st.microxplorer.plugins.projectmanager.gui.ProjectChoiceTab.defineWindowsFields(ProjectChoiceTab.java:1816) ~[filemanager.jar:?]
	at com.st.microxplorer.plugins.projectmanager.gui.ProjectChoiceTab.updateSettings(ProjectChoiceTab.java:544) ~[filemanager.jar:?]
	at com.st.microxplorer.plugins.projectmanager.gui.ProjectSettingsPanel.UpdateDialog(ProjectSettingsPanel.java:245) ~[filemanager.jar:?]
	at com.st.microxplorer.plugins.projectmanager.ProjectManagerView.propertyChange(ProjectManagerView.java:391) ~[filemanager.jar:?]
	at java.beans.PropertyChangeSupport.fire(PropertyChangeSupport.java:343) ~[?:?]
	at java.beans.PropertyChangeSupport.firePropertyChange(PropertyChangeSupport.java:335) ~[?:?]
	at java.beans.PropertyChangeSupport.firePropertyChange(PropertyChangeSupport.java:268) ~[?:?]
	at com.st.microxplorer.util.MXPropertyChangeSupport.firePropertyChange(MXPropertyChangeSupport.java:54) ~[STM32CubeMX.jar:?]
	at com.st.microxplorer.mxsystem.MxSystem.closeConfig(MxSystem.java:900) ~[STM32CubeMX.jar:?]
	at com.st.microxplorer.maingui.MainPanel.closeConfig(MainPanel.java:776) ~[STM32CubeMX.jar:?]
	at com.st.microxplorer.plugins.filemanager.engine.OpenFileManager.loadConfigurationFile(OpenFileManager.java:245) ~[filemanager.jar:?]
	at com.st.microxplorer.plugins.filemanager.engine.MainFileManager.userLoadConfig(MainFileManager.java:315) ~[filemanager.jar:?]
	at com.st.microxplorer.plugins.filemanager.engine.MainFileManager.userLoadConfig(MainFileManager.java:293) ~[filemanager.jar:?]
	at com.st.microxplorer.plugins.filemanager.FileManagerView.getSpecificTask(FileManagerView.java:247) ~[filemanager.jar:?]
	at com.st.stm32cube.common.mx.editor.CubeMxEditor.getMxTabbedPaneInstance(CubeMxEditor.java:1198) ~[com.st.stm32cube.common.mx_6.11.1.202404110753/:?]
	at com.st.stm32cube.common.mx.editor.CubeMxEditor$12$1.createSwingComponent(CubeMxEditor.java:1068) ~[com.st.stm32cube.common.mx_6.11.1.202404110753/:?]
	at com.st.stm32cube.common.mx.oss.core.awtswtbridge.EmbeddedSwingComposite.doComponentCreation(EmbeddedSwingComposite.java:492) ~[com.st.stm32cube.common.mx.oss_6.11.1.202404110753/:?]
	at com.st.stm32cube.common.mx.oss.core.awtswtbridge.EmbeddedSwingComposite$4.run(EmbeddedSwingComposite.java:291) ~[com.st.stm32cube.common.mx.oss_6.11.1.202404110753/:?]
	at com.st.stm32cube.common.mx.oss.core.awtswtbridge.AwtEnvironment$2.run(AwtEnvironment.java:166) ~[com.st.stm32cube.common.mx.oss_6.11.1.202404110753/:?]
	at java.awt.event.InvocationEvent.dispatch(InvocationEvent.java:318) ~[?:?]
	at java.awt.EventQueue.dispatchEventImpl(EventQueue.java:773) ~[?:?]
	at java.awt.EventQueue$4.run(EventQueue.java:720) ~[?:?]
	at java.awt.EventQueue$4.run(EventQueue.java:714) ~[?:?]
	at java.security.AccessController.doPrivileged(AccessController.java:399) ~[?:?]
	at java.security.ProtectionDomain$JavaSecurityAccessImpl.doIntersectionPrivilege(ProtectionDomain.java:86) ~[?:?]
	at java.awt.EventQueue.dispatchEvent(EventQueue.java:742) ~[?:?]
	at java.awt.EventDispatchThread.pumpOneEventForFilters(EventDispatchThread.java:203) ~[?:?]
	at java.awt.EventDispatchThread.pumpEventsForFilter(EventDispatchThread.java:124) ~[?:?]
	at java.awt.EventDispatchThread.pumpEventsForHierarchy(EventDispatchThread.java:113) ~[?:?]
	at java.awt.EventDispatchThread.pumpEvents(EventDispatchThread.java:109) ~[?:?]
	at java.awt.EventDispatchThread.pumpEvents(EventDispatchThread.java:101) ~[?:?]
	at java.awt.EventDispatchThread.run(EventDispatchThread.java:90) ~[?:?]
2024-06-24 16:41:23,308 [WARN] ThirdParty:871 - waiting for thirdparty lock release [close project]
2024-06-24 16:41:23,308 [INFO] ThirdParty:873 - entering critical section [close project]
2024-06-24 16:41:23,372 [INFO] ThirdParty:883 - exiting critical section [close project]
2024-06-24 16:41:23,929 [INFO] PinOutPanel:1561 - setPackage(No Configuration,No Configuration)
2024-06-24 16:41:25,764 [WARN] IpParametersView:151 - Warning: This peripheral hasn't parameters
2024-06-24 16:41:26,663 [WARN] MainPanel:272 - <html><b><center>Warning: This peripheral has no parameters to be configured<br></b></html>
2024-06-24 16:41:31,873 [INFO] UtilMem:75 - Begin LoadConfig() Used Memory: 673539168 Bytes (1073741824)
2024-06-24 16:41:31,936 [INFO] MicroXplorer:468 - Change Database Path : 
2024-06-24 16:41:31,937 [INFO] MicroXplorer:498 - Change Database Version : DB.6.0.111
2024-06-24 16:41:31,937 [INFO] OpenFileManager:312 - Change cursor
2024-06-24 16:41:33,115 [INFO] RulesReader:64 - Compatibility file has been processed (297 Rules)
2024-06-24 16:41:33,794 [INFO] Mcu:2021 - Initializing MCU STM32F401R(B-C)Tx STM32F401RCTx STM32F401RCT6
2024-06-24 16:41:49,992 [INFO] Context:663 - Trying to add GPIOservice into a context  which must be forbidden
2024-06-24 16:41:57,022 [INFO] RtosManager:555 - Registered RTOS mode: class=CMSIS, group=RTOS, mode=CMSIS_V1, owner=FREERTOS
2024-06-24 16:41:57,078 [INFO] RtosManager:555 - Registered RTOS mode: class=CMSIS, group=RTOS2, mode=CMSIS_V2, owner=FREERTOS
2024-06-24 16:41:57,078 [INFO] RtosManager:555 - Registered RTOS mode: class=RTOS, group=Core, mode=CMSIS_V1, owner=FREERTOS
2024-06-24 16:41:57,078 [INFO] RtosManager:555 - Registered RTOS mode: class=RTOS, group=Core, mode=CMSIS_V2, owner=FREERTOS
2024-06-24 16:41:57,078 [WARN] ModelIntegratedComponent:184 - Missing modes for component STMicroelectronics:FreeRTOS:0.0.1:STMicroelectronics:RTOS:FreeRTOS:Core:::10.2.0:
2024-06-24 16:41:57,113 [WARN] ModelIntegratedComponent:182 - Modes not found for component STMicroelectronics:USB_HOST:1.0.0:STMicroelectronics:USB::USB Host:Audio HS::1.0:USB_HOST_1_0_RESTRICTED_HS
2024-06-24 16:41:57,113 [WARN] ModelIntegratedComponent:188 - Modes not found for component STMicroelectronics:USB_HOST:1.0.0:STMicroelectronics:USB::USB Host:Audio HS::1.0:USB_HOST_1_0_RESTRICTED_HS
2024-06-24 16:41:57,113 [WARN] ModelIntegratedComponent:182 - Modes not found for component STMicroelectronics:USB_HOST:1.0.0:STMicroelectronics:USB::USB Host:CDC HS::1.0:USB_HOST_1_0_RESTRICTED_HS
2024-06-24 16:41:57,113 [WARN] ModelIntegratedComponent:188 - Modes not found for component STMicroelectronics:USB_HOST:1.0.0:STMicroelectronics:USB::USB Host:CDC HS::1.0:USB_HOST_1_0_RESTRICTED_HS
2024-06-24 16:41:57,113 [WARN] ModelIntegratedComponent:182 - Modes not found for component STMicroelectronics:USB_HOST:1.0.0:STMicroelectronics:USB::USB Host:MSC HS::1.0:USB_HOST_1_0_RESTRICTED_HS
2024-06-24 16:41:57,113 [WARN] ModelIntegratedComponent:188 - Modes not found for component STMicroelectronics:USB_HOST:1.0.0:STMicroelectronics:USB::USB Host:MSC HS::1.0:USB_HOST_1_0_RESTRICTED_HS
2024-06-24 16:41:57,113 [WARN] ModelIntegratedComponent:182 - Modes not found for component STMicroelectronics:USB_HOST:1.0.0:STMicroelectronics:USB::USB Host:HID HS::1.0:USB_HOST_1_0_RESTRICTED_HS
2024-06-24 16:41:57,113 [WARN] ModelIntegratedComponent:188 - Modes not found for component STMicroelectronics:USB_HOST:1.0.0:STMicroelectronics:USB::USB Host:HID HS::1.0:USB_HOST_1_0_RESTRICTED_HS
2024-06-24 16:41:57,113 [WARN] ModelIntegratedComponent:182 - Modes not found for component STMicroelectronics:USB_HOST:1.0.0:STMicroelectronics:USB::USB Host:MTP HS::1.0:USB_HOST_1_0_RESTRICTED_HS
2024-06-24 16:41:57,113 [WARN] ModelIntegratedComponent:188 - Modes not found for component STMicroelectronics:USB_HOST:1.0.0:STMicroelectronics:USB::USB Host:MTP HS::1.0:USB_HOST_1_0_RESTRICTED_HS
2024-06-24 16:41:57,181 [WARN] ModelIntegratedComponent:63 - No mode defined for component null
2024-06-24 16:41:57,182 [WARN] ModelIntegratedComponent:63 - No mode defined for component null
2024-06-24 16:41:57,182 [WARN] ModelIntegratedComponent:63 - No mode defined for component null
2024-06-24 16:41:57,182 [WARN] ModelIntegratedComponent:63 - No mode defined for component null
2024-06-24 16:41:57,183 [WARN] ModelIntegratedComponent:63 - No mode defined for component null
2024-06-24 16:41:57,183 [WARN] ModelIntegratedComponent:63 - No mode defined for component null
2024-06-24 16:41:57,183 [WARN] ModelIntegratedComponent:63 - No mode defined for component null
2024-06-24 16:41:57,183 [WARN] ModelIntegratedComponent:63 - No mode defined for component null
2024-06-24 16:41:57,183 [WARN] ModelIntegratedComponent:63 - No mode defined for component null
2024-06-24 16:41:57,183 [WARN] ModelIntegratedComponent:63 - No mode defined for component null
2024-06-24 16:41:57,183 [WARN] ModelIntegratedComponent:63 - No mode defined for component null
2024-06-24 16:41:57,183 [WARN] ModelIntegratedComponent:63 - No mode defined for component null
2024-06-24 16:41:57,183 [WARN] ModelIntegratedComponent:63 - No mode defined for component null
2024-06-24 16:41:57,183 [WARN] ModelIntegratedComponent:63 - No mode defined for component null
2024-06-24 16:41:57,183 [WARN] ModelIntegratedComponent:63 - No mode defined for component null
2024-06-24 16:41:57,183 [WARN] ModelIntegratedComponent:63 - No mode defined for component null
2024-06-24 16:41:57,183 [WARN] ModelIntegratedComponent:63 - No mode defined for component null
2024-06-24 16:41:57,183 [WARN] ModelIntegratedComponent:63 - No mode defined for component null
2024-06-24 16:41:57,183 [WARN] ModelIntegratedComponent:63 - No mode defined for component null
2024-06-24 16:41:57,183 [WARN] ModelIntegratedComponent:63 - No mode defined for component null
2024-06-24 16:41:57,183 [WARN] ModelIntegratedComponent:63 - No mode defined for component null
2024-06-24 16:41:57,183 [WARN] ModelIntegratedComponent:63 - No mode defined for component null
2024-06-24 16:41:57,183 [WARN] ModelIntegratedComponent:63 - No mode defined for component null
2024-06-24 16:41:57,183 [WARN] ModelIntegratedComponent:63 - No mode defined for component null
2024-06-24 16:41:57,183 [WARN] ModelIntegratedComponent:63 - No mode defined for component null
2024-06-24 16:41:57,183 [WARN] ModelIntegratedComponent:63 - No mode defined for component null
2024-06-24 16:41:57,183 [WARN] ModelIntegratedComponent:63 - No mode defined for component null
2024-06-24 16:41:57,183 [WARN] ModelIntegratedComponent:63 - No mode defined for component null
2024-06-24 16:41:57,183 [WARN] ModelIntegratedComponent:63 - No mode defined for component null
2024-06-24 16:41:57,183 [WARN] ModelIntegratedComponent:63 - No mode defined for component null
2024-06-24 16:41:57,183 [WARN] ModelIntegratedComponent:63 - No mode defined for component null
2024-06-24 16:41:57,183 [WARN] ModelIntegratedComponent:63 - No mode defined for component null
2024-06-24 16:41:57,183 [WARN] ModelIntegratedComponent:63 - No mode defined for component null
2024-06-24 16:41:57,183 [WARN] ModelIntegratedComponent:63 - No mode defined for component null
2024-06-24 16:41:57,331 [WARN] ModelIntegratedComponent:182 - Modes not found for component STMicroelectronics:USB_DEVICE:1.0.0:STMicroelectronics:USB::USB Device:Audio HS::1.0:USB_DEVICE_1_0_RESTRICTED_HS
2024-06-24 16:41:57,331 [WARN] ModelIntegratedComponent:188 - Modes not found for component STMicroelectronics:USB_DEVICE:1.0.0:STMicroelectronics:USB::USB Device:Audio HS::1.0:USB_DEVICE_1_0_RESTRICTED_HS
2024-06-24 16:41:57,331 [WARN] ModelIntegratedComponent:182 - Modes not found for component STMicroelectronics:USB_DEVICE:1.0.0:STMicroelectronics:USB::USB Device:CDC HS::1.0:USB_DEVICE_1_0_RESTRICTED_HS
2024-06-24 16:41:57,331 [WARN] ModelIntegratedComponent:188 - Modes not found for component STMicroelectronics:USB_DEVICE:1.0.0:STMicroelectronics:USB::USB Device:CDC HS::1.0:USB_DEVICE_1_0_RESTRICTED_HS
2024-06-24 16:41:57,332 [WARN] ModelIntegratedComponent:182 - Modes not found for component STMicroelectronics:USB_DEVICE:1.0.0:STMicroelectronics:USB::USB Device:DFU HS::1.0:USB_DEVICE_1_0_RESTRICTED_HS
2024-06-24 16:41:57,332 [WARN] ModelIntegratedComponent:188 - Modes not found for component STMicroelectronics:USB_DEVICE:1.0.0:STMicroelectronics:USB::USB Device:DFU HS::1.0:USB_DEVICE_1_0_RESTRICTED_HS
2024-06-24 16:41:57,332 [WARN] ModelIntegratedComponent:182 - Modes not found for component STMicroelectronics:USB_DEVICE:1.0.0:STMicroelectronics:USB::USB Device:HID HS::1.0:USB_DEVICE_1_0_RESTRICTED_HS
2024-06-24 16:41:57,332 [WARN] ModelIntegratedComponent:188 - Modes not found for component STMicroelectronics:USB_DEVICE:1.0.0:STMicroelectronics:USB::USB Device:HID HS::1.0:USB_DEVICE_1_0_RESTRICTED_HS
2024-06-24 16:41:57,332 [WARN] ModelIntegratedComponent:182 - Modes not found for component STMicroelectronics:USB_DEVICE:1.0.0:STMicroelectronics:USB::USB Device:Custom HID HS::1.0:USB_DEVICE_1_0_RESTRICTED_HS
2024-06-24 16:41:57,332 [WARN] ModelIntegratedComponent:188 - Modes not found for component STMicroelectronics:USB_DEVICE:1.0.0:STMicroelectronics:USB::USB Device:Custom HID HS::1.0:USB_DEVICE_1_0_RESTRICTED_HS
2024-06-24 16:41:57,332 [WARN] ModelIntegratedComponent:182 - Modes not found for component STMicroelectronics:USB_DEVICE:1.0.0:STMicroelectronics:USB::USB Device:MSC HS::1.0:USB_DEVICE_1_0_RESTRICTED_HS
2024-06-24 16:41:57,332 [WARN] ModelIntegratedComponent:188 - Modes not found for component STMicroelectronics:USB_DEVICE:1.0.0:STMicroelectronics:USB::USB Device:MSC HS::1.0:USB_DEVICE_1_0_RESTRICTED_HS
2024-06-24 16:41:57,428 [INFO] ThirdPartyModel:298 - Start build external matchings
2024-06-24 16:41:57,700 [INFO] ThirdPartyModel:316 - End build external matchings
2024-06-24 16:41:57,843 [INFO] RtosManager:919 - Current active RTOS is FREERTOS [Cortex-M4NS]
2024-06-24 16:41:59,098 [INFO] UtilMem:75 - End LoadConfig() Used Memory: 482122160 Bytes (1073741824)
2024-06-24 16:42:00,510 [WARN] ThirdParty:833 - waiting for thirdparty lock release [change project]
2024-06-24 16:42:00,510 [INFO] ThirdParty:835 - entering critical section [change project]
2024-06-24 16:42:00,510 [INFO] ThirdParty:1030 - CMSIS Pack Vendor :STMicroelectronics USBPD 4.1
2024-06-24 16:42:00,510 [INFO] ThirdParty:1030 - CMSIS Pack Vendor :STMicroelectronics X-CUBE-GNSS1 6.0.0
2024-06-24 16:42:00,510 [INFO] ThirdParty:1030 - CMSIS Pack Vendor :STMicroelectronics USB_HOST 2.0.0
2024-06-24 16:42:00,510 [INFO] ThirdParty:1030 - CMSIS Pack Vendor :STMicroelectronics FP-SNS-MOTENVWB1 1.4.0
2024-06-24 16:42:00,510 [INFO] ThirdParty:1030 - CMSIS Pack Vendor :STMicroelectronics X-CUBE-AZRTOS-F4 1.1.0
2024-06-24 16:42:00,510 [INFO] ThirdParty:1030 - CMSIS Pack Vendor :STMicroelectronics LIBJPEG 8.0.0
2024-06-24 16:42:00,510 [INFO] ThirdParty:1030 - CMSIS Pack Vendor :STMicroelectronics X-CUBE-SMBUS 2.1.0
2024-06-24 16:42:00,510 [INFO] ThirdParty:1030 - CMSIS Pack Vendor :STMicroelectronics USB_DEVICE 3.0.0
2024-06-24 16:42:00,510 [INFO] ThirdParty:1030 - CMSIS Pack Vendor :STMicroelectronics X-CUBE-TCPP 4.1.0
2024-06-24 16:42:00,510 [INFO] ThirdParty:1030 - CMSIS Pack Vendor :STMicroelectronics X-CUBE-FREERTOS 1.2.0
2024-06-24 16:42:00,510 [INFO] ThirdParty:1030 - CMSIS Pack Vendor :STMicroelectronics X-CUBE-AZRTOS-WB 2.0.0
2024-06-24 16:42:00,510 [INFO] ThirdParty:1030 - CMSIS Pack Vendor :STMicroelectronics X-CUBE-TOUCHGFX 4.23.2
2024-06-24 16:42:00,510 [INFO] ThirdParty:1030 - CMSIS Pack Vendor :STMicroelectronics X-CUBE-AZRTOS-F7 1.1.0
2024-06-24 16:42:00,510 [INFO] ThirdParty:1030 - CMSIS Pack Vendor :STMicroelectronics X-CUBE-AZRTOS-L5 2.0.0
2024-06-24 16:42:00,510 [INFO] ThirdParty:1030 - CMSIS Pack Vendor :STMicroelectronics USB_DEVICE 2.0.0
2024-06-24 16:42:00,510 [INFO] ThirdParty:1030 - CMSIS Pack Vendor :STMicroelectronics X-CUBE-NFC6 3.1.0
2024-06-24 16:42:00,510 [INFO] ThirdParty:1030 - CMSIS Pack Vendor :STMicroelectronics FreeRTOS 0.0.1
2024-06-24 16:42:00,510 [INFO] ThirdParty:1030 - CMSIS Pack Vendor :STMicroelectronics X-CUBE-AZRTOS-G0 1.1.0
2024-06-24 16:42:00,510 [INFO] ThirdParty:1030 - CMSIS Pack Vendor :STMicroelectronics X-CUBE-SAFEA1 1.2.2
2024-06-24 16:42:00,511 [INFO] ThirdParty:1030 - CMSIS Pack Vendor :STMicroelectronics X-CUBE-NFC4 3.0.0
2024-06-24 16:42:00,511 [INFO] ThirdParty:1030 - CMSIS Pack Vendor :STMicroelectronics X-CUBE-SUBG2 5.0.0
2024-06-24 16:42:00,511 [INFO] ThirdParty:1030 - CMSIS Pack Vendor :STMicroelectronics STM32_WPAN 1.0.0
2024-06-24 16:42:00,511 [INFO] ThirdParty:1030 - CMSIS Pack Vendor :STMicroelectronics lwIP 2.0.3
2024-06-24 16:42:00,511 [INFO] ThirdParty:1030 - CMSIS Pack Vendor :STMicroelectronics FP-SNS-FLIGHT1 5.0.2
2024-06-24 16:42:00,511 [INFO] ThirdParty:1030 - CMSIS Pack Vendor :Cesanta I-CUBE-Mongoose 7.13.0
2024-06-24 16:42:00,511 [INFO] ThirdParty:1030 - CMSIS Pack Vendor :STMicroelectronics USB_HOST 1.0.0
2024-06-24 16:42:00,511 [INFO] ThirdParty:1030 - CMSIS Pack Vendor :STMicroelectronics X-CUBE-AI 9.0.0
2024-06-24 16:42:00,511 [INFO] ThirdParty:1030 - CMSIS Pack Vendor :STMicroelectronics X-CUBE-AZRTOS-G4 2.0.0
2024-06-24 16:42:00,511 [INFO] ThirdParty:1030 - CMSIS Pack Vendor :STMicroelectronics PDM2PCM 3.1.0
2024-06-24 16:42:00,511 [INFO] ThirdParty:1030 - CMSIS Pack Vendor :STMicroelectronics PDM2PCM 3.3.0
2024-06-24 16:42:00,511 [INFO] ThirdParty:1030 - CMSIS Pack Vendor :STMicroelectronics X-CUBE-DISPLAY 3.0.0
2024-06-24 16:42:00,511 [INFO] ThirdParty:1030 - CMSIS Pack Vendor :wolfSSL I-CUBE-wolfSSL 5.7.0
2024-06-24 16:42:00,511 [INFO] ThirdParty:1030 - CMSIS Pack Vendor :STMicroelectronics X-CUBE-BLE1 7.0.0
2024-06-24 16:42:00,511 [INFO] ThirdParty:1030 - CMSIS Pack Vendor :STMicroelectronics FP-ATR-SIGFOX1 3.2.0
2024-06-24 16:42:00,511 [INFO] ThirdParty:1030 - CMSIS Pack Vendor :STMicroelectronics X-CUBE-ISPU 2.0.0
2024-06-24 16:42:00,511 [INFO] ThirdParty:1030 - CMSIS Pack Vendor :STMicroelectronics X-CUBE-EEPRMA1 5.1.0
2024-06-24 16:42:00,511 [INFO] ThirdParty:1030 - CMSIS Pack Vendor :STMicroelectronics HAL Drivers 0.0.0
2024-06-24 16:42:00,511 [INFO] ThirdParty:1030 - CMSIS Pack Vendor :STMicroelectronics MBEDTLS 2.16.2
2024-06-24 16:42:00,511 [INFO] ThirdParty:1030 - CMSIS Pack Vendor :STMicroelectronics X-CUBE-ALS 1.0.2
2024-06-24 16:42:00,511 [INFO] ThirdParty:1030 - CMSIS Pack Vendor :emotas I-CUBE-CANOPEN 1.3.0
2024-06-24 16:42:00,511 [INFO] ThirdParty:1030 - CMSIS Pack Vendor :STMicroelectronics X-CUBE-MEMS1 10.0.0
2024-06-24 16:42:00,511 [INFO] ThirdParty:1030 - CMSIS Pack Vendor :STMicroelectronics X-CUBE-NFC7 1.0.1
2024-06-24 16:42:00,511 [INFO] ThirdParty:1030 - CMSIS Pack Vendor :STMicroelectronics MBEDTLS 2.14.1
2024-06-24 16:42:00,511 [INFO] ThirdParty:1030 - CMSIS Pack Vendor :ITTIA_DB I-CUBE-ITTIADB 8.9.0
2024-06-24 16:42:00,511 [INFO] ThirdParty:1030 - CMSIS Pack Vendor :portGmbH I-Cube-SoM-uGOAL 1.1.0
2024-06-24 16:42:00,511 [INFO] ThirdParty:1030 - CMSIS Pack Vendor :STMicroelectronics X-CUBE-ALS 1.0.1
2024-06-24 16:42:00,511 [INFO] ThirdParty:1030 - CMSIS Pack Vendor :STMicroelectronics X-CUBE-BLEMGR 3.1.0
2024-06-24 16:42:00,511 [INFO] ThirdParty:1030 - CMSIS Pack Vendor :STMicroelectronics ThreadX 1.0.0
2024-06-24 16:42:00,511 [INFO] ThirdParty:1030 - CMSIS Pack Vendor :STMicroelectronics FP-SNS-SMARTAG2 1.2.0
2024-06-24 16:42:00,511 [INFO] ThirdParty:1030 - CMSIS Pack Vendor :STMicroelectronics X-CUBE-AZRTOS-WL 2.0.0
2024-06-24 16:42:00,511 [INFO] ThirdParty:1030 - CMSIS Pack Vendor :SEGGER I-CUBE-embOS 1.3.1
2024-06-24 16:42:00,511 [INFO] ThirdParty:1030 - CMSIS Pack Vendor :STMicroelectronics X-CUBE-ALGOBUILD 1.4.0
2024-06-24 16:42:00,511 [INFO] ThirdParty:1030 - CMSIS Pack Vendor :STMicroelectronics FP-SNS-MOTENV1 5.0.0
2024-06-24 16:42:00,511 [INFO] ThirdParty:1030 - CMSIS Pack Vendor :STMicroelectronics USB_DEVICE 1.0.0
2024-06-24 16:42:00,511 [INFO] ThirdParty:1030 - CMSIS Pack Vendor :STMicroelectronics X-CUBE-AZRTOS-H7RS 1.0.0
2024-06-24 16:42:00,511 [INFO] ThirdParty:1030 - CMSIS Pack Vendor :wolfSSL I-CUBE-wolfMQTT 1.19.0
2024-06-24 16:42:00,511 [INFO] ThirdParty:1030 - CMSIS Pack Vendor :STMicroelectronics X-CUBE-AZRTOS-L4 2.0.0
2024-06-24 16:42:00,512 [INFO] ThirdParty:1030 - CMSIS Pack Vendor :STMicroelectronics ThreadX 0.0.2
2024-06-24 16:42:00,512 [INFO] ThirdParty:1030 - CMSIS Pack Vendor :WES I-CUBE-Cesium 1.3.0
2024-06-24 16:42:00,512 [INFO] ThirdParty:1030 - CMSIS Pack Vendor :STMicroelectronics FP-ATR-ASTRA1 2.0.0
2024-06-24 16:42:00,512 [INFO] ThirdParty:1030 - CMSIS Pack Vendor :STMicroelectronics lwIP 2.1.2
2024-06-24 16:42:00,512 [INFO] ThirdParty:1030 - CMSIS Pack Vendor :STMicroelectronics X-CUBE-SFXS2LP1 4.0.0
2024-06-24 16:42:00,512 [INFO] ThirdParty:1030 - CMSIS Pack Vendor :STMicroelectronics X-CUBE-BLE2 3.3.0
2024-06-24 16:42:00,512 [INFO] ThirdParty:1030 - CMSIS Pack Vendor :STMicroelectronics X-CUBE-TOF1 3.4.1
2024-06-24 16:42:00,512 [INFO] ThirdParty:1030 - CMSIS Pack Vendor :STMicroelectronics X-CUBE-AZRTOS-H7 3.2.0
2024-06-24 16:42:00,512 [INFO] ThirdParty:1030 - CMSIS Pack Vendor :Infineon AIROC-Wi-Fi-Bluetooth-STM32 1.6.0
2024-06-24 16:42:00,512 [INFO] ThirdParty:1030 - CMSIS Pack Vendor :STMicroelectronics PDM2PCM 3.2.0
2024-06-24 16:42:00,512 [INFO] ThirdParty:841 - exiting critical section [change project]
2024-06-24 16:42:02,538 [INFO] PinOutPanel:1561 - setPackage(No Configuration,No Configuration)
2024-06-24 16:42:02,570 [INFO] PinOutPanel:1561 - setPackage(STM32F401RCTx,LQFP64)
2024-06-24 16:42:04,021 [INFO] UtilMem:75 - Before build in PCC Used Memory: 409035488 Bytes (1073741824)
2024-06-24 16:42:06,282 [INFO] UtilMem:75 - After build in PCC Used Memory: 390566560 Bytes (1073741824)
2024-06-24 16:42:06,447 [INFO] ApiDbMcu:508 - Load IP Config File for FREERTOS
2024-06-24 16:42:06,736 [INFO] IPUIPlugin:80 - create IPUIPlugin
2024-06-24 16:42:06,762 [INFO] IPUIPlugin:80 - create IPUIPlugin
2024-06-24 16:42:06,762 [INFO] IPUIPlugin:80 - create IPUIPlugin
2024-06-24 16:42:06,762 [INFO] IPUIPlugin:80 - create IPUIPlugin
2024-06-24 16:42:06,836 [INFO] IPUIPlugin:80 - create IPUIPlugin
2024-06-24 16:42:06,837 [INFO] IPUIPlugin:80 - create IPUIPlugin
2024-06-24 16:42:06,837 [INFO] IPUIPlugin:80 - create IPUIPlugin
2024-06-24 16:42:06,837 [INFO] IPUIPlugin:80 - create IPUIPlugin
2024-06-24 16:42:06,837 [INFO] IPUIPlugin:80 - create IPUIPlugin
2024-06-24 16:42:06,837 [INFO] IPUIPlugin:80 - create IPUIPlugin
2024-06-24 16:42:06,837 [INFO] IPUIPlugin:80 - create IPUIPlugin
2024-06-24 16:42:06,837 [INFO] IPUIPlugin:80 - create IPUIPlugin
2024-06-24 16:42:06,838 [INFO] IPUIPlugin:80 - create IPUIPlugin
2024-06-24 16:42:06,838 [INFO] IPUIPlugin:80 - create IPUIPlugin
2024-06-24 16:42:06,838 [INFO] IPUIPlugin:80 - create IPUIPlugin
2024-06-24 16:42:06,838 [INFO] IPUIPlugin:80 - create IPUIPlugin
2024-06-24 16:42:06,838 [INFO] IPUIPlugin:80 - create IPUIPlugin
2024-06-24 16:42:06,838 [INFO] IPUIPlugin:80 - create IPUIPlugin
2024-06-24 16:42:06,838 [INFO] IPUIPlugin:80 - create IPUIPlugin
2024-06-24 16:42:06,838 [INFO] IPUIPlugin:80 - create IPUIPlugin
2024-06-24 16:42:06,839 [INFO] IPUIPlugin:80 - create IPUIPlugin
2024-06-24 16:42:06,839 [INFO] IPUIPlugin:80 - create IPUIPlugin
2024-06-24 16:42:06,839 [INFO] IPUIPlugin:80 - create IPUIPlugin
2024-06-24 16:42:06,881 [INFO] IPUIPlugin:80 - create IPUIPlugin
2024-06-24 16:42:06,882 [INFO] IPUIPlugin:80 - create IPUIPlugin
2024-06-24 16:42:06,952 [INFO] IPUIPlugin:80 - create IPUIPlugin
2024-06-24 16:42:06,952 [INFO] IPUIPlugin:80 - create IPUIPlugin
2024-06-24 16:42:06,952 [INFO] IPUIPlugin:80 - create IPUIPlugin
2024-06-24 16:42:06,952 [INFO] IPUIPlugin:80 - create IPUIPlugin
2024-06-24 16:42:06,953 [INFO] IPUIPlugin:80 - create IPUIPlugin
2024-06-24 16:42:06,953 [INFO] IPUIPlugin:80 - create IPUIPlugin
2024-06-24 16:42:06,953 [INFO] IPUIPlugin:80 - create IPUIPlugin
2024-06-24 16:42:06,953 [INFO] IPUIPlugin:80 - create IPUIPlugin
2024-06-24 16:42:06,953 [INFO] IPUIPlugin:80 - create IPUIPlugin
2024-06-24 16:42:06,954 [INFO] IPUIPlugin:80 - create IPUIPlugin
2024-06-24 16:42:06,954 [INFO] IPUIPlugin:80 - create IPUIPlugin
2024-06-24 16:42:06,954 [INFO] IPUIPlugin:80 - create IPUIPlugin
2024-06-24 16:42:06,954 [INFO] IPUIPlugin:80 - create IPUIPlugin
2024-06-24 16:42:07,084 [INFO] ApiDbMcu:508 - Load IP Config File for PDM2PCM
2024-06-24 16:42:07,121 [WARN] FreeRTOS:1023 - Null or empty value: should not occur! (nothing added to the table)
2024-06-24 16:42:07,358 [INFO] CADModel:165 - CPN selected for project levelSTM32F401RCT6
2024-06-24 16:42:07,358 [INFO] CADModel:114 - Register for checkConnection events
2024-06-24 16:42:07,361 [INFO] RtosManager:697 - Active RTOS found at IOC load: FREERTOS [Cortex-M4NS]
2024-06-24 16:42:07,593 [INFO] OpenFileManager:343 - Restore cursor
