2024-06-11 12:54:03,250 [INFO] Activator:176 - 


2024-06-11 12:54:03,279 [INFO] Activator:177 - !SESSION log4j initialized
2024-06-11 12:54:11,709 [INFO] LogOutputStream:77 - [STDOUT_REDIRECT] 
2024-06-11 12:54:14,310 [INFO] ApplicationProperties:184 - Using Application install path: C:\ST\STM32CubeIDE_1.15.1\STM32CubeIDE\plugins\com.st.stm32cube.common.mx_6.11.1.202404110753
2024-06-11 12:54:14,339 [INFO] DbMcusXml:78 - Set database path to: C:\ST\STM32CubeIDE_1.15.1\STM32CubeIDE\plugins\com.st.stm32cube.common.mx_6.11.1.202404110753\\db\/mcu/
2024-06-11 12:54:14,340 [INFO] ApiDb:274 - Set plugin database path to: C:\ST\STM32CubeIDE_1.15.1\STM32CubeIDE\plugins\com.st.stm32cube.common.mx_6.11.1.202404110753\\db\/plugins/boardmanager/
2024-06-11 12:54:14,341 [WARN] ApiDb:259 - Overriding images path with different value:  => C:\ST\STM32CubeIDE_1.15.1\STM32CubeIDE\plugins\com.st.stm32cube.common.mx_6.11.1.202404110753\\db\/plugins/mcufinder/images/
2024-06-11 12:54:14,366 [INFO] ApiDb:250 - Set database path to: C:\Users\Momen El Sayed\.stmcufinder\plugins\mcufinder//mcu/
2024-06-11 12:54:14,368 [INFO] DbMcusAds:125 - Set database path to: C:\Users\Momen El Sayed\.stmcufinder\plugins\mcufinder//mcu/
2024-06-11 12:54:14,372 [INFO] CrossReferenceDbSqlite:203 - Set database path to: C:\Users\Momen El Sayed\.stmcufinder\plugins\mcufinder//mcu/cs/
2024-06-11 12:54:14,589 [INFO] RulesReader:64 - Compatibility file has been processed (297 Rules)
2024-06-11 12:54:14,838 [INFO] DbMcusXml:78 - Set database path to: C:\ST\STM32CubeIDE_1.15.1\STM32CubeIDE\plugins\com.st.stm32cube.common.mx_6.11.1.202404110753\\db\/mcu/
2024-06-11 12:54:14,839 [INFO] ApiDb:274 - Set plugin database path to: C:\ST\STM32CubeIDE_1.15.1\STM32CubeIDE\plugins\com.st.stm32cube.common.mx_6.11.1.202404110753\\db\/plugins/boardmanager/
2024-06-11 12:54:14,839 [INFO] ApiDb:261 - Set plugin images path to: C:\ST\STM32CubeIDE_1.15.1\STM32CubeIDE\plugins\com.st.stm32cube.common.mx_6.11.1.202404110753\\db\/plugins/mcufinder/images/
2024-06-11 12:54:14,839 [WARN] DbFile:41 - Overriding database path with different value: C:\Users\Momen El Sayed\.stmcufinder\plugins\mcufinder/ => C:\Users\Momen El Sayed\.stmcufinder\plugins\mcufinder
2024-06-11 12:54:14,839 [INFO] ApiDb:250 - Set database path to: C:\Users\Momen El Sayed\.stmcufinder\plugins\mcufinder//mcu/
2024-06-11 12:54:14,839 [WARN] DbFile:41 - Overriding database path with different value: C:\Users\Momen El Sayed\.stmcufinder\plugins\mcufinder/ => C:\Users\Momen El Sayed\.stmcufinder\plugins\mcufinder
2024-06-11 12:54:14,839 [INFO] DbMcusAds:125 - Set database path to: C:\Users\Momen El Sayed\.stmcufinder\plugins\mcufinder//mcu/
2024-06-11 12:54:14,840 [WARN] DbFile:41 - Overriding database path with different value: C:\Users\Momen El Sayed\.stmcufinder\plugins\mcufinder/ => C:\Users\Momen El Sayed\.stmcufinder\plugins\mcufinder
2024-06-11 12:54:14,840 [WARN] DbFile:41 - Overriding database path with different value: C:\Users\Momen El Sayed\.stmcufinder\plugins\mcufinder/ => C:\Users\Momen El Sayed\.stmcufinder\plugins\mcufinder
2024-06-11 12:54:14,840 [INFO] CrossReferenceDbSqlite:203 - Set database path to: C:\Users\Momen El Sayed\.stmcufinder\plugins\mcufinder//mcu/cs/
2024-06-11 12:54:15,002 [INFO] MainPanel:264 - HeapMemory: 268435456
2024-06-11 12:54:15,163 [INFO] DbMcusXml:78 - Set database path to: C:\ST\STM32CubeIDE_1.15.1\STM32CubeIDE\plugins\com.st.stm32cube.common.mx_6.11.1.202404110753\\db\/mcu/
2024-06-11 12:54:15,163 [INFO] ApiDb:274 - Set plugin database path to: C:\ST\STM32CubeIDE_1.15.1\STM32CubeIDE\plugins\com.st.stm32cube.common.mx_6.11.1.202404110753\\db\/plugins/boardmanager/
2024-06-11 12:54:15,163 [INFO] ApiDb:261 - Set plugin images path to: C:\ST\STM32CubeIDE_1.15.1\STM32CubeIDE\plugins\com.st.stm32cube.common.mx_6.11.1.202404110753\\db\/plugins/mcufinder/images/
2024-06-11 12:54:15,164 [WARN] DbFile:41 - Overriding database path with different value: C:\Users\Momen El Sayed\.stmcufinder\plugins\mcufinder/ => C:\Users\Momen El Sayed\.stmcufinder\plugins\mcufinder
2024-06-11 12:54:15,164 [INFO] ApiDb:250 - Set database path to: C:\Users\Momen El Sayed\.stmcufinder\plugins\mcufinder//mcu/
2024-06-11 12:54:15,164 [WARN] DbFile:41 - Overriding database path with different value: C:\Users\Momen El Sayed\.stmcufinder\plugins\mcufinder/ => C:\Users\Momen El Sayed\.stmcufinder\plugins\mcufinder
2024-06-11 12:54:15,164 [INFO] DbMcusAds:125 - Set database path to: C:\Users\Momen El Sayed\.stmcufinder\plugins\mcufinder//mcu/
2024-06-11 12:54:15,164 [WARN] DbFile:41 - Overriding database path with different value: C:\Users\Momen El Sayed\.stmcufinder\plugins\mcufinder/ => C:\Users\Momen El Sayed\.stmcufinder\plugins\mcufinder
2024-06-11 12:54:15,164 [WARN] DbFile:41 - Overriding database path with different value: C:\Users\Momen El Sayed\.stmcufinder\plugins\mcufinder/ => C:\Users\Momen El Sayed\.stmcufinder\plugins\mcufinder
2024-06-11 12:54:15,164 [INFO] CrossReferenceDbSqlite:203 - Set database path to: C:\Users\Momen El Sayed\.stmcufinder\plugins\mcufinder//mcu/cs/
2024-06-11 12:54:15,204 [INFO] ApplicationProperties:184 - Using Application install path: C:\ST\STM32CubeIDE_1.15.1\STM32CubeIDE\plugins\com.st.stm32cube.common.mx_6.11.1.202404110753
2024-06-11 12:54:15,207 [INFO] PluginManage:196 - Search for loadable plugins [exclusion list=, ]
2024-06-11 12:54:15,211 [INFO] PluginManage:310 - Check plugin analytics
2024-06-11 12:54:15,477 [INFO] AnalyticsPlugin:253 - Accepted Software Licenses: 
2024-06-11 12:54:15,477 [INFO] AnalyticsPlugin:255 - Accepted CMSIS Pack Licenses: 
2024-06-11 12:54:15,478 [INFO] AnalyticsPlugin:257 - Accepted Firmware Licenses: FW.F4.1.28.0
2024-06-11 12:54:15,481 [INFO] PluginManage:359 - Loaded plugin analytics (category:tool,tabindex:-1)
2024-06-11 12:54:15,481 [INFO] PluginManage:310 - Check plugin cadmodel
2024-06-11 12:54:15,501 [INFO] CADModel:105 - Init CAD model plugin
2024-06-11 12:54:15,501 [INFO] PluginManage:359 - Loaded plugin cadmodel (category:power,tabindex:5)
2024-06-11 12:54:15,502 [INFO] PluginManage:310 - Check plugin clock
2024-06-11 12:54:15,525 [INFO] PluginManage:359 - Loaded plugin clock (category:base,tabindex:2)
2024-06-11 12:54:15,525 [INFO] PluginManage:310 - Check plugin ddr
2024-06-11 12:54:15,528 [INFO] PluginManage:359 - Loaded plugin ddr (category:tool,tabindex:6)
2024-06-11 12:54:15,528 [INFO] PluginManage:310 - Check plugin filemanager
2024-06-11 12:54:15,727 [INFO] PluginManage:359 - Loaded plugin filemanager (category:base,tabindex:10)
2024-06-11 12:54:15,727 [INFO] PluginManage:310 - Check plugin ipmanager
2024-06-11 12:54:15,749 [INFO] PluginManage:359 - Loaded plugin ipmanager (category:base,tabindex:5)
2024-06-11 12:54:15,749 [INFO] PluginManage:310 - Check plugin lpbam
2024-06-11 12:54:15,765 [INFO] PluginManage:359 - Loaded plugin lpbam (category:base,tabindex:0)
2024-06-11 12:54:15,765 [INFO] PluginManage:310 - Check plugin memorymap
2024-06-11 12:54:15,793 [INFO] PluginManage:359 - Loaded plugin memorymap (category:base,tabindex:4)
2024-06-11 12:54:15,793 [INFO] PluginManage:310 - Check plugin pinoutandconfiguration
2024-06-11 12:54:15,811 [INFO] PluginManage:359 - Loaded plugin pinoutandconfiguration (category:base,tabindex:1)
2024-06-11 12:54:15,811 [INFO] PluginManage:310 - Check plugin pinoutconfig
2024-06-11 12:54:15,930 [WARN] SupportedApi:132 - Cannot load RTOS API schema: s4s-elt-must-match.1: The content of 'definitions' must match (annotation?, (simpleType | complexType)?, (unique | key | keyref)*)). A problem was found starting at: attribute.
2024-06-11 12:54:16,176 [INFO] PluginManage:359 - Loaded plugin pinoutconfig (category:base,tabindex:0)
2024-06-11 12:54:16,177 [INFO] PluginManage:310 - Check plugin power
2024-06-11 12:54:16,202 [INFO] PluginManage:359 - Loaded plugin power (category:power,tabindex:4)
2024-06-11 12:54:16,202 [INFO] PluginManage:310 - Check plugin projectmanager
2024-06-11 12:54:16,225 [INFO] PluginManage:359 - Loaded plugin projectmanager (category:projectmanager,tabindex:3)
2024-06-11 12:54:16,225 [INFO] PluginManage:310 - Check plugin thirdparty
2024-06-11 12:54:16,574 [ERROR] ConfigurationRetriever:142 - IOException on connection: Read timed out
2024-06-11 12:54:16,618 [INFO] PluginManage:359 - Loaded plugin thirdparty (category:base,tabindex:-1)
2024-06-11 12:54:16,618 [WARN] IntegrityCheckThread:84 - waiting for thirdparty lock release [integrity check]
2024-06-11 12:54:16,618 [INFO] PluginManage:310 - Check plugin tools
2024-06-11 12:54:16,618 [INFO] IntegrityCheckThread:86 - entering critical section [integrity check]
2024-06-11 12:54:16,619 [INFO] ThirdPartyUpdaterWithRetryManager:70 - Updater plugin not ready yet. [1/15]
2024-06-11 12:54:16,701 [INFO] PluginManage:359 - Loaded plugin tools (category:base,tabindex:7)
2024-06-11 12:54:16,702 [INFO] PluginManage:310 - Check plugin tutovideos
2024-06-11 12:54:16,995 [INFO] PluginManage:359 - Loaded plugin tutovideos (category:base,tabindex:-1)
2024-06-11 12:54:16,996 [INFO] PluginManage:310 - Check plugin updater
2024-06-11 12:54:17,007 [INFO] PluginManage:359 - Loaded plugin updater (category:base,tabindex:12)
2024-06-11 12:54:17,007 [INFO] PluginManage:310 - Check plugin userauth
2024-06-11 12:54:17,013 [INFO] UserAuth:114 - Init User Auth plugin
2024-06-11 12:54:17,013 [INFO] PluginManage:359 - Loaded plugin userauth (category:base,tabindex:14)
2024-06-11 12:54:17,014 [INFO] PluginManage:283 - PluginManage : Loaded plugins [17]
2024-06-11 12:54:17,500 [INFO] PinOutPanel:1561 - setPackage(No Configuration,No Configuration)
2024-06-11 12:54:17,771 [INFO] CADModel:165 - CPN selected for project level
2024-06-11 12:54:17,771 [INFO] CADModel:114 - Register for checkConnection events
2024-06-11 12:54:17,804 [INFO] IPUIPlugin:80 - create IPUIPlugin
2024-06-11 12:54:17,805 [INFO] PluginManager:220 - loadIPPluginJar : add adc
2024-06-11 12:54:17,855 [INFO] IPUIPlugin:80 - create IPUIPlugin
2024-06-11 12:54:17,855 [INFO] PluginManager:220 - loadIPPluginJar : add aes
2024-06-11 12:54:17,918 [INFO] IPUIPlugin:80 - create IPUIPlugin
2024-06-11 12:54:17,918 [INFO] PluginManager:220 - loadIPPluginJar : add can
2024-06-11 12:54:17,962 [INFO] IPUIPlugin:80 - create IPUIPlugin
2024-06-11 12:54:17,962 [INFO] PluginManager:220 - loadIPPluginJar : add comp
2024-06-11 12:54:18,035 [INFO] IPUIPlugin:80 - create IPUIPlugin
2024-06-11 12:54:18,036 [INFO] PluginManager:220 - loadIPPluginJar : add cryp
2024-06-11 12:54:18,100 [INFO] IPUIPlugin:80 - create IPUIPlugin
2024-06-11 12:54:18,100 [INFO] PluginManager:220 - loadIPPluginJar : add dfsdm
2024-06-11 12:54:18,125 [INFO] IPUIPlugin:80 - create IPUIPlugin
2024-06-11 12:54:18,125 [INFO] PluginManager:220 - loadIPPluginJar : add dma
2024-06-11 12:54:18,227 [INFO] IPUIPlugin:80 - create IPUIPlugin
2024-06-11 12:54:18,227 [INFO] PluginManager:220 - loadIPPluginJar : add dma3
2024-06-11 12:54:18,312 [INFO] IPUIPlugin:80 - create IPUIPlugin
2024-06-11 12:54:18,312 [INFO] PluginManager:220 - loadIPPluginJar : add extmemmanager
2024-06-11 12:54:18,358 [INFO] IPUIPlugin:80 - create IPUIPlugin
2024-06-11 12:54:18,359 [INFO] PluginManager:220 - loadIPPluginJar : add fatfs
2024-06-11 12:54:18,440 [INFO] IPUIPlugin:80 - create IPUIPlugin
2024-06-11 12:54:18,440 [INFO] PluginManager:220 - loadIPPluginJar : add fmc
2024-06-11 12:54:18,466 [INFO] IPUIPlugin:80 - create IPUIPlugin
2024-06-11 12:54:18,466 [INFO] PluginManager:220 - loadIPPluginJar : add freertos
2024-06-11 12:54:18,502 [INFO] IPUIPlugin:80 - create IPUIPlugin
2024-06-11 12:54:18,502 [INFO] PluginManager:220 - loadIPPluginJar : add genericplugin
2024-06-11 12:54:18,688 [INFO] IPUIPlugin:80 - create IPUIPlugin
2024-06-11 12:54:18,688 [INFO] PluginManager:220 - loadIPPluginJar : add gfxmmu
2024-06-11 12:54:18,918 [INFO] IPUIPlugin:80 - create IPUIPlugin
2024-06-11 12:54:18,918 [INFO] PluginManager:220 - loadIPPluginJar : add gic
2024-06-11 12:54:18,941 [INFO] IPUIPlugin:80 - create IPUIPlugin
2024-06-11 12:54:18,941 [INFO] PluginManager:220 - loadIPPluginJar : add gpio
2024-06-11 12:54:19,101 [INFO] IPUIPlugin:80 - create IPUIPlugin
2024-06-11 12:54:19,101 [INFO] PluginManager:220 - loadIPPluginJar : add gtzc
2024-06-11 12:54:19,156 [INFO] IPUIPlugin:80 - create IPUIPlugin
2024-06-11 12:54:19,156 [INFO] PluginManager:220 - loadIPPluginJar : add hash
2024-06-11 12:54:19,240 [INFO] IPUIPlugin:80 - create IPUIPlugin
2024-06-11 12:54:19,241 [INFO] PluginManager:220 - loadIPPluginJar : add i2c
2024-06-11 12:54:19,307 [INFO] IPUIPlugin:80 - create IPUIPlugin
2024-06-11 12:54:19,307 [INFO] PluginManager:220 - loadIPPluginJar : add i2s
2024-06-11 12:54:19,373 [INFO] IPUIPlugin:80 - create IPUIPlugin
2024-06-11 12:54:19,373 [INFO] PluginManager:220 - loadIPPluginJar : add i3c
2024-06-11 12:54:19,539 [INFO] IPUIPlugin:80 - create IPUIPlugin
2024-06-11 12:54:19,539 [INFO] PluginManager:220 - loadIPPluginJar : add ipddr
2024-06-11 12:54:19,621 [INFO] ThirdPartyUpdaterWithRetryManager:70 - Updater plugin not ready yet. [2/15]
2024-06-11 12:54:19,768 [INFO] IPUIPlugin:80 - create IPUIPlugin
2024-06-11 12:54:19,768 [INFO] PluginManager:220 - loadIPPluginJar : add linkedlist
2024-06-11 12:54:19,829 [INFO] IPUIPlugin:80 - create IPUIPlugin
2024-06-11 12:54:19,829 [INFO] PluginManager:220 - loadIPPluginJar : add lorawan
2024-06-11 12:54:19,908 [INFO] IPUIPlugin:80 - create IPUIPlugin
2024-06-11 12:54:19,908 [INFO] PluginManager:220 - loadIPPluginJar : add ltdc
2024-06-11 12:54:19,929 [INFO] IPUIPlugin:80 - create IPUIPlugin
2024-06-11 12:54:19,929 [INFO] PluginManager:220 - loadIPPluginJar : add mdma
2024-06-11 12:54:19,962 [INFO] IPUIPlugin:80 - create IPUIPlugin
2024-06-11 12:54:19,963 [INFO] PluginManager:220 - loadIPPluginJar : add nvic
2024-06-11 12:54:20,036 [INFO] IPUIPlugin:80 - create IPUIPlugin
2024-06-11 12:54:20,036 [INFO] PluginManager:220 - loadIPPluginJar : add opamp
2024-06-11 12:54:20,140 [INFO] IPUIPlugin:80 - create IPUIPlugin
2024-06-11 12:54:20,140 [INFO] PluginManager:220 - loadIPPluginJar : add openamp
2024-06-11 12:54:20,218 [INFO] IPUIPlugin:80 - create IPUIPlugin
2024-06-11 12:54:20,219 [INFO] PluginManager:220 - loadIPPluginJar : add pdm2pcm
2024-06-11 12:54:20,238 [INFO] IPUIPlugin:80 - create IPUIPlugin
2024-06-11 12:54:20,242 [INFO] PluginManager:220 - loadIPPluginJar : add plateformsettings
2024-06-11 12:54:20,277 [INFO] IPUIPlugin:80 - create IPUIPlugin
2024-06-11 12:54:20,278 [INFO] PluginManager:220 - loadIPPluginJar : add quadspi
2024-06-11 12:54:20,294 [INFO] IPUIPlugin:80 - create IPUIPlugin
2024-06-11 12:54:20,294 [INFO] PluginManager:220 - loadIPPluginJar : add resmgrutility
2024-06-11 12:54:20,379 [INFO] IPUIPlugin:80 - create IPUIPlugin
2024-06-11 12:54:20,379 [INFO] PluginManager:220 - loadIPPluginJar : add sai
2024-06-11 12:54:20,440 [INFO] IPUIPlugin:80 - create IPUIPlugin
2024-06-11 12:54:20,440 [INFO] PluginManager:220 - loadIPPluginJar : add spi
2024-06-11 12:54:20,549 [INFO] IPUIPlugin:80 - create IPUIPlugin
2024-06-11 12:54:20,549 [INFO] PluginManager:220 - loadIPPluginJar : add stm32_wpan
2024-06-11 12:54:20,582 [INFO] IPUIPlugin:80 - create IPUIPlugin
2024-06-11 12:54:20,582 [INFO] PluginManager:220 - loadIPPluginJar : add tim
2024-06-11 12:54:20,700 [INFO] IPUIPlugin:80 - create IPUIPlugin
2024-06-11 12:54:20,701 [INFO] PluginManager:220 - loadIPPluginJar : add touchsensing
2024-06-11 12:54:20,761 [INFO] IPUIPlugin:80 - create IPUIPlugin
2024-06-11 12:54:20,762 [INFO] PluginManager:220 - loadIPPluginJar : add tracer_emb
2024-06-11 12:54:20,801 [INFO] IPUIPlugin:80 - create IPUIPlugin
2024-06-11 12:54:20,801 [INFO] PluginManager:220 - loadIPPluginJar : add ts
2024-06-11 12:54:20,836 [INFO] IPUIPlugin:80 - create IPUIPlugin
2024-06-11 12:54:20,836 [INFO] PluginManager:220 - loadIPPluginJar : add tsc
2024-06-11 12:54:20,866 [INFO] IPUIPlugin:80 - create IPUIPlugin
2024-06-11 12:54:20,866 [INFO] PluginManager:220 - loadIPPluginJar : add ucpd
2024-06-11 12:54:20,925 [INFO] IPUIPlugin:80 - create IPUIPlugin
2024-06-11 12:54:20,925 [INFO] PluginManager:220 - loadIPPluginJar : add usart
2024-06-11 12:54:20,981 [INFO] IPUIPlugin:80 - create IPUIPlugin
2024-06-11 12:54:20,981 [INFO] PluginManager:220 - loadIPPluginJar : add usbx
2024-06-11 12:54:21,177 [INFO] CADModel:165 - CPN selected for project level
2024-06-11 12:54:21,177 [INFO] CADModel:114 - Register for checkConnection events
2024-06-11 12:54:21,178 [FATAL] Updater:308 - Updater called before beeing initialized
2024-06-11 12:54:21,178 [ERROR] CADModel:125 - Updater not yet initialized, retry later 
2024-06-11 12:54:21,434 [INFO] CADModel:165 - CPN selected for project level
2024-06-11 12:54:21,434 [INFO] CADModel:114 - Register for checkConnection events
2024-06-11 12:54:21,435 [FATAL] Updater:308 - Updater called before beeing initialized
2024-06-11 12:54:21,435 [ERROR] CADModel:125 - Updater not yet initialized, retry later 
2024-06-11 12:54:21,439 [FATAL] Updater:308 - Updater called before beeing initialized
2024-06-11 12:54:21,592 [INFO] McuFinderGlobals:63 - Set McuFinder mode to 2 (CubeIDE integrated)
2024-06-11 12:54:21,653 [FATAL] Updater:308 - Updater called before beeing initialized
2024-06-11 12:54:21,661 [INFO] DbMcusAds:53 - JSON generation date=Thu May 02 11:37:29 EEST 2024 (1714639049318)
2024-06-11 12:54:21,662 [FATAL] Updater:308 - Updater called before beeing initialized
2024-06-11 12:54:21,753 [WARN] DetailPanel:346 - Failed to get advertising image, set to default
2024-06-11 12:54:21,917 [FATAL] Updater:308 - Updater called before beeing initialized
2024-06-11 12:54:21,922 [FATAL] Updater:308 - Updater called before beeing initialized
2024-06-11 12:54:21,922 [FATAL] Updater:308 - Updater called before beeing initialized
2024-06-11 12:54:21,922 [WARN] DetailPanel:346 - Failed to get advertising image, set to default
2024-06-11 12:54:21,923 [FATAL] Updater:308 - Updater called before beeing initialized
2024-06-11 12:54:22,084 [ERROR] Updater:1120 - MainUpdater not yet initialized. External WinMGr cannot be set.
2024-06-11 12:54:22,099 [INFO] Updater:1056 - Updater Version found : 6.11.1
2024-06-11 12:54:22,121 [INFO] ApplicationProperties:184 - Using Application install path: C:\ST\STM32CubeIDE_1.15.1\STM32CubeIDE\plugins\com.st.stm32cube.common.mx_6.11.1.202404110753
2024-06-11 12:54:22,624 [INFO] ThirdPartyUpdaterWithRetryManager:70 - Updater plugin not ready yet. [3/15]
2024-06-11 12:54:23,724 [ERROR] LogOutputStream:75 - [STDERR_REDIRECT] Jun 11, 2024 12:54:23 PM java.util.prefs.WindowsPreferences <init>
2024-06-11 12:54:23,726 [ERROR] LogOutputStream:75 - [STDERR_REDIRECT] WARNING: Could not open/create prefs root node Software\JavaSoft\Prefs at root 0xffffffff80000002. Windows RegCreateKeyEx(...) returned error code 5.
2024-06-11 12:54:23,726 [ERROR] LogOutputStream:75 - [STDERR_REDIRECT] 
2024-06-11 12:54:24,341 [INFO] MainUpdater:2873 - connection check result : 10
2024-06-11 12:54:24,342 [INFO] MainUpdater:290 - Updater Check For Update Now.
2024-06-11 12:54:24,342 [INFO] MicroXplorer:498 - Change Database Version : DB.6.0.111
2024-06-11 12:54:24,373 [INFO] McuFinderGlobals:63 - Set McuFinder mode to 2 (CubeIDE integrated)
2024-06-11 12:54:24,373 [INFO] UserAuth:179 - activating auth plugin
2024-06-11 12:54:24,382 [INFO] UserAuth:415 - Internet connection configuration mode: 1
2024-06-11 12:54:24,416 [INFO] JxBrowserEngine:152 - Initiate JxBrowser Engine with user profile folder
2024-06-11 12:54:24,595 [INFO] CheckServerUpdateThread:120 - End of CheckServer Thread
2024-06-11 12:54:24,793 [INFO] MainUpdater:2873 - connection check result : 10
2024-06-11 12:54:24,800 [INFO] MainUpdater:2873 - connection check result : 10
2024-06-11 12:54:24,974 [INFO] MicroXplorer:468 - Change Database Path : 
2024-06-11 12:54:24,975 [INFO] MicroXplorer:498 - Change Database Version : DB.6.0.111
2024-06-11 12:54:24,980 [WARN] ThirdParty:871 - waiting for thirdparty lock release [close project]
2024-06-11 12:54:25,954 [WARN] PackLoader:240 - Cannot read IP mode file for STMicroelectronics.FP-SNS-MOTENVWB1.1.4.0
2024-06-11 12:54:25,979 [WARN] PackLoader:240 - Cannot read IP mode file for STMicroelectronics.X-CUBE-SMBUS.2.1.0
2024-06-11 12:54:26,001 [WARN] PackLoader:240 - Cannot read IP mode file for STMicroelectronics.X-CUBE-TOUCHGFX.4.23.2
2024-06-11 12:54:26,058 [WARN] PackLoader:240 - Cannot read IP mode file for STMicroelectronics.X-CUBE-AZRTOS-F7.1.1.0
2024-06-11 12:54:26,085 [WARN] PackLoader:240 - Cannot read IP mode file for STMicroelectronics.FP-SNS-FLIGHT1.5.0.2
2024-06-11 12:54:26,120 [WARN] PackLoader:240 - Cannot read IP mode file for STMicroelectronics.X-CUBE-DISPLAY.3.0.0
2024-06-11 12:54:26,156 [WARN] PackLoader:240 - Cannot read IP mode file for STMicroelectronics.X-CUBE-BLE1.7.0.0
2024-06-11 12:54:26,186 [WARN] PackLoader:240 - Cannot read IP mode file for emotas.I-CUBE-CANOPEN.1.3.0
2024-06-11 12:54:26,221 [WARN] PackLoader:240 - Cannot read IP mode file for STMicroelectronics.X-CUBE-BLEMGR.3.1.0
2024-06-11 12:54:26,249 [WARN] PackLoader:240 - Cannot read IP mode file for STMicroelectronics.FP-SNS-SMARTAG2.1.2.0
2024-06-11 12:54:26,283 [INFO] LogOutputStream:77 - [STDOUT_REDIRECT] 1 : Invalid condition id : UX_CORESTACK_Condition cause : null
2024-06-11 12:54:26,285 [INFO] LogOutputStream:77 - [STDOUT_REDIRECT] 1 : Invalid condition id : UX_CORESTACK_Condition cause : null
2024-06-11 12:54:26,286 [INFO] LogOutputStream:77 - [STDOUT_REDIRECT] 1 : Invalid condition id : UX_CORESTACK_Condition cause : null
2024-06-11 12:54:26,289 [INFO] LogOutputStream:77 - [STDOUT_REDIRECT] 1 : Invalid condition id : UX_CORESTACK_Condition cause : null
2024-06-11 12:54:26,291 [INFO] LogOutputStream:77 - [STDOUT_REDIRECT] 1 : Invalid condition id : UX_CORESTACK_Condition cause : null
2024-06-11 12:54:26,296 [WARN] PackLoader:240 - Cannot read IP mode file for STMicroelectronics.X-CUBE-AZRTOS-WL.2.0.0
2024-06-11 12:54:26,343 [WARN] PackLoader:240 - Cannot read IP mode file for STMicroelectronics.FP-SNS-MOTENV1.5.0.0
2024-06-11 12:54:26,365 [WARN] PackLoader:240 - Cannot read IP mode file for wolfSSL.I-CUBE-wolfMQTT.1.19.0
2024-06-11 12:54:26,397 [WARN] PackLoader:240 - Cannot read IP mode file for WES.I-CUBE-Cesium.1.3.0
2024-06-11 12:54:26,420 [WARN] PackLoader:240 - Cannot read IP mode file for STMicroelectronics.X-CUBE-BLE2.3.3.0
2024-06-11 12:54:26,442 [WARN] PackLoader:240 - Cannot read IP mode file for STMicroelectronics.X-CUBE-TCPP.4.1.0
2024-06-11 12:54:26,485 [WARN] PackLoader:240 - Cannot read IP mode file for STMicroelectronics.X-CUBE-AZRTOS-G0.1.1.0
2024-06-11 12:54:26,509 [WARN] PackLoader:240 - Cannot read IP mode file for STMicroelectronics.X-CUBE-SAFEA1.1.2.2
2024-06-11 12:54:26,531 [WARN] PackLoader:240 - Cannot read IP mode file for STMicroelectronics.X-CUBE-NFC4.3.0.0
2024-06-11 12:54:26,550 [WARN] PackLoader:240 - Cannot read IP mode file for wolfSSL.I-CUBE-wolfSSL.5.7.0
2024-06-11 12:54:26,565 [WARN] PackLoader:240 - Cannot read IP mode file for STMicroelectronics.FP-ATR-SIGFOX1.3.2.0
2024-06-11 12:54:26,579 [WARN] PackLoader:240 - Cannot read IP mode file for STMicroelectronics.X-CUBE-EEPRMA1.5.1.0
2024-06-11 12:54:26,601 [WARN] PackLoader:240 - Cannot read IP mode file for ITTIA_DB.I-CUBE-ITTIADB.8.9.0
2024-06-11 12:54:26,650 [WARN] PackLoader:240 - Cannot read IP mode file for SEGGER.I-CUBE-embOS.1.3.1
2024-06-11 12:54:26,726 [WARN] PackLoader:240 - Cannot read IP mode file for STMicroelectronics.X-CUBE-ALGOBUILD.1.4.0
2024-06-11 12:54:26,743 [WARN] PackLoader:240 - Cannot read IP mode file for STMicroelectronics.X-CUBE-GNSS1.6.0.0
2024-06-11 12:54:26,780 [WARN] PackLoader:240 - Cannot read IP mode file for STMicroelectronics.X-CUBE-AZRTOS-F4.1.1.0
2024-06-11 12:54:26,801 [WARN] PackLoader:240 - Cannot read IP mode file for STMicroelectronics.X-CUBE-FREERTOS.1.2.0
2024-06-11 12:54:26,848 [WARN] PackLoader:240 - Cannot read IP mode file for STMicroelectronics.X-CUBE-AZRTOS-L5.2.0.0
2024-06-11 12:54:26,877 [WARN] PackLoader:240 - Cannot read IP mode file for STMicroelectronics.X-CUBE-NFC6.3.1.0
2024-06-11 12:54:26,894 [WARN] PackLoader:240 - Cannot read IP mode file for STMicroelectronics.X-CUBE-AI.9.0.0
2024-06-11 12:54:26,918 [WARN] PackLoader:240 - Cannot read IP mode file for STMicroelectronics.X-CUBE-NFC7.1.0.1
2024-06-11 12:54:26,962 [WARN] ConditionMgr:438 - getConditionDescription Invalid condition id : LAN8742 Phy interface Condition cause : null
2024-06-11 12:54:26,963 [WARN] PackLoader:240 - Cannot read IP mode file for STMicroelectronics.X-CUBE-AZRTOS-L4.2.0.0
2024-06-11 12:54:26,965 [WARN] ConditionMgr:1039 - genDependencies : Invalid condition id : LAN8742 Phy interface Condition cause : null
2024-06-11 12:54:26,965 [WARN] ConditionMgr:1039 - genDependencies : Invalid condition id : LAN8742 Phy interface Condition cause : null
2024-06-11 12:54:26,966 [WARN] ConditionMgr:1039 - genDependencies : Invalid condition id : LAN8742 Phy interface Condition cause : null
2024-06-11 12:54:26,986 [WARN] PackLoader:240 - Cannot read IP mode file for STMicroelectronics.X-CUBE-SFXS2LP1.4.0.0
2024-06-11 12:54:27,020 [WARN] ConditionMgr:438 - getConditionDescription Invalid condition id : UX DEVICE CLASS RTOS Condition cause : null
2024-06-11 12:54:27,020 [WARN] ConditionMgr:438 - getConditionDescription Invalid condition id : UX DEVICE CLASS RTOS Condition cause : null
2024-06-11 12:54:27,023 [WARN] PackLoader:240 - Cannot read IP mode file for STMicroelectronics.X-CUBE-AZRTOS-WB.2.0.0
2024-06-11 12:54:27,024 [WARN] ConditionMgr:1039 - genDependencies : Invalid condition id : UX DEVICE CLASS RTOS Condition cause : null
2024-06-11 12:54:27,024 [WARN] ConditionMgr:1039 - genDependencies : Invalid condition id : UX DEVICE CLASS RTOS Condition cause : null
2024-06-11 12:54:27,024 [WARN] ConditionMgr:1039 - genDependencies : Invalid condition id : UX DEVICE CLASS RTOS Condition cause : null
2024-06-11 12:54:27,024 [WARN] ConditionMgr:1039 - genDependencies : Invalid condition id : UX DEVICE CLASS RTOS Condition cause : null
2024-06-11 12:54:27,025 [WARN] ConditionMgr:1039 - genDependencies : Invalid condition id : UX DEVICE CLASS RTOS Condition cause : null
2024-06-11 12:54:27,050 [WARN] PackLoader:240 - Cannot read IP mode file for STMicroelectronics.X-CUBE-SUBG2.5.0.0
2024-06-11 12:54:27,070 [WARN] PackLoader:240 - Cannot read IP mode file for Cesanta.I-CUBE-Mongoose.7.13.0
2024-06-11 12:54:27,099 [WARN] PackLoader:240 - Cannot read IP mode file for STMicroelectronics.X-CUBE-AZRTOS-G4.2.0.0
2024-06-11 12:54:27,116 [WARN] PackLoader:240 - Cannot read IP mode file for STMicroelectronics.X-CUBE-ISPU.2.0.0
2024-06-11 12:54:27,132 [WARN] PackLoader:240 - Cannot read IP mode file for STMicroelectronics.X-CUBE-ALS.1.0.2
2024-06-11 12:54:27,199 [WARN] PackLoader:240 - Cannot read IP mode file for STMicroelectronics.X-CUBE-MEMS1.10.0.0
2024-06-11 12:54:27,366 [WARN] PackLoader:240 - Cannot read IP mode file for portGmbH.I-Cube-SoM-uGOAL.1.1.0
2024-06-11 12:54:27,383 [WARN] PackLoader:240 - Cannot read IP mode file for STMicroelectronics.X-CUBE-ALS.1.0.1
2024-06-11 12:54:27,421 [WARN] PackLoader:240 - Cannot read IP mode file for STMicroelectronics.X-CUBE-AZRTOS-H7RS.1.0.0
2024-06-11 12:54:27,466 [WARN] PackLoader:240 - Cannot read IP mode file for STMicroelectronics.FP-ATR-ASTRA1.2.0.0
2024-06-11 12:54:27,496 [WARN] PackLoader:240 - Cannot read IP mode file for STMicroelectronics.X-CUBE-TOF1.3.4.1
2024-06-11 12:54:27,550 [WARN] PackLoader:240 - Cannot read IP mode file for STMicroelectronics.X-CUBE-AZRTOS-H7.3.2.0
2024-06-11 12:54:27,580 [WARN] PackLoader:240 - Cannot read IP mode file for Infineon.AIROC-Wi-Fi-Bluetooth-STM32.1.6.0
2024-06-11 12:54:27,584 [INFO] ThirdParty:978 - Integrity check success = true
2024-06-11 12:54:27,584 [INFO] IntegrityCheckThread:100 - exiting critical section [integrity check]
2024-06-11 12:54:27,585 [INFO] IntegrityCheckThread:103 - End integrity checks thread
2024-06-11 12:54:27,585 [INFO] ThirdParty:873 - entering critical section [close project]
2024-06-11 12:54:27,587 [INFO] ThirdParty:883 - exiting critical section [close project]
2024-06-11 12:54:27,589 [INFO] PinOutPanel:1561 - setPackage(No Configuration,No Configuration)
2024-06-11 12:54:27,593 [INFO] UtilMem:75 - Begin LoadConfig() Used Memory: 163335768 Bytes (363855872)
2024-06-11 12:54:27,595 [INFO] MicroXplorer:468 - Change Database Path : 
2024-06-11 12:54:27,595 [INFO] MicroXplorer:498 - Change Database Version : DB.6.0.111
2024-06-11 12:54:27,595 [INFO] OpenFileManager:312 - Change cursor
2024-06-11 12:54:27,641 [INFO] Mcu:2021 - Initializing MCU STM32F401R(B-C)Tx STM32F401RCTx STM32F401RCT6
2024-06-11 12:54:29,340 [INFO] Context:663 - Trying to add GPIOservice into a context  which must be forbidden
2024-06-11 12:54:29,775 [INFO] RtosManager:555 - Registered RTOS mode: class=CMSIS, group=RTOS, mode=CMSIS_V1, owner=FREERTOS
2024-06-11 12:54:29,776 [INFO] RtosManager:555 - Registered RTOS mode: class=CMSIS, group=RTOS2, mode=CMSIS_V2, owner=FREERTOS
2024-06-11 12:54:29,776 [INFO] RtosManager:555 - Registered RTOS mode: class=RTOS, group=Core, mode=CMSIS_V1, owner=FREERTOS
2024-06-11 12:54:29,776 [INFO] RtosManager:555 - Registered RTOS mode: class=RTOS, group=Core, mode=CMSIS_V2, owner=FREERTOS
2024-06-11 12:54:29,776 [WARN] ModelIntegratedComponent:184 - Missing modes for component STMicroelectronics:FreeRTOS:0.0.1:STMicroelectronics:RTOS:FreeRTOS:Core:::10.2.0:
2024-06-11 12:54:29,785 [WARN] ModelIntegratedComponent:182 - Modes not found for component STMicroelectronics:USB_HOST:1.0.0:STMicroelectronics:USB::USB Host:Audio HS::1.0:USB_HOST_1_0_RESTRICTED_HS
2024-06-11 12:54:29,785 [WARN] ModelIntegratedComponent:188 - Modes not found for component STMicroelectronics:USB_HOST:1.0.0:STMicroelectronics:USB::USB Host:Audio HS::1.0:USB_HOST_1_0_RESTRICTED_HS
2024-06-11 12:54:29,785 [WARN] ModelIntegratedComponent:182 - Modes not found for component STMicroelectronics:USB_HOST:1.0.0:STMicroelectronics:USB::USB Host:CDC HS::1.0:USB_HOST_1_0_RESTRICTED_HS
2024-06-11 12:54:29,785 [WARN] ModelIntegratedComponent:188 - Modes not found for component STMicroelectronics:USB_HOST:1.0.0:STMicroelectronics:USB::USB Host:CDC HS::1.0:USB_HOST_1_0_RESTRICTED_HS
2024-06-11 12:54:29,786 [WARN] ModelIntegratedComponent:182 - Modes not found for component STMicroelectronics:USB_HOST:1.0.0:STMicroelectronics:USB::USB Host:MSC HS::1.0:USB_HOST_1_0_RESTRICTED_HS
2024-06-11 12:54:29,786 [WARN] ModelIntegratedComponent:188 - Modes not found for component STMicroelectronics:USB_HOST:1.0.0:STMicroelectronics:USB::USB Host:MSC HS::1.0:USB_HOST_1_0_RESTRICTED_HS
2024-06-11 12:54:29,786 [WARN] ModelIntegratedComponent:182 - Modes not found for component STMicroelectronics:USB_HOST:1.0.0:STMicroelectronics:USB::USB Host:HID HS::1.0:USB_HOST_1_0_RESTRICTED_HS
2024-06-11 12:54:29,786 [WARN] ModelIntegratedComponent:188 - Modes not found for component STMicroelectronics:USB_HOST:1.0.0:STMicroelectronics:USB::USB Host:HID HS::1.0:USB_HOST_1_0_RESTRICTED_HS
2024-06-11 12:54:29,786 [WARN] ModelIntegratedComponent:182 - Modes not found for component STMicroelectronics:USB_HOST:1.0.0:STMicroelectronics:USB::USB Host:MTP HS::1.0:USB_HOST_1_0_RESTRICTED_HS
2024-06-11 12:54:29,786 [WARN] ModelIntegratedComponent:188 - Modes not found for component STMicroelectronics:USB_HOST:1.0.0:STMicroelectronics:USB::USB Host:MTP HS::1.0:USB_HOST_1_0_RESTRICTED_HS
2024-06-11 12:54:29,796 [WARN] ModelIntegratedComponent:63 - No mode defined for component null
2024-06-11 12:54:29,796 [WARN] ModelIntegratedComponent:63 - No mode defined for component null
2024-06-11 12:54:29,796 [WARN] ModelIntegratedComponent:63 - No mode defined for component null
2024-06-11 12:54:29,796 [WARN] ModelIntegratedComponent:63 - No mode defined for component null
2024-06-11 12:54:29,796 [WARN] ModelIntegratedComponent:63 - No mode defined for component null
2024-06-11 12:54:29,796 [WARN] ModelIntegratedComponent:63 - No mode defined for component null
2024-06-11 12:54:29,796 [WARN] ModelIntegratedComponent:63 - No mode defined for component null
2024-06-11 12:54:29,796 [WARN] ModelIntegratedComponent:63 - No mode defined for component null
2024-06-11 12:54:29,797 [WARN] ModelIntegratedComponent:63 - No mode defined for component null
2024-06-11 12:54:29,797 [WARN] ModelIntegratedComponent:63 - No mode defined for component null
2024-06-11 12:54:29,797 [WARN] ModelIntegratedComponent:63 - No mode defined for component null
2024-06-11 12:54:29,797 [WARN] ModelIntegratedComponent:63 - No mode defined for component null
2024-06-11 12:54:29,797 [WARN] ModelIntegratedComponent:63 - No mode defined for component null
2024-06-11 12:54:29,797 [WARN] ModelIntegratedComponent:63 - No mode defined for component null
2024-06-11 12:54:29,797 [WARN] ModelIntegratedComponent:63 - No mode defined for component null
2024-06-11 12:54:29,797 [WARN] ModelIntegratedComponent:63 - No mode defined for component null
2024-06-11 12:54:29,797 [WARN] ModelIntegratedComponent:63 - No mode defined for component null
2024-06-11 12:54:29,797 [WARN] ModelIntegratedComponent:63 - No mode defined for component null
2024-06-11 12:54:29,797 [WARN] ModelIntegratedComponent:63 - No mode defined for component null
2024-06-11 12:54:29,797 [WARN] ModelIntegratedComponent:63 - No mode defined for component null
2024-06-11 12:54:29,798 [WARN] ModelIntegratedComponent:63 - No mode defined for component null
2024-06-11 12:54:29,798 [WARN] ModelIntegratedComponent:63 - No mode defined for component null
2024-06-11 12:54:29,798 [WARN] ModelIntegratedComponent:63 - No mode defined for component null
2024-06-11 12:54:29,798 [WARN] ModelIntegratedComponent:63 - No mode defined for component null
2024-06-11 12:54:29,798 [WARN] ModelIntegratedComponent:63 - No mode defined for component null
2024-06-11 12:54:29,798 [WARN] ModelIntegratedComponent:63 - No mode defined for component null
2024-06-11 12:54:29,798 [WARN] ModelIntegratedComponent:63 - No mode defined for component null
2024-06-11 12:54:29,798 [WARN] ModelIntegratedComponent:63 - No mode defined for component null
2024-06-11 12:54:29,798 [WARN] ModelIntegratedComponent:63 - No mode defined for component null
2024-06-11 12:54:29,798 [WARN] ModelIntegratedComponent:63 - No mode defined for component null
2024-06-11 12:54:29,798 [WARN] ModelIntegratedComponent:63 - No mode defined for component null
2024-06-11 12:54:29,798 [WARN] ModelIntegratedComponent:63 - No mode defined for component null
2024-06-11 12:54:29,798 [WARN] ModelIntegratedComponent:63 - No mode defined for component null
2024-06-11 12:54:29,798 [WARN] ModelIntegratedComponent:63 - No mode defined for component null
2024-06-11 12:54:29,903 [WARN] ModelIntegratedComponent:182 - Modes not found for component STMicroelectronics:USB_DEVICE:1.0.0:STMicroelectronics:USB::USB Device:Audio HS::1.0:USB_DEVICE_1_0_RESTRICTED_HS
2024-06-11 12:54:29,903 [WARN] ModelIntegratedComponent:188 - Modes not found for component STMicroelectronics:USB_DEVICE:1.0.0:STMicroelectronics:USB::USB Device:Audio HS::1.0:USB_DEVICE_1_0_RESTRICTED_HS
2024-06-11 12:54:29,903 [WARN] ModelIntegratedComponent:182 - Modes not found for component STMicroelectronics:USB_DEVICE:1.0.0:STMicroelectronics:USB::USB Device:CDC HS::1.0:USB_DEVICE_1_0_RESTRICTED_HS
2024-06-11 12:54:29,903 [WARN] ModelIntegratedComponent:188 - Modes not found for component STMicroelectronics:USB_DEVICE:1.0.0:STMicroelectronics:USB::USB Device:CDC HS::1.0:USB_DEVICE_1_0_RESTRICTED_HS
2024-06-11 12:54:29,903 [WARN] ModelIntegratedComponent:182 - Modes not found for component STMicroelectronics:USB_DEVICE:1.0.0:STMicroelectronics:USB::USB Device:DFU HS::1.0:USB_DEVICE_1_0_RESTRICTED_HS
2024-06-11 12:54:29,903 [WARN] ModelIntegratedComponent:188 - Modes not found for component STMicroelectronics:USB_DEVICE:1.0.0:STMicroelectronics:USB::USB Device:DFU HS::1.0:USB_DEVICE_1_0_RESTRICTED_HS
2024-06-11 12:54:29,903 [WARN] ModelIntegratedComponent:182 - Modes not found for component STMicroelectronics:USB_DEVICE:1.0.0:STMicroelectronics:USB::USB Device:HID HS::1.0:USB_DEVICE_1_0_RESTRICTED_HS
2024-06-11 12:54:29,903 [WARN] ModelIntegratedComponent:188 - Modes not found for component STMicroelectronics:USB_DEVICE:1.0.0:STMicroelectronics:USB::USB Device:HID HS::1.0:USB_DEVICE_1_0_RESTRICTED_HS
2024-06-11 12:54:29,903 [WARN] ModelIntegratedComponent:182 - Modes not found for component STMicroelectronics:USB_DEVICE:1.0.0:STMicroelectronics:USB::USB Device:Custom HID HS::1.0:USB_DEVICE_1_0_RESTRICTED_HS
2024-06-11 12:54:29,904 [WARN] ModelIntegratedComponent:188 - Modes not found for component STMicroelectronics:USB_DEVICE:1.0.0:STMicroelectronics:USB::USB Device:Custom HID HS::1.0:USB_DEVICE_1_0_RESTRICTED_HS
2024-06-11 12:54:29,904 [WARN] ModelIntegratedComponent:182 - Modes not found for component STMicroelectronics:USB_DEVICE:1.0.0:STMicroelectronics:USB::USB Device:MSC HS::1.0:USB_DEVICE_1_0_RESTRICTED_HS
2024-06-11 12:54:29,904 [WARN] ModelIntegratedComponent:188 - Modes not found for component STMicroelectronics:USB_DEVICE:1.0.0:STMicroelectronics:USB::USB Device:MSC HS::1.0:USB_DEVICE_1_0_RESTRICTED_HS
2024-06-11 12:54:29,925 [INFO] ThirdPartyModel:298 - Start build external matchings
2024-06-11 12:54:30,220 [INFO] ThirdPartyModel:316 - End build external matchings
2024-06-11 12:54:30,233 [INFO] RtosManager:919 - Current active RTOS is FREERTOS [Cortex-M4NS]
2024-06-11 12:54:31,166 [INFO] WebApp:161 - Instantiating new browser for Auth
2024-06-11 12:54:36,715 [INFO] ApiDb:581 - Connected to CubeFinder SQLite database (C:\Users\Momen El Sayed\.stmcufinder\plugins\mcufinder\mcu\cube-finder-db.db)
2024-06-11 12:54:36,877 [INFO] ApiDb:668 - CubeFinder database Data Model version=2.1
2024-06-11 12:54:36,878 [INFO] ApiDb:669 - CubeFinder database Configuration version=3.0.39
2024-06-11 12:54:36,878 [INFO] ApiDb:670 - CubeFinder database generation date=2024-04-15 (1713193726)
2024-06-11 12:54:36,878 [INFO] ApiDb:671 - CubeFinder database FW Pack versions=[FP-ATR-ASTRA1_V2.0.0, FP-SNS-FLIGHT1_V5.0.1, FP-SNS-FLIGHT1_V5.0.2, FP-SNS-MOTENV1_V4.3.1, FP-SNS-MOTENV1_V4.3.2, FP-SNS-MOTENVWB1_V1.3.1, FP-SNS-SMARTAG2_V1.2.0, STM32Cube_FW_C0_V1.1.0, STM32Cube_FW_F4_V1.28.0, STM32Cube_FW_F7_V1.17.0, STM32Cube_FW_G0_V1.6.2, STM32Cube_FW_G4_V1.5.2, STM32Cube_FW_H5_V0.5.1, STM32Cube_FW_H5_V1.1.1, STM32Cube_FW_H5_V1.2.0, STM32Cube_FW_H5_V1.2.0RC4, STM32Cube_FW_H7RS_V1.0.0, STM32Cube_FW_H7RS_V1.0.0RC4, STM32Cube_FW_H7_V1.11.0, STM32Cube_FW_L0_V1.12.2, STM32Cube_FW_L5_V1.5.1, STM32Cube_FW_U0_V1.0.0, STM32Cube_FW_U0_V1.0.0RC1, STM32Cube_FW_U5_V1.3.0RC4, STM32Cube_FW_U5_V1.5.0, STM32Cube_FW_U5_V1.5.0RC1, STM32Cube_FW_WBA_V1.0.0RC1, STM32Cube_FW_WBA_V1.2.0, STM32Cube_FW_WBA_V1.2.0RC2, STM32Cube_FW_WBA_V1.3.0, STM32Cube_FW_WBA_V1.3.0RC1, STM32Cube_FW_WB_V1.15.0RC1, STM32Cube_FW_WB_V1.16.0, STM32Cube_FW_WB_V1.16.0RC2, STM32Cube_FW_WB_V1.18.0, STM32Cube_FW_WB_V1.19.0, STM32Cube_FW_WL_V1.3.0, X-CUBE-ALGOBUILD_V1.3.0, X-CUBE-ALS_V1.0.1, X-CUBE-AZRTOS-F4_V1.1.0, X-CUBE-AZRTOS-F7_V1.1.0, X-CUBE-AZRTOS-G0_V1.1.0, X-CUBE-AZRTOS-G4_V2.0.0, X-CUBE-AZRTOS-H7_V3.2.0, X-CUBE-AZRTOS-L4_V1.0.0, X-CUBE-AZRTOS-L4_V2.0.0, X-CUBE-AZRTOS-L5_V1.1.0, X-CUBE-AZRTOS-WB_V2.0.0, X-CUBE-AZRTOS-WL_V2.0.0, X-CUBE-BLE1_V7.0.0, X-CUBE-BLE2_V3.3.0, X-CUBE-BLEMGR_V3.1.0, X-CUBE-EEPRMA1_V4.1.0, X-CUBE-EEPRMA1_V5.1.0, X-CUBE-FREERTOS_V1.1.0, X-CUBE-GNSS1_V6.0.0, X-CUBE-MEMS1_V10.0.0, X-CUBE-MEMS1_V9.1.0, X-CUBE-MEMS1_V9.4.0, X-CUBE-MEMS1_V9.6.0, X-CUBE-NFC4_V3.0.0, X-CUBE-NFC7_V1.0.1, X-CUBE-SFXS2LP1_V4.0.0, X-CUBE-SUBG2_V5.0.0, X-CUBE-TOF1_V3.4.0]
2024-06-11 12:54:36,893 [INFO] WebApp:779 - Register for checkConnection events
2024-06-11 12:54:36,893 [INFO] WebApp:414 - Apply proxy settings
2024-06-11 12:54:36,894 [INFO] WebApp:499 - Chromium requires no authentication
2024-06-11 12:54:36,914 [INFO] WebApp:442 - Direct internet connection detected
2024-06-11 12:54:37,040 [INFO] DbBoardsSqlite:226 - include board P-NUCLEO-WB55-NUCLEO as a kit item of type 'Nucleo-64'
2024-06-11 12:54:37,040 [INFO] DbBoardsSqlite:226 - include board P-NUCLEO-WB55-USBDONGLE as a kit item of type 'Nucleo USB Dongle'
2024-06-11 12:54:37,042 [INFO] DbBoardsSqlite:226 - include board STEVAL-IDP005V1 as a kit item of type 'Evaluation Board'
2024-06-11 12:54:37,042 [INFO] DbBoardsSqlite:226 - include board STEVAL-IDP005V2 as a kit item of type 'Evaluation Board'
2024-06-11 12:54:37,131 [INFO] WebApp:192 - Starting web application
2024-06-11 12:54:37,131 [INFO] WebApp:544 - Web application path used C:\ST\STM32CubeIDE_1.15.1\STM32CubeIDE\plugins\com.st.stm32cube.common.mx_6.11.1.202404110753\db\plugins\mcufinder\reactClient1\index.html
2024-06-11 12:54:37,710 [INFO] ApiDb:240 - Found 483 in-development CPN: [B-G473E-ZEST1S, B-WB1M-WPAN1, B-WL5M-SUBG1, NUCLEO-C031C6, NUCLEO-H503RB, NUCLEO-H533RE, NUCLEO-H563ZI, NUCLEO-H7S3L8, NUCLEO-U031R8, NUCLEO-U083RC, NUCLEO-U545RE-Q, NUCLEO-U5A5ZJ-Q, NUCLEO-WBA52CG, NUCLEO-WBA55CG, STEVAL-PROTEUS1, STEVAL-SMARTAG2, STEVAL-STWINBX1, STM320518-EVAL, STM32C0116-DK, STM32C011D6Y3TR, STM32C011D6Y6TR, STM32C011F4P3, STM32C011F4P6, STM32C011F4U3, STM32C011F4U6TR, STM32C011F6P3, STM32C011F6P6, STM32C011F6U3, STM32C011F6U6TR, STM32C011J4M3, STM32C011J4M6, STM32C011J6M3, STM32C011J6M6, STM32C0316-DK, STM32C031C4T3, STM32C031C4T6, STM32C031C4U3, STM32C031C4U6, STM32C031C6T3, STM32C031C6T6, STM32C031C6U3, STM32C031C6U6, STM32C031F4P3, STM32C031F4P6, STM32C031F6P3, STM32C031F6P6, STM32C031G4U3, STM32C031G4U6, STM32C031G6U3, STM32C031G6U6, STM32C031K4T3, STM32C031K4T6, STM32C031K4U3, STM32C031K4U6, STM32C031K6T3, STM32C031K6T6, STM32C031K6U3, STM32C031K6U6, STM32G071K8TXN, STM32G071K8UXN, STM32G081GBU6N, STM32G081KBT6N, STM32G081KBUXN, STM32G0B1CCT6N, STM32G0B1KCT6, STM32G0B1NEY6TR, STM32G0B1RCT6N, STM32G0C1CCT6, STM32G0C1CCT6N, STM32G0C1CCU6N, STM32G0C1CET6N, STM32G0C1CEU6N, STM32G0C1KCT6, STM32G0C1NEY6TR, STM32G0C1RCI6N, STM32G0C1RCT6N, STM32G0C1REI6N, STM32G0C1RET6N, STM32G0C1VCI6, STM32G0C1VEI6, STM32G471CCT6, STM32G471CCU6, STM32G471CET3, STM32G471CET6, STM32G471CEU3, STM32G471CEU6, STM32G471MCT6, STM32G471MET3, STM32G471MET6, STM32G471MEY6TR, STM32G471QCT6, STM32G471QET3, STM32G471RCT6, STM32G471RET3, STM32G471RET6, STM32G471VCH6, STM32G471VCI6, STM32G471VCT6, STM32G471VEH3, STM32G471VEH6, STM32G471VEI3, STM32G471VEI6, STM32G471VET3, STM32G471VET6, STM32G474CCT6, STM32H503CBT6, STM32H503CBU6, STM32H503EBY6TR, STM32H503KBU6, STM32H503RBT6, STM32H523CCT6, STM32H523CCU6, STM32H523CET6, STM32H523CEU6, STM32H523HEY6TR, STM32H523RCT6, STM32H523RET6, STM32H523VCI6, STM32H523VCT6, STM32H523VEI6, STM32H523VET6, STM32H523ZCJ6, STM32H523ZCT6, STM32H523ZEJ6, STM32H523ZET6, STM32H533CET6, STM32H533CEU6, STM32H533HEY6TR, STM32H533RET6, STM32H533VEI6, STM32H533VET6, STM32H533ZEJ6, STM32H533ZET6, STM32H562AGI6, STM32H562AII6, STM32H562IGK6, STM32H562IGT6, STM32H562IIK6, STM32H562IIT6, STM32H562RGT6, STM32H562RGV6, STM32H562RIT6, STM32H562RIV6, STM32H562VGT6, STM32H562VIT6, STM32H562ZGT6, STM32H562ZIT6, STM32H563AGI6, STM32H563AII3Q, STM32H563AII6, STM32H563IGK6, STM32H563IGT6, STM32H563IIK3Q, STM32H563IIK6, STM32H563IIT3Q, STM32H563IIT6, STM32H563MIY3QTR, STM32H563RGT6, STM32H563RGV6, STM32H563RIT6, STM32H563RIV6, STM32H563VGT6, STM32H563VIT3Q, STM32H563VIT6, STM32H563ZGT6, STM32H563ZIT3Q, STM32H563ZIT6, STM32H573AII3Q, STM32H573AII6, STM32H573I-DK, STM32H573IIK3Q, STM32H573IIK6, STM32H573IIT3Q, STM32H573IIT6, STM32H573MIY3QTR, STM32H573RIT6, STM32H573RIV6, STM32H573VIT3Q, STM32H573VIT6, STM32H573ZIT3Q, STM32H573ZIT6, STM32H7R3A8I6, STM32H7R3I8K6, STM32H7R3I8T6, STM32H7R3L8H6, STM32H7R3L8H6H, STM32H7R3R8V6, STM32H7R3V8H6, STM32H7R3V8T6, STM32H7R3V8Y6, STM32H7R3Z8J6, STM32H7R3Z8T6, STM32H7R7A8I6, STM32H7R7I8K6, STM32H7R7I8T6, STM32H7R7L8H6, STM32H7R7L8H6H, STM32H7R7Z8J6, STM32H7S3A8I6, STM32H7S3I8K6, STM32H7S3I8T6, STM32H7S3L8H6, STM32H7S3L8H6H, STM32H7S3R8V6, STM32H7S3V8H6, STM32H7S3V8T6, STM32H7S3V8Y6, STM32H7S3Z8J6, STM32H7S3Z8T6, STM32H7S78-DK, STM32H7S7A8I6, STM32H7S7I8K6, STM32H7S7I8T6, STM32H7S7L8H6, STM32H7S7L8H6H, STM32H7S7Z8J6, STM32L4R5QGI6STR, STM32MP131AAE3, STM32MP131AAF3, STM32MP131AAG3, STM32MP131CAE3, STM32MP131CAF3, STM32MP131CAG3, STM32MP131DAE7, STM32MP131DAF7, STM32MP131DAG7, STM32MP131FAE7, STM32MP131FAF7, STM32MP131FAG7, STM32MP133AAE3, STM32MP133AAF3, STM32MP133AAG3, STM32MP133CAE3, STM32MP133CAF3, STM32MP133CAG3, STM32MP133DAE7, STM32MP133DAF7, STM32MP133DAG7, STM32MP133FAE7, STM32MP133FAF7, STM32MP133FAG7, STM32MP135AAE3, STM32MP135AAF3, STM32MP135AAG3, STM32MP135CAE3, STM32MP135CAF3, STM32MP135CAG3, STM32MP135DAE7, STM32MP135DAF7, STM32MP135DAG7, STM32MP135F-DK, STM32MP135FAE7, STM32MP135FAF7, STM32MP135FAF7T, STM32MP135FAF7U, STM32MP135FAG7, STM32U031C6T6, STM32U031C6U6, STM32U031C8T6, STM32U031C8U6, STM32U031F4P6, STM32U031F6P6, STM32U031F8P6, STM32U031G6Y6TR, STM32U031G8Y6TR, STM32U031K4U6, STM32U031K6U6, STM32U031K8U6, STM32U031R6I6, STM32U031R6T6, STM32U031R8I6, STM32U031R8T6, STM32U073C8T6, STM32U073C8U6, STM32U073CBT6, STM32U073CBU6, STM32U073CCT6, STM32U073CCU6, STM32U073H8Y6TR, STM32U073HBY6TR, STM32U073HCY6TR, STM32U073K8U6, STM32U073KBU6, STM32U073KCU6, STM32U073M8I6, STM32U073M8T6, STM32U073MBI6, STM32U073MBT6, STM32U073MCI6, STM32U073MCT6, STM32U073R8I6, STM32U073R8T6, STM32U073RBI6, STM32U073RBT6, STM32U073RCI6, STM32U073RCT6, STM32U083C-DK, STM32U083CCT6, STM32U083CCU6, STM32U083HCY6TR, STM32U083KCU6, STM32U083MCI6, STM32U083MCT6, STM32U083RCI6, STM32U083RCT6, STM32U535CBT6, STM32U535CBT6Q, STM32U535CBU6, STM32U535CBU6Q, STM32U535CCT6, STM32U535CCT6Q, STM32U535CCU6, STM32U535CCU6Q, STM32U535CET6, STM32U535CET6Q, STM32U535CEU6, STM32U535CEU6Q, STM32U535JEY6QTR, STM32U535NCY6QTR, STM32U535NEY6QTR, STM32U535RBI6, STM32U535RBI6Q, STM32U535RBT6, STM32U535RBT6Q, STM32U535RCI6, STM32U535RCI6Q, STM32U535RCT6, STM32U535RCT6Q, STM32U535REI6, STM32U535REI6Q, STM32U535RET6, STM32U535RET6Q, STM32U535VCI6, STM32U535VCI6Q, STM32U535VCT6, STM32U535VCT6Q, STM32U535VEI6, STM32U535VEI6Q, STM32U535VET6, STM32U535VET6Q, STM32U545CET6, STM32U545CET6Q, STM32U545CEU6, STM32U545CEU6Q, STM32U545JEY6QTR, STM32U545NEY6QTR, STM32U545REI6, STM32U545REI6Q, STM32U545RET6, STM32U545RET6Q, STM32U545VEI6, STM32U545VEI6Q, STM32U545VET6, STM32U545VET6Q, STM32U595AIH6, STM32U595AIH6Q, STM32U595AJH6, STM32U595AJH6Q, STM32U595QII6, STM32U595QII6Q, STM32U595QJI6, STM32U595QJI6Q, STM32U595RIT6, STM32U595RIT6Q, STM32U595RJT6, STM32U595RJT6Q, STM32U595VIT6, STM32U595VIT6Q, STM32U595VJT6, STM32U595VJT6Q, STM32U595ZIT6, STM32U595ZIT6Q, STM32U595ZIY6QTR, STM32U595ZJT6, STM32U595ZJT6Q, STM32U595ZJY6QTR, STM32U599BJY6QTR, STM32U599NIH6Q, STM32U599NJH6Q, STM32U599VIT6Q, STM32U599VJT6, STM32U599VJT6Q, STM32U599ZIT6Q, STM32U599ZIY6QTR, STM32U599ZJT6Q, STM32U599ZJY6QTR, STM32U5A5AJH6, STM32U5A5AJH6Q, STM32U5A5QII3Q , STM32U5A5QJI6, STM32U5A5QJI6Q, STM32U5A5RJT6, STM32U5A5RJT6Q, STM32U5A5VJT6, STM32U5A5VJT6Q, STM32U5A5ZJT6, STM32U5A5ZJT6Q, STM32U5A5ZJY6QTR, STM32U5A9BJY6QTR, STM32U5A9J-DK, STM32U5A9NJH6Q, STM32U5A9VJT6Q, STM32U5A9ZJT6Q, STM32U5A9ZJY6QTR, STM32U5F7VIT6, STM32U5F7VIT6Q, STM32U5F7VJT6, STM32U5F7VJT6Q, STM32U5F9BJY6QTR, STM32U5F9NJH6Q, STM32U5F9VIT6Q, STM32U5F9VJT6Q, STM32U5F9ZIJ6QTR, STM32U5F9ZIT6Q, STM32U5F9ZJJ6QTR, STM32U5F9ZJT6Q, STM32U5G7VJT6, STM32U5G7VJT6Q, STM32U5G9BJY6QTR, STM32U5G9J-DK1, STM32U5G9J-DK2, STM32U5G9NJH6Q, STM32U5G9VJT6Q, STM32U5G9ZJJ6QTR, STM32U5G9ZJT6Q, STM32WB1MMCH6, STM32WBA50KEU6, STM32WBA50KEU6TR, STM32WBA50KGU6, STM32WBA50KGU6TR, STM32WBA52CEU6, STM32WBA52CEU6TR, STM32WBA52CEU7, STM32WBA52CEU7TR, STM32WBA52CGU6, STM32WBA52CGU6TR, STM32WBA52CGU6U, STM32WBA52CGU7, STM32WBA52CGU7TR, STM32WBA52KEU6, STM32WBA52KEU6TR, STM32WBA52KGU6, STM32WBA52KGU6TR, STM32WBA54CEU6, STM32WBA54CEU6TR, STM32WBA54CEU7, STM32WBA54CEU7TR, STM32WBA54CGU6, STM32WBA54CGU6TR, STM32WBA54CGU7, STM32WBA54CGU7TR, STM32WBA54KEU6, STM32WBA54KEU6TR, STM32WBA54KEU7, STM32WBA54KEU7TR, STM32WBA54KGU6, STM32WBA54KGU6TR, STM32WBA54KGU7, STM32WBA54KGU7TR, STM32WBA55CEU6, STM32WBA55CEU6TR, STM32WBA55CEU7, STM32WBA55CEU7TR, STM32WBA55CGU6, STM32WBA55CGU6TR, STM32WBA55CGU6U, STM32WBA55CGU7, STM32WBA55CGU7TR, STM32WBA55G-DK1, STM32WBA55HEF6, STM32WBA55HEF7, STM32WBA55HGF6, STM32WBA55HGF7, STM32WBA55UEI6, STM32WBA55UEI6TR, STM32WBA55UEI7, STM32WBA55UEI7TR, STM32WBA55UGI6, STM32WBA55UGI6TR, STM32WBA55UGI7, STM32WBA55UGI7TR, STM32WL5MOCH6, STM32WL5MOCH6TR]
2024-06-11 12:54:37,951 [INFO] BoardInfo:889 - No configuration file found for board P-NUCLEO-WB55
2024-06-11 12:54:37,952 [INFO] DbBoards:161 - Kit is not supported: P-NUCLEO-WB55
2024-06-11 12:54:37,957 [INFO] BoardInfo:889 - No configuration file found for board STEVAL-BFA001V1B
2024-06-11 12:54:37,957 [INFO] DbBoards:161 - Kit is not supported: STEVAL-BFA001V1B
2024-06-11 12:54:37,958 [INFO] BoardInfo:889 - No configuration file found for board STEVAL-BFA001V2B
2024-06-11 12:54:37,959 [INFO] DbBoards:161 - Kit is not supported: STEVAL-BFA001V2B
2024-06-11 12:54:38,112 [INFO] DbBoards:168 - Found 199 boards, 196 are supported
2024-06-11 12:54:38,112 [INFO] DbBoards:169 - Found 199 boards, 8 of them is supported for  Bsp
2024-06-11 12:54:38,115 [INFO] ApiDb:668 - CubeFinder database Data Model version=2.1
2024-06-11 12:54:38,115 [INFO] ApiDb:669 - CubeFinder database Configuration version=3.0.39
2024-06-11 12:54:38,115 [INFO] ApiDb:670 - CubeFinder database generation date=2024-04-15 (1713193726)
2024-06-11 12:54:38,115 [INFO] ApiDb:671 - CubeFinder database FW Pack versions=[FP-ATR-ASTRA1_V2.0.0, FP-SNS-FLIGHT1_V5.0.1, FP-SNS-FLIGHT1_V5.0.2, FP-SNS-MOTENV1_V4.3.1, FP-SNS-MOTENV1_V4.3.2, FP-SNS-MOTENVWB1_V1.3.1, FP-SNS-SMARTAG2_V1.2.0, STM32Cube_FW_C0_V1.1.0, STM32Cube_FW_F4_V1.28.0, STM32Cube_FW_F7_V1.17.0, STM32Cube_FW_G0_V1.6.2, STM32Cube_FW_G4_V1.5.2, STM32Cube_FW_H5_V0.5.1, STM32Cube_FW_H5_V1.1.1, STM32Cube_FW_H5_V1.2.0, STM32Cube_FW_H5_V1.2.0RC4, STM32Cube_FW_H7RS_V1.0.0, STM32Cube_FW_H7RS_V1.0.0RC4, STM32Cube_FW_H7_V1.11.0, STM32Cube_FW_L0_V1.12.2, STM32Cube_FW_L5_V1.5.1, STM32Cube_FW_U0_V1.0.0, STM32Cube_FW_U0_V1.0.0RC1, STM32Cube_FW_U5_V1.3.0RC4, STM32Cube_FW_U5_V1.5.0, STM32Cube_FW_U5_V1.5.0RC1, STM32Cube_FW_WBA_V1.0.0RC1, STM32Cube_FW_WBA_V1.2.0, STM32Cube_FW_WBA_V1.2.0RC2, STM32Cube_FW_WBA_V1.3.0, STM32Cube_FW_WBA_V1.3.0RC1, STM32Cube_FW_WB_V1.15.0RC1, STM32Cube_FW_WB_V1.16.0, STM32Cube_FW_WB_V1.16.0RC2, STM32Cube_FW_WB_V1.18.0, STM32Cube_FW_WB_V1.19.0, STM32Cube_FW_WL_V1.3.0, X-CUBE-ALGOBUILD_V1.3.0, X-CUBE-ALS_V1.0.1, X-CUBE-AZRTOS-F4_V1.1.0, X-CUBE-AZRTOS-F7_V1.1.0, X-CUBE-AZRTOS-G0_V1.1.0, X-CUBE-AZRTOS-G4_V2.0.0, X-CUBE-AZRTOS-H7_V3.2.0, X-CUBE-AZRTOS-L4_V1.0.0, X-CUBE-AZRTOS-L4_V2.0.0, X-CUBE-AZRTOS-L5_V1.1.0, X-CUBE-AZRTOS-WB_V2.0.0, X-CUBE-AZRTOS-WL_V2.0.0, X-CUBE-BLE1_V7.0.0, X-CUBE-BLE2_V3.3.0, X-CUBE-BLEMGR_V3.1.0, X-CUBE-EEPRMA1_V4.1.0, X-CUBE-EEPRMA1_V5.1.0, X-CUBE-FREERTOS_V1.1.0, X-CUBE-GNSS1_V6.0.0, X-CUBE-MEMS1_V10.0.0, X-CUBE-MEMS1_V9.1.0, X-CUBE-MEMS1_V9.4.0, X-CUBE-MEMS1_V9.6.0, X-CUBE-NFC4_V3.0.0, X-CUBE-NFC7_V1.0.1, X-CUBE-SFXS2LP1_V4.0.0, X-CUBE-SUBG2_V5.0.0, X-CUBE-TOF1_V3.4.0]
2024-06-11 12:54:39,928 [INFO] ApiDb:240 - Found 483 in-development CPN: [B-G473E-ZEST1S, B-WB1M-WPAN1, B-WL5M-SUBG1, NUCLEO-C031C6, NUCLEO-H503RB, NUCLEO-H533RE, NUCLEO-H563ZI, NUCLEO-H7S3L8, NUCLEO-U031R8, NUCLEO-U083RC, NUCLEO-U545RE-Q, NUCLEO-U5A5ZJ-Q, NUCLEO-WBA52CG, NUCLEO-WBA55CG, STEVAL-PROTEUS1, STEVAL-SMARTAG2, STEVAL-STWINBX1, STM320518-EVAL, STM32C0116-DK, STM32C011D6Y3TR, STM32C011D6Y6TR, STM32C011F4P3, STM32C011F4P6, STM32C011F4U3, STM32C011F4U6TR, STM32C011F6P3, STM32C011F6P6, STM32C011F6U3, STM32C011F6U6TR, STM32C011J4M3, STM32C011J4M6, STM32C011J6M3, STM32C011J6M6, STM32C0316-DK, STM32C031C4T3, STM32C031C4T6, STM32C031C4U3, STM32C031C4U6, STM32C031C6T3, STM32C031C6T6, STM32C031C6U3, STM32C031C6U6, STM32C031F4P3, STM32C031F4P6, STM32C031F6P3, STM32C031F6P6, STM32C031G4U3, STM32C031G4U6, STM32C031G6U3, STM32C031G6U6, STM32C031K4T3, STM32C031K4T6, STM32C031K4U3, STM32C031K4U6, STM32C031K6T3, STM32C031K6T6, STM32C031K6U3, STM32C031K6U6, STM32G071K8TXN, STM32G071K8UXN, STM32G081GBU6N, STM32G081KBT6N, STM32G081KBUXN, STM32G0B1CCT6N, STM32G0B1KCT6, STM32G0B1NEY6TR, STM32G0B1RCT6N, STM32G0C1CCT6, STM32G0C1CCT6N, STM32G0C1CCU6N, STM32G0C1CET6N, STM32G0C1CEU6N, STM32G0C1KCT6, STM32G0C1NEY6TR, STM32G0C1RCI6N, STM32G0C1RCT6N, STM32G0C1REI6N, STM32G0C1RET6N, STM32G0C1VCI6, STM32G0C1VEI6, STM32G471CCT6, STM32G471CCU6, STM32G471CET3, STM32G471CET6, STM32G471CEU3, STM32G471CEU6, STM32G471MCT6, STM32G471MET3, STM32G471MET6, STM32G471MEY6TR, STM32G471QCT6, STM32G471QET3, STM32G471RCT6, STM32G471RET3, STM32G471RET6, STM32G471VCH6, STM32G471VCI6, STM32G471VCT6, STM32G471VEH3, STM32G471VEH6, STM32G471VEI3, STM32G471VEI6, STM32G471VET3, STM32G471VET6, STM32G474CCT6, STM32H503CBT6, STM32H503CBU6, STM32H503EBY6TR, STM32H503KBU6, STM32H503RBT6, STM32H523CCT6, STM32H523CCU6, STM32H523CET6, STM32H523CEU6, STM32H523HEY6TR, STM32H523RCT6, STM32H523RET6, STM32H523VCI6, STM32H523VCT6, STM32H523VEI6, STM32H523VET6, STM32H523ZCJ6, STM32H523ZCT6, STM32H523ZEJ6, STM32H523ZET6, STM32H533CET6, STM32H533CEU6, STM32H533HEY6TR, STM32H533RET6, STM32H533VEI6, STM32H533VET6, STM32H533ZEJ6, STM32H533ZET6, STM32H562AGI6, STM32H562AII6, STM32H562IGK6, STM32H562IGT6, STM32H562IIK6, STM32H562IIT6, STM32H562RGT6, STM32H562RGV6, STM32H562RIT6, STM32H562RIV6, STM32H562VGT6, STM32H562VIT6, STM32H562ZGT6, STM32H562ZIT6, STM32H563AGI6, STM32H563AII3Q, STM32H563AII6, STM32H563IGK6, STM32H563IGT6, STM32H563IIK3Q, STM32H563IIK6, STM32H563IIT3Q, STM32H563IIT6, STM32H563MIY3QTR, STM32H563RGT6, STM32H563RGV6, STM32H563RIT6, STM32H563RIV6, STM32H563VGT6, STM32H563VIT3Q, STM32H563VIT6, STM32H563ZGT6, STM32H563ZIT3Q, STM32H563ZIT6, STM32H573AII3Q, STM32H573AII6, STM32H573I-DK, STM32H573IIK3Q, STM32H573IIK6, STM32H573IIT3Q, STM32H573IIT6, STM32H573MIY3QTR, STM32H573RIT6, STM32H573RIV6, STM32H573VIT3Q, STM32H573VIT6, STM32H573ZIT3Q, STM32H573ZIT6, STM32H7R3A8I6, STM32H7R3I8K6, STM32H7R3I8T6, STM32H7R3L8H6, STM32H7R3L8H6H, STM32H7R3R8V6, STM32H7R3V8H6, STM32H7R3V8T6, STM32H7R3V8Y6, STM32H7R3Z8J6, STM32H7R3Z8T6, STM32H7R7A8I6, STM32H7R7I8K6, STM32H7R7I8T6, STM32H7R7L8H6, STM32H7R7L8H6H, STM32H7R7Z8J6, STM32H7S3A8I6, STM32H7S3I8K6, STM32H7S3I8T6, STM32H7S3L8H6, STM32H7S3L8H6H, STM32H7S3R8V6, STM32H7S3V8H6, STM32H7S3V8T6, STM32H7S3V8Y6, STM32H7S3Z8J6, STM32H7S3Z8T6, STM32H7S78-DK, STM32H7S7A8I6, STM32H7S7I8K6, STM32H7S7I8T6, STM32H7S7L8H6, STM32H7S7L8H6H, STM32H7S7Z8J6, STM32L4R5QGI6STR, STM32MP131AAE3, STM32MP131AAF3, STM32MP131AAG3, STM32MP131CAE3, STM32MP131CAF3, STM32MP131CAG3, STM32MP131DAE7, STM32MP131DAF7, STM32MP131DAG7, STM32MP131FAE7, STM32MP131FAF7, STM32MP131FAG7, STM32MP133AAE3, STM32MP133AAF3, STM32MP133AAG3, STM32MP133CAE3, STM32MP133CAF3, STM32MP133CAG3, STM32MP133DAE7, STM32MP133DAF7, STM32MP133DAG7, STM32MP133FAE7, STM32MP133FAF7, STM32MP133FAG7, STM32MP135AAE3, STM32MP135AAF3, STM32MP135AAG3, STM32MP135CAE3, STM32MP135CAF3, STM32MP135CAG3, STM32MP135DAE7, STM32MP135DAF7, STM32MP135DAG7, STM32MP135F-DK, STM32MP135FAE7, STM32MP135FAF7, STM32MP135FAF7T, STM32MP135FAF7U, STM32MP135FAG7, STM32U031C6T6, STM32U031C6U6, STM32U031C8T6, STM32U031C8U6, STM32U031F4P6, STM32U031F6P6, STM32U031F8P6, STM32U031G6Y6TR, STM32U031G8Y6TR, STM32U031K4U6, STM32U031K6U6, STM32U031K8U6, STM32U031R6I6, STM32U031R6T6, STM32U031R8I6, STM32U031R8T6, STM32U073C8T6, STM32U073C8U6, STM32U073CBT6, STM32U073CBU6, STM32U073CCT6, STM32U073CCU6, STM32U073H8Y6TR, STM32U073HBY6TR, STM32U073HCY6TR, STM32U073K8U6, STM32U073KBU6, STM32U073KCU6, STM32U073M8I6, STM32U073M8T6, STM32U073MBI6, STM32U073MBT6, STM32U073MCI6, STM32U073MCT6, STM32U073R8I6, STM32U073R8T6, STM32U073RBI6, STM32U073RBT6, STM32U073RCI6, STM32U073RCT6, STM32U083C-DK, STM32U083CCT6, STM32U083CCU6, STM32U083HCY6TR, STM32U083KCU6, STM32U083MCI6, STM32U083MCT6, STM32U083RCI6, STM32U083RCT6, STM32U535CBT6, STM32U535CBT6Q, STM32U535CBU6, STM32U535CBU6Q, STM32U535CCT6, STM32U535CCT6Q, STM32U535CCU6, STM32U535CCU6Q, STM32U535CET6, STM32U535CET6Q, STM32U535CEU6, STM32U535CEU6Q, STM32U535JEY6QTR, STM32U535NCY6QTR, STM32U535NEY6QTR, STM32U535RBI6, STM32U535RBI6Q, STM32U535RBT6, STM32U535RBT6Q, STM32U535RCI6, STM32U535RCI6Q, STM32U535RCT6, STM32U535RCT6Q, STM32U535REI6, STM32U535REI6Q, STM32U535RET6, STM32U535RET6Q, STM32U535VCI6, STM32U535VCI6Q, STM32U535VCT6, STM32U535VCT6Q, STM32U535VEI6, STM32U535VEI6Q, STM32U535VET6, STM32U535VET6Q, STM32U545CET6, STM32U545CET6Q, STM32U545CEU6, STM32U545CEU6Q, STM32U545JEY6QTR, STM32U545NEY6QTR, STM32U545REI6, STM32U545REI6Q, STM32U545RET6, STM32U545RET6Q, STM32U545VEI6, STM32U545VEI6Q, STM32U545VET6, STM32U545VET6Q, STM32U595AIH6, STM32U595AIH6Q, STM32U595AJH6, STM32U595AJH6Q, STM32U595QII6, STM32U595QII6Q, STM32U595QJI6, STM32U595QJI6Q, STM32U595RIT6, STM32U595RIT6Q, STM32U595RJT6, STM32U595RJT6Q, STM32U595VIT6, STM32U595VIT6Q, STM32U595VJT6, STM32U595VJT6Q, STM32U595ZIT6, STM32U595ZIT6Q, STM32U595ZIY6QTR, STM32U595ZJT6, STM32U595ZJT6Q, STM32U595ZJY6QTR, STM32U599BJY6QTR, STM32U599NIH6Q, STM32U599NJH6Q, STM32U599VIT6Q, STM32U599VJT6, STM32U599VJT6Q, STM32U599ZIT6Q, STM32U599ZIY6QTR, STM32U599ZJT6Q, STM32U599ZJY6QTR, STM32U5A5AJH6, STM32U5A5AJH6Q, STM32U5A5QII3Q , STM32U5A5QJI6, STM32U5A5QJI6Q, STM32U5A5RJT6, STM32U5A5RJT6Q, STM32U5A5VJT6, STM32U5A5VJT6Q, STM32U5A5ZJT6, STM32U5A5ZJT6Q, STM32U5A5ZJY6QTR, STM32U5A9BJY6QTR, STM32U5A9J-DK, STM32U5A9NJH6Q, STM32U5A9VJT6Q, STM32U5A9ZJT6Q, STM32U5A9ZJY6QTR, STM32U5F7VIT6, STM32U5F7VIT6Q, STM32U5F7VJT6, STM32U5F7VJT6Q, STM32U5F9BJY6QTR, STM32U5F9NJH6Q, STM32U5F9VIT6Q, STM32U5F9VJT6Q, STM32U5F9ZIJ6QTR, STM32U5F9ZIT6Q, STM32U5F9ZJJ6QTR, STM32U5F9ZJT6Q, STM32U5G7VJT6, STM32U5G7VJT6Q, STM32U5G9BJY6QTR, STM32U5G9J-DK1, STM32U5G9J-DK2, STM32U5G9NJH6Q, STM32U5G9VJT6Q, STM32U5G9ZJJ6QTR, STM32U5G9ZJT6Q, STM32WB1MMCH6, STM32WBA50KEU6, STM32WBA50KEU6TR, STM32WBA50KGU6, STM32WBA50KGU6TR, STM32WBA52CEU6, STM32WBA52CEU6TR, STM32WBA52CEU7, STM32WBA52CEU7TR, STM32WBA52CGU6, STM32WBA52CGU6TR, STM32WBA52CGU6U, STM32WBA52CGU7, STM32WBA52CGU7TR, STM32WBA52KEU6, STM32WBA52KEU6TR, STM32WBA52KGU6, STM32WBA52KGU6TR, STM32WBA54CEU6, STM32WBA54CEU6TR, STM32WBA54CEU7, STM32WBA54CEU7TR, STM32WBA54CGU6, STM32WBA54CGU6TR, STM32WBA54CGU7, STM32WBA54CGU7TR, STM32WBA54KEU6, STM32WBA54KEU6TR, STM32WBA54KEU7, STM32WBA54KEU7TR, STM32WBA54KGU6, STM32WBA54KGU6TR, STM32WBA54KGU7, STM32WBA54KGU7TR, STM32WBA55CEU6, STM32WBA55CEU6TR, STM32WBA55CEU7, STM32WBA55CEU7TR, STM32WBA55CGU6, STM32WBA55CGU6TR, STM32WBA55CGU6U, STM32WBA55CGU7, STM32WBA55CGU7TR, STM32WBA55G-DK1, STM32WBA55HEF6, STM32WBA55HEF7, STM32WBA55HGF6, STM32WBA55HGF7, STM32WBA55UEI6, STM32WBA55UEI6TR, STM32WBA55UEI7, STM32WBA55UEI7TR, STM32WBA55UGI6, STM32WBA55UGI6TR, STM32WBA55UGI7, STM32WBA55UGI7TR, STM32WL5MOCH6, STM32WL5MOCH6TR]
2024-06-11 12:54:39,936 [INFO] DbMcus:218 - Found 4096 MCUs, 4096 are supported
2024-06-11 12:54:39,937 [INFO] ApiDb:423 - Load user favorites file C:\Users\Momen El Sayed/.stm32cubeide/favorites.mcus.txt: 0 item(s)
2024-06-11 12:54:39,937 [INFO] ApiDb:427 - User favorites MCUs=[]
2024-06-11 12:54:39,938 [INFO] DbMcus:224 - Set 0 / 0 favorites MCUs
2024-06-11 12:54:40,357 [INFO] ApiDb:414 - User favorites file not found: C:\Users\Momen El Sayed/.stm32cubeide/favorites.boards.txt
2024-06-11 12:54:40,357 [INFO] DbBoards:198 - Set 0 / 0 favorites Boards
2024-06-11 12:54:40,525 [INFO] UtilMem:75 - End LoadConfig() Used Memory: 199656008 Bytes (363855872)
2024-06-11 12:54:40,737 [WARN] ThirdParty:833 - waiting for thirdparty lock release [change project]
2024-06-11 12:54:40,737 [INFO] ThirdParty:835 - entering critical section [change project]
2024-06-11 12:54:40,738 [INFO] ThirdParty:1030 - CMSIS Pack Vendor :STMicroelectronics USBPD 4.1
2024-06-11 12:54:40,738 [INFO] ThirdParty:1030 - CMSIS Pack Vendor :STMicroelectronics X-CUBE-GNSS1 6.0.0
2024-06-11 12:54:40,738 [INFO] ThirdParty:1030 - CMSIS Pack Vendor :STMicroelectronics USB_HOST 2.0.0
2024-06-11 12:54:40,738 [INFO] ThirdParty:1030 - CMSIS Pack Vendor :STMicroelectronics FP-SNS-MOTENVWB1 1.4.0
2024-06-11 12:54:40,738 [INFO] ThirdParty:1030 - CMSIS Pack Vendor :STMicroelectronics X-CUBE-AZRTOS-F4 1.1.0
2024-06-11 12:54:40,738 [INFO] ThirdParty:1030 - CMSIS Pack Vendor :STMicroelectronics LIBJPEG 8.0.0
2024-06-11 12:54:40,738 [INFO] ThirdParty:1030 - CMSIS Pack Vendor :STMicroelectronics X-CUBE-SMBUS 2.1.0
2024-06-11 12:54:40,738 [INFO] ThirdParty:1030 - CMSIS Pack Vendor :STMicroelectronics USB_DEVICE 3.0.0
2024-06-11 12:54:40,738 [INFO] ThirdParty:1030 - CMSIS Pack Vendor :STMicroelectronics X-CUBE-TCPP 4.1.0
2024-06-11 12:54:40,738 [INFO] ThirdParty:1030 - CMSIS Pack Vendor :STMicroelectronics X-CUBE-FREERTOS 1.2.0
2024-06-11 12:54:40,738 [INFO] ThirdParty:1030 - CMSIS Pack Vendor :STMicroelectronics X-CUBE-AZRTOS-WB 2.0.0
2024-06-11 12:54:40,738 [INFO] ThirdParty:1030 - CMSIS Pack Vendor :STMicroelectronics X-CUBE-TOUCHGFX 4.23.2
2024-06-11 12:54:40,738 [INFO] ThirdParty:1030 - CMSIS Pack Vendor :STMicroelectronics X-CUBE-AZRTOS-F7 1.1.0
2024-06-11 12:54:40,739 [INFO] ThirdParty:1030 - CMSIS Pack Vendor :STMicroelectronics X-CUBE-AZRTOS-L5 2.0.0
2024-06-11 12:54:40,739 [INFO] ThirdParty:1030 - CMSIS Pack Vendor :STMicroelectronics USB_DEVICE 2.0.0
2024-06-11 12:54:40,739 [INFO] ThirdParty:1030 - CMSIS Pack Vendor :STMicroelectronics X-CUBE-NFC6 3.1.0
2024-06-11 12:54:40,739 [INFO] ThirdParty:1030 - CMSIS Pack Vendor :STMicroelectronics FreeRTOS 0.0.1
2024-06-11 12:54:40,739 [INFO] ThirdParty:1030 - CMSIS Pack Vendor :STMicroelectronics X-CUBE-AZRTOS-G0 1.1.0
2024-06-11 12:54:40,739 [INFO] ThirdParty:1030 - CMSIS Pack Vendor :STMicroelectronics X-CUBE-SAFEA1 1.2.2
2024-06-11 12:54:40,739 [INFO] ThirdParty:1030 - CMSIS Pack Vendor :STMicroelectronics X-CUBE-NFC4 3.0.0
2024-06-11 12:54:40,739 [INFO] ThirdParty:1030 - CMSIS Pack Vendor :STMicroelectronics X-CUBE-SUBG2 5.0.0
2024-06-11 12:54:40,739 [INFO] ThirdParty:1030 - CMSIS Pack Vendor :STMicroelectronics STM32_WPAN 1.0.0
2024-06-11 12:54:40,739 [INFO] ThirdParty:1030 - CMSIS Pack Vendor :STMicroelectronics lwIP 2.0.3
2024-06-11 12:54:40,739 [INFO] ThirdParty:1030 - CMSIS Pack Vendor :STMicroelectronics FP-SNS-FLIGHT1 5.0.2
2024-06-11 12:54:40,739 [INFO] ThirdParty:1030 - CMSIS Pack Vendor :Cesanta I-CUBE-Mongoose 7.13.0
2024-06-11 12:54:40,739 [INFO] ThirdParty:1030 - CMSIS Pack Vendor :STMicroelectronics USB_HOST 1.0.0
2024-06-11 12:54:40,739 [INFO] ThirdParty:1030 - CMSIS Pack Vendor :STMicroelectronics X-CUBE-AI 9.0.0
2024-06-11 12:54:40,739 [INFO] ThirdParty:1030 - CMSIS Pack Vendor :STMicroelectronics X-CUBE-AZRTOS-G4 2.0.0
2024-06-11 12:54:40,740 [INFO] ThirdParty:1030 - CMSIS Pack Vendor :STMicroelectronics PDM2PCM 3.1.0
2024-06-11 12:54:40,740 [INFO] ThirdParty:1030 - CMSIS Pack Vendor :STMicroelectronics PDM2PCM 3.3.0
2024-06-11 12:54:40,740 [INFO] ThirdParty:1030 - CMSIS Pack Vendor :STMicroelectronics X-CUBE-DISPLAY 3.0.0
2024-06-11 12:54:40,740 [INFO] ThirdParty:1030 - CMSIS Pack Vendor :wolfSSL I-CUBE-wolfSSL 5.7.0
2024-06-11 12:54:40,740 [INFO] ThirdParty:1030 - CMSIS Pack Vendor :STMicroelectronics X-CUBE-BLE1 7.0.0
2024-06-11 12:54:40,740 [INFO] ThirdParty:1030 - CMSIS Pack Vendor :STMicroelectronics FP-ATR-SIGFOX1 3.2.0
2024-06-11 12:54:40,740 [INFO] ThirdParty:1030 - CMSIS Pack Vendor :STMicroelectronics X-CUBE-ISPU 2.0.0
2024-06-11 12:54:40,740 [INFO] ThirdParty:1030 - CMSIS Pack Vendor :STMicroelectronics X-CUBE-EEPRMA1 5.1.0
2024-06-11 12:54:40,740 [INFO] ThirdParty:1030 - CMSIS Pack Vendor :STMicroelectronics HAL Drivers 0.0.0
2024-06-11 12:54:40,740 [INFO] ThirdParty:1030 - CMSIS Pack Vendor :STMicroelectronics MBEDTLS 2.16.2
2024-06-11 12:54:40,740 [INFO] ThirdParty:1030 - CMSIS Pack Vendor :STMicroelectronics X-CUBE-ALS 1.0.2
2024-06-11 12:54:40,740 [INFO] ThirdParty:1030 - CMSIS Pack Vendor :emotas I-CUBE-CANOPEN 1.3.0
2024-06-11 12:54:40,741 [INFO] ThirdParty:1030 - CMSIS Pack Vendor :STMicroelectronics X-CUBE-MEMS1 10.0.0
2024-06-11 12:54:40,741 [INFO] ThirdParty:1030 - CMSIS Pack Vendor :STMicroelectronics X-CUBE-NFC7 1.0.1
2024-06-11 12:54:40,741 [INFO] ThirdParty:1030 - CMSIS Pack Vendor :STMicroelectronics MBEDTLS 2.14.1
2024-06-11 12:54:40,741 [INFO] ThirdParty:1030 - CMSIS Pack Vendor :ITTIA_DB I-CUBE-ITTIADB 8.9.0
2024-06-11 12:54:40,741 [INFO] ThirdParty:1030 - CMSIS Pack Vendor :portGmbH I-Cube-SoM-uGOAL 1.1.0
2024-06-11 12:54:40,741 [INFO] ThirdParty:1030 - CMSIS Pack Vendor :STMicroelectronics X-CUBE-ALS 1.0.1
2024-06-11 12:54:40,741 [INFO] ThirdParty:1030 - CMSIS Pack Vendor :STMicroelectronics X-CUBE-BLEMGR 3.1.0
2024-06-11 12:54:40,741 [INFO] ThirdParty:1030 - CMSIS Pack Vendor :STMicroelectronics ThreadX 1.0.0
2024-06-11 12:54:40,741 [INFO] ThirdParty:1030 - CMSIS Pack Vendor :STMicroelectronics FP-SNS-SMARTAG2 1.2.0
2024-06-11 12:54:40,741 [INFO] ThirdParty:1030 - CMSIS Pack Vendor :STMicroelectronics X-CUBE-AZRTOS-WL 2.0.0
2024-06-11 12:54:40,742 [INFO] ThirdParty:1030 - CMSIS Pack Vendor :SEGGER I-CUBE-embOS 1.3.1
2024-06-11 12:54:40,742 [INFO] ThirdParty:1030 - CMSIS Pack Vendor :STMicroelectronics X-CUBE-ALGOBUILD 1.4.0
2024-06-11 12:54:40,742 [INFO] ThirdParty:1030 - CMSIS Pack Vendor :STMicroelectronics FP-SNS-MOTENV1 5.0.0
2024-06-11 12:54:40,742 [INFO] ThirdParty:1030 - CMSIS Pack Vendor :STMicroelectronics USB_DEVICE 1.0.0
2024-06-11 12:54:40,835 [INFO] ThirdParty:1030 - CMSIS Pack Vendor :STMicroelectronics X-CUBE-AZRTOS-H7RS 1.0.0
2024-06-11 12:54:40,835 [INFO] ThirdParty:1030 - CMSIS Pack Vendor :wolfSSL I-CUBE-wolfMQTT 1.19.0
2024-06-11 12:54:40,835 [INFO] ThirdParty:1030 - CMSIS Pack Vendor :STMicroelectronics X-CUBE-AZRTOS-L4 2.0.0
2024-06-11 12:54:40,835 [INFO] ThirdParty:1030 - CMSIS Pack Vendor :STMicroelectronics ThreadX 0.0.2
2024-06-11 12:54:40,836 [INFO] ThirdParty:1030 - CMSIS Pack Vendor :WES I-CUBE-Cesium 1.3.0
2024-06-11 12:54:40,836 [INFO] ThirdParty:1030 - CMSIS Pack Vendor :STMicroelectronics FP-ATR-ASTRA1 2.0.0
2024-06-11 12:54:40,836 [INFO] ThirdParty:1030 - CMSIS Pack Vendor :STMicroelectronics lwIP 2.1.2
2024-06-11 12:54:40,836 [INFO] ThirdParty:1030 - CMSIS Pack Vendor :STMicroelectronics X-CUBE-SFXS2LP1 4.0.0
2024-06-11 12:54:40,836 [INFO] ThirdParty:1030 - CMSIS Pack Vendor :STMicroelectronics X-CUBE-BLE2 3.3.0
2024-06-11 12:54:40,836 [INFO] ThirdParty:1030 - CMSIS Pack Vendor :STMicroelectronics X-CUBE-TOF1 3.4.1
2024-06-11 12:54:40,836 [INFO] ThirdParty:1030 - CMSIS Pack Vendor :STMicroelectronics X-CUBE-AZRTOS-H7 3.2.0
2024-06-11 12:54:40,836 [INFO] ThirdParty:1030 - CMSIS Pack Vendor :Infineon AIROC-Wi-Fi-Bluetooth-STM32 1.6.0
2024-06-11 12:54:40,836 [INFO] ThirdParty:1030 - CMSIS Pack Vendor :STMicroelectronics PDM2PCM 3.2.0
2024-06-11 12:54:40,836 [INFO] ThirdParty:841 - exiting critical section [change project]
2024-06-11 12:54:41,252 [INFO] PinOutPanel:1561 - setPackage(No Configuration,No Configuration)
2024-06-11 12:54:41,253 [INFO] PinOutPanel:1561 - setPackage(STM32F401RCTx,LQFP64)
2024-06-11 12:54:41,777 [INFO] UtilMem:75 - Before build in PCC Used Memory: 211771904 Bytes (363855872)
2024-06-11 12:54:42,942 [INFO] UtilMem:75 - After build in PCC Used Memory: 273111552 Bytes (363855872)
2024-06-11 12:54:43,189 [INFO] ApiDbMcu:508 - Load IP Config File for FREERTOS
2024-06-11 12:54:43,221 [INFO] IPUIPlugin:80 - create IPUIPlugin
2024-06-11 12:54:43,221 [INFO] IPUIPlugin:80 - create IPUIPlugin
2024-06-11 12:54:43,221 [INFO] IPUIPlugin:80 - create IPUIPlugin
2024-06-11 12:54:43,221 [INFO] IPUIPlugin:80 - create IPUIPlugin
2024-06-11 12:54:43,221 [INFO] IPUIPlugin:80 - create IPUIPlugin
2024-06-11 12:54:43,221 [INFO] IPUIPlugin:80 - create IPUIPlugin
2024-06-11 12:54:43,221 [INFO] IPUIPlugin:80 - create IPUIPlugin
2024-06-11 12:54:43,222 [INFO] IPUIPlugin:80 - create IPUIPlugin
2024-06-11 12:54:43,222 [INFO] IPUIPlugin:80 - create IPUIPlugin
2024-06-11 12:54:43,222 [INFO] IPUIPlugin:80 - create IPUIPlugin
2024-06-11 12:54:43,222 [INFO] IPUIPlugin:80 - create IPUIPlugin
2024-06-11 12:54:43,222 [INFO] IPUIPlugin:80 - create IPUIPlugin
2024-06-11 12:54:43,222 [INFO] IPUIPlugin:80 - create IPUIPlugin
2024-06-11 12:54:43,222 [INFO] IPUIPlugin:80 - create IPUIPlugin
2024-06-11 12:54:43,222 [INFO] IPUIPlugin:80 - create IPUIPlugin
2024-06-11 12:54:43,222 [INFO] IPUIPlugin:80 - create IPUIPlugin
2024-06-11 12:54:43,223 [INFO] IPUIPlugin:80 - create IPUIPlugin
2024-06-11 12:54:43,223 [INFO] IPUIPlugin:80 - create IPUIPlugin
2024-06-11 12:54:43,223 [INFO] IPUIPlugin:80 - create IPUIPlugin
2024-06-11 12:54:43,223 [INFO] IPUIPlugin:80 - create IPUIPlugin
2024-06-11 12:54:43,223 [INFO] IPUIPlugin:80 - create IPUIPlugin
2024-06-11 12:54:43,223 [INFO] IPUIPlugin:80 - create IPUIPlugin
2024-06-11 12:54:43,224 [INFO] IPUIPlugin:80 - create IPUIPlugin
2024-06-11 12:54:43,224 [INFO] IPUIPlugin:80 - create IPUIPlugin
2024-06-11 12:54:43,224 [INFO] IPUIPlugin:80 - create IPUIPlugin
2024-06-11 12:54:43,224 [INFO] IPUIPlugin:80 - create IPUIPlugin
2024-06-11 12:54:43,224 [INFO] IPUIPlugin:80 - create IPUIPlugin
2024-06-11 12:54:43,224 [INFO] IPUIPlugin:80 - create IPUIPlugin
2024-06-11 12:54:43,225 [INFO] IPUIPlugin:80 - create IPUIPlugin
2024-06-11 12:54:43,225 [INFO] IPUIPlugin:80 - create IPUIPlugin
2024-06-11 12:54:43,225 [INFO] IPUIPlugin:80 - create IPUIPlugin
2024-06-11 12:54:43,225 [INFO] IPUIPlugin:80 - create IPUIPlugin
2024-06-11 12:54:43,226 [INFO] IPUIPlugin:80 - create IPUIPlugin
2024-06-11 12:54:43,226 [INFO] IPUIPlugin:80 - create IPUIPlugin
2024-06-11 12:54:43,226 [INFO] IPUIPlugin:80 - create IPUIPlugin
2024-06-11 12:54:43,226 [INFO] IPUIPlugin:80 - create IPUIPlugin
2024-06-11 12:54:43,227 [INFO] IPUIPlugin:80 - create IPUIPlugin
2024-06-11 12:54:43,227 [INFO] IPUIPlugin:80 - create IPUIPlugin
2024-06-11 12:54:43,267 [INFO] ApiDbMcu:508 - Load IP Config File for PDM2PCM
2024-06-11 12:54:43,332 [WARN] FreeRTOS:1023 - Null or empty value: should not occur! (nothing added to the table)
2024-06-11 12:54:43,642 [INFO] CADModel:165 - CPN selected for project levelSTM32F401RCT6
2024-06-11 12:54:43,642 [INFO] CADModel:114 - Register for checkConnection events
2024-06-11 12:54:43,644 [INFO] RtosManager:697 - Active RTOS found at IOC load: FREERTOS [Cortex-M4NS]
2024-06-11 12:54:43,701 [INFO] OpenFileManager:343 - Restore cursor
2024-06-11 14:50:02,686 [ERROR] ConfigurationRetriever:142 - IOException on connection: Read timed out
2024-06-11 16:37:43,693 [ERROR] LogOutputStream:75 - [STDERR_REDIRECT] 
